<?xml version="1.0" encoding="UTF-8" ?>
<testsuite tests="96" failures="0" name="org.bukkit.craftbukkit.inventory.ItemMetaImplementationOverrideTest" time="0.037" errors="0" skipped="0">
  <properties>
[...]
</properties>
  <testcase classname="org.bukkit.craftbukkit.inventory.ItemMetaImplementationOverrideTest" name="testClass[[0]:CraftMetaSkull contains clone]" time="0"/>
  <testcase classname="org.bukkit.craftbukkit.inventory.ItemMetaImplementationOverrideTest" name="testClass[[1]:CraftMetaSkull contains clone]" time="0"/>
  <testcase classname="org.bukkit.craftbukkit.inventory.ItemMetaImplementationOverrideTest" name="testClass[[2]:CraftMetaSkull contains clone]" time="0"/>
  <testcase classname="org.bukkit.craftbukkit.inventory.ItemMetaImplementationOverrideTest" name="testClass[[3]:CraftMetaSkull contains clone]" time="0"/>
  <testcase classname="org.bukkit.craftbukkit.inventory.ItemMetaImplementationOverrideTest" name="testClass[[4]:CraftMetaSkull contains isEmpty]" time="0"/>
  <testcase classname="org.bukkit.craftbukkit.inventory.ItemMetaImplementationOverrideTest" name="testClass[[5]:CraftMetaSkull contains serialize]" time="0"/>
  <testcase classname="org.bukkit.craftbukkit.inventory.ItemMetaImplementationOverrideTest" name="testClass[[6]:CraftMetaSkull contains applyToItem]" time="0"/>
  <testcase classname="org.bukkit.craftbukkit.inventory.ItemMetaImplementationOverrideTest" name="testClass[[7]:CraftMetaSkull contains applicableTo]" time="0"/>
  <testcase classname="org.bukkit.craftbukkit.inventory.ItemMetaImplementationOverrideTest" name="testClass[[8]:CraftMetaSkull contains notUncommon]" time="0"/>
  <testcase classname="org.bukkit.craftbukkit.inventory.ItemMetaImplementationOverrideTest" name="testClass[[9]:CraftMetaSkull contains equalsCommon]" time="0"/>
  <testcase classname="org.bukkit.craftbukkit.inventory.ItemMetaImplementationOverrideTest" name="testClass[[10]:CraftMetaSkull contains applyHash]" time="0"/>
  <testcase classname="org.bukkit.craftbukkit.inventory.ItemMetaImplementationOverrideTest" name="testClass[[11]:CraftMetaSkull contains annotation interface org.bukkit.configuration.serialization.DelegateDeserialization]" time="0"/>
  <testcase classname="org.bukkit.craftbukkit.inventory.ItemMetaImplementationOverrideTest" name="testClass[[12]:CraftMetaFirework contains clone]" time="0.001"/>
  <testcase classname="org.bukkit.craftbukkit.inventory.ItemMetaImplementationOverrideTest" name="testClass[[13]:CraftMetaFirework contains clone]" time="0"/>
  <testcase classname="org.bukkit.craftbukkit.inventory.ItemMetaImplementationOverrideTest" name="testClass[[14]:CraftMetaFirework contains clone]" time="0"/>
  <testcase classname="org.bukkit.craftbukkit.inventory.ItemMetaImplementationOverrideTest" name="testClass[[15]:CraftMetaFirework contains clone]" time="0"/>
  <testcase classname="org.bukkit.craftbukkit.inventory.ItemMetaImplementationOverrideTest" name="testClass[[16]:CraftMetaFirework contains isEmpty]" time="0"/>
  <testcase classname="org.bukkit.craftbukkit.inventory.ItemMetaImplementationOverrideTest" name="testClass[[17]:CraftMetaFirework contains serialize]" time="0"/>
  <testcase classname="org.bukkit.craftbukkit.inventory.ItemMetaImplementationOverrideTest" name="testClass[[18]:CraftMetaFirework contains applyToItem]" time="0"/>
  <testcase classname="org.bukkit.craftbukkit.inventory.ItemMetaImplementationOverrideTest" name="testClass[[19]:CraftMetaFirework contains applicableTo]" time="0"/>
  <testcase classname="org.bukkit.craftbukkit.inventory.ItemMetaImplementationOverrideTest" name="testClass[[20]:CraftMetaFirework contains notUncommon]" time="0"/>
  <testcase classname="org.bukkit.craftbukkit.inventory.ItemMetaImplementationOverrideTest" name="testClass[[21]:CraftMetaFirework contains equalsCommon]" time="0"/>
  <testcase classname="org.bukkit.craftbukkit.inventory.ItemMetaImplementationOverrideTest" name="testClass[[22]:CraftMetaFirework contains applyHash]" time="0"/>
  <testcase classname="org.bukkit.craftbukkit.inventory.ItemMetaImplementationOverrideTest" name="testClass[[23]:CraftMetaFirework contains annotation interface org.bukkit.configuration.serialization.DelegateDeserialization]" time="0.001"/>
  <testcase classname="org.bukkit.craftbukkit.inventory.ItemMetaImplementationOverrideTest" name="testClass[[24]:CraftMetaMap contains clone]" time="0"/>
  <testcase classname="org.bukkit.craftbukkit.inventory.ItemMetaImplementationOverrideTest" name="testClass[[25]:CraftMetaMap contains clone]" time="0"/>
  <testcase classname="org.bukkit.craftbukkit.inventory.ItemMetaImplementationOverrideTest" name="testClass[[26]:CraftMetaMap contains clone]" time="0"/>
  <testcase classname="org.bukkit.craftbukkit.inventory.ItemMetaImplementationOverrideTest" name="testClass[[27]:CraftMetaMap contains clone]" time="0"/>
  <testcase classname="org.bukkit.craftbukkit.inventory.ItemMetaImplementationOverrideTest" name="testClass[[28]:CraftMetaMap contains isEmpty]" time="0"/>
  <testcase classname="org.bukkit.craftbukkit.inventory.ItemMetaImplementationOverrideTest" name="testClass[[29]:CraftMetaMap contains serialize]" time="0"/>
  <testcase classname="org.bukkit.craftbukkit.inventory.ItemMetaImplementationOverrideTest" name="testClass[[30]:CraftMetaMap contains applyToItem]" time="0"/>
  <testcase classname="org.bukkit.craftbukkit.inventory.ItemMetaImplementationOverrideTest" name="testClass[[31]:CraftMetaMap contains applicableTo]" time="0"/>
  <testcase classname="org.bukkit.craftbukkit.inventory.ItemMetaImplementationOverrideTest" name="testClass[[32]:CraftMetaMap contains notUncommon]" time="0"/>
  <testcase classname="org.bukkit.craftbukkit.inventory.ItemMetaImplementationOverrideTest" name="testClass[[33]:CraftMetaMap contains equalsCommon]" time="0"/>
  <testcase classname="org.bukkit.craftbukkit.inventory.ItemMetaImplementationOverrideTest" name="testClass[[34]:CraftMetaMap contains applyHash]" time="0"/>
  <testcase classname="org.bukkit.craftbukkit.inventory.ItemMetaImplementationOverrideTest" name="testClass[[35]:CraftMetaMap contains annotation interface org.bukkit.configuration.serialization.DelegateDeserialization]" time="0.003"/>
  <testcase classname="org.bukkit.craftbukkit.inventory.ItemMetaImplementationOverrideTest" name="testClass[[36]:CraftMetaPotion contains clone]" time="0"/>
  <testcase classname="org.bukkit.craftbukkit.inventory.ItemMetaImplementationOverrideTest" name="testClass[[37]:CraftMetaPotion contains clone]" time="0"/>
  <testcase classname="org.bukkit.craftbukkit.inventory.ItemMetaImplementationOverrideTest" name="testClass[[38]:CraftMetaPotion contains clone]" time="0"/>
  <testcase classname="org.bukkit.craftbukkit.inventory.ItemMetaImplementationOverrideTest" name="testClass[[39]:CraftMetaPotion contains clone]" time="0"/>
  <testcase classname="org.bukkit.craftbukkit.inventory.ItemMetaImplementationOverrideTest" name="testClass[[40]:CraftMetaPotion contains isEmpty]" time="0"/>
  <testcase classname="org.bukkit.craftbukkit.inventory.ItemMetaImplementationOverrideTest" name="testClass[[41]:CraftMetaPotion contains serialize]" time="0"/>
  <testcase classname="org.bukkit.craftbukkit.inventory.ItemMetaImplementationOverrideTest" name="testClass[[42]:CraftMetaPotion contains applyToItem]" time="0"/>
  <testcase classname="org.bukkit.craftbukkit.inventory.ItemMetaImplementationOverrideTest" name="testClass[[43]:CraftMetaPotion contains applicableTo]" time="0"/>
  <testcase classname="org.bukkit.craftbukkit.inventory.ItemMetaImplementationOverrideTest" name="testClass[[44]:CraftMetaPotion contains notUncommon]" time="0"/>
  <testcase classname="org.bukkit.craftbukkit.inventory.ItemMetaImplementationOverrideTest" name="testClass[[45]:CraftMetaPotion contains equalsCommon]" time="0"/>
  <testcase classname="org.bukkit.craftbukkit.inventory.ItemMetaImplementationOverrideTest" name="testClass[[46]:CraftMetaPotion contains applyHash]" time="0"/>
  <testcase classname="org.bukkit.craftbukkit.inventory.ItemMetaImplementationOverrideTest" name="testClass[[47]:CraftMetaPotion contains annotation interface org.bukkit.configuration.serialization.DelegateDeserialization]" time="0"/>
  <testcase classname="org.bukkit.craftbukkit.inventory.ItemMetaImplementationOverrideTest" name="testClass[[48]:CraftMetaLeatherArmor contains clone]" time="0"/>
  <testcase classname="org.bukkit.craftbukkit.inventory.ItemMetaImplementationOverrideTest" name="testClass[[49]:CraftMetaLeatherArmor contains clone]" time="0"/>
  <testcase classname="org.bukkit.craftbukkit.inventory.ItemMetaImplementationOverrideTest" name="testClass[[50]:CraftMetaLeatherArmor contains clone]" time="0"/>
  <testcase classname="org.bukkit.craftbukkit.inventory.ItemMetaImplementationOverrideTest" name="testClass[[51]:CraftMetaLeatherArmor contains clone]" time="0"/>
  <testcase classname="org.bukkit.craftbukkit.inventory.ItemMetaImplementationOverrideTest" name="testClass[[52]:CraftMetaLeatherArmor contains isEmpty]" time="0"/>
  <testcase classname="org.bukkit.craftbukkit.inventory.ItemMetaImplementationOverrideTest" name="testClass[[53]:CraftMetaLeatherArmor contains serialize]" time="0"/>
  <testcase classname="org.bukkit.craftbukkit.inventory.ItemMetaImplementationOverrideTest" name="testClass[[54]:CraftMetaLeatherArmor contains applyToItem]" time="0"/>
  <testcase classname="org.bukkit.craftbukkit.inventory.ItemMetaImplementationOverrideTest" name="testClass[[55]:CraftMetaLeatherArmor contains applicableTo]" time="0"/>
  <testcase classname="org.bukkit.craftbukkit.inventory.ItemMetaImplementationOverrideTest" name="testClass[[56]:CraftMetaLeatherArmor contains notUncommon]" time="0"/>
  <testcase classname="org.bukkit.craftbukkit.inventory.ItemMetaImplementationOverrideTest" name="testClass[[57]:CraftMetaLeatherArmor contains equalsCommon]" time="0"/>
  <testcase classname="org.bukkit.craftbukkit.inventory.ItemMetaImplementationOverrideTest" name="testClass[[58]:CraftMetaLeatherArmor contains applyHash]" time="0"/>
  <testcase classname="org.bukkit.craftbukkit.inventory.ItemMetaImplementationOverrideTest" name="testClass[[59]:CraftMetaLeatherArmor contains annotation interface org.bukkit.configuration.serialization.DelegateDeserialization]" time="0.001"/>
  <testcase classname="org.bukkit.craftbukkit.inventory.ItemMetaImplementationOverrideTest" name="testClass[[60]:CraftMetaEnchantedBook contains clone]" time="0"/>
  <testcase classname="org.bukkit.craftbukkit.inventory.ItemMetaImplementationOverrideTest" name="testClass[[61]:CraftMetaEnchantedBook contains clone]" time="0"/>
  <testcase classname="org.bukkit.craftbukkit.inventory.ItemMetaImplementationOverrideTest" name="testClass[[62]:CraftMetaEnchantedBook contains clone]" time="0"/>
  <testcase classname="org.bukkit.craftbukkit.inventory.ItemMetaImplementationOverrideTest" name="testClass[[63]:CraftMetaEnchantedBook contains clone]" time="0"/>
  <testcase classname="org.bukkit.craftbukkit.inventory.ItemMetaImplementationOverrideTest" name="testClass[[64]:CraftMetaEnchantedBook contains isEmpty]" time="0"/>
  <testcase classname="org.bukkit.craftbukkit.inventory.ItemMetaImplementationOverrideTest" name="testClass[[65]:CraftMetaEnchantedBook contains serialize]" time="0"/>
  <testcase classname="org.bukkit.craftbukkit.inventory.ItemMetaImplementationOverrideTest" name="testClass[[66]:CraftMetaEnchantedBook contains applyToItem]" time="0"/>
  <testcase classname="org.bukkit.craftbukkit.inventory.ItemMetaImplementationOverrideTest" name="testClass[[67]:CraftMetaEnchantedBook contains applicableTo]" time="0"/>
  <testcase classname="org.bukkit.craftbukkit.inventory.ItemMetaImplementationOverrideTest" name="testClass[[68]:CraftMetaEnchantedBook contains notUncommon]" time="0"/>
  <testcase classname="org.bukkit.craftbukkit.inventory.ItemMetaImplementationOverrideTest" name="testClass[[69]:CraftMetaEnchantedBook contains equalsCommon]" time="0"/>
  <testcase classname="org.bukkit.craftbukkit.inventory.ItemMetaImplementationOverrideTest" name="testClass[[70]:CraftMetaEnchantedBook contains applyHash]" time="0"/>
  <testcase classname="org.bukkit.craftbukkit.inventory.ItemMetaImplementationOverrideTest" name="testClass[[71]:CraftMetaEnchantedBook contains annotation interface org.bukkit.configuration.serialization.DelegateDeserialization]" time="0"/>
  <testcase classname="org.bukkit.craftbukkit.inventory.ItemMetaImplementationOverrideTest" name="testClass[[72]:CraftMetaCharge contains clone]" time="0"/>
  <testcase classname="org.bukkit.craftbukkit.inventory.ItemMetaImplementationOverrideTest" name="testClass[[73]:CraftMetaCharge contains clone]" time="0"/>
  <testcase classname="org.bukkit.craftbukkit.inventory.ItemMetaImplementationOverrideTest" name="testClass[[74]:CraftMetaCharge contains clone]" time="0"/>
  <testcase classname="org.bukkit.craftbukkit.inventory.ItemMetaImplementationOverrideTest" name="testClass[[75]:CraftMetaCharge contains clone]" time="0"/>
  <testcase classname="org.bukkit.craftbukkit.inventory.ItemMetaImplementationOverrideTest" name="testClass[[76]:CraftMetaCharge contains isEmpty]" time="0"/>
  <testcase classname="org.bukkit.craftbukkit.inventory.ItemMetaImplementationOverrideTest" name="testClass[[77]:CraftMetaCharge contains serialize]" time="0"/>
  <testcase classname="org.bukkit.craftbukkit.inventory.ItemMetaImplementationOverrideTest" name="testClass[[78]:CraftMetaCharge contains applyToItem]" time="0"/>
  <testcase classname="org.bukkit.craftbukkit.inventory.ItemMetaImplementationOverrideTest" name="testClass[[79]:CraftMetaCharge contains applicableTo]" time="0"/>
  <testcase classname="org.bukkit.craftbukkit.inventory.ItemMetaImplementationOverrideTest" name="testClass[[80]:CraftMetaCharge contains notUncommon]" time="0"/>
  <testcase classname="org.bukkit.craftbukkit.inventory.ItemMetaImplementationOverrideTest" name="testClass[[81]:CraftMetaCharge contains equalsCommon]" time="0"/>
  <testcase classname="org.bukkit.craftbukkit.inventory.ItemMetaImplementationOverrideTest" name="testClass[[82]:CraftMetaCharge contains applyHash]" time="0"/>
  <testcase classname="org.bukkit.craftbukkit.inventory.ItemMetaImplementationOverrideTest" name="testClass[[83]:CraftMetaCharge contains annotation interface org.bukkit.configuration.serialization.DelegateDeserialization]" time="0"/>
  <testcase classname="org.bukkit.craftbukkit.inventory.ItemMetaImplementationOverrideTest" name="testClass[[84]:CraftMetaBook contains clone]" time="0"/>
  <testcase classname="org.bukkit.craftbukkit.inventory.ItemMetaImplementationOverrideTest" name="testClass[[85]:CraftMetaBook contains clone]" time="0"/>
  <testcase classname="org.bukkit.craftbukkit.inventory.ItemMetaImplementationOverrideTest" name="testClass[[86]:CraftMetaBook contains clone]" time="0"/>
  <testcase classname="org.bukkit.craftbukkit.inventory.ItemMetaImplementationOverrideTest" name="testClass[[87]:CraftMetaBook contains clone]" time="0"/>
  <testcase classname="org.bukkit.craftbukkit.inventory.ItemMetaImplementationOverrideTest" name="testClass[[88]:CraftMetaBook contains isEmpty]" time="0"/>
  <testcase classname="org.bukkit.craftbukkit.inventory.ItemMetaImplementationOverrideTest" name="testClass[[89]:CraftMetaBook contains serialize]" time="0"/>
  <testcase classname="org.bukkit.craftbukkit.inventory.ItemMetaImplementationOverrideTest" name="testClass[[90]:CraftMetaBook contains applyToItem]" time="0"/>
  <testcase classname="org.bukkit.craftbukkit.inventory.ItemMetaImplementationOverrideTest" name="testClass[[91]:CraftMetaBook contains applicableTo]" time="0"/>
  <testcase classname="org.bukkit.craftbukkit.inventory.ItemMetaImplementationOverrideTest" name="testClass[[92]:CraftMetaBook contains notUncommon]" time="0"/>
  <testcase classname="org.bukkit.craftbukkit.inventory.ItemMetaImplementationOverrideTest" name="testClass[[93]:CraftMetaBook contains equalsCommon]" time="0"/>
  <testcase classname="org.bukkit.craftbukkit.inventory.ItemMetaImplementationOverrideTest" name="testClass[[94]:CraftMetaBook contains applyHash]" time="0"/>
  <testcase classname="org.bukkit.craftbukkit.inventory.ItemMetaImplementationOverrideTest" name="testClass[[95]:CraftMetaBook contains annotation interface org.bukkit.configuration.serialization.DelegateDeserialization]" time="0"/>
</testsuite>