<?xml version="1.0" encoding="UTF-8" ?>
<testsuite tests="3160" failures="0" name="org.bukkit.PerMaterialTest" time="0.163" errors="0" skipped="0">
  <properties>
[...]
</properties>
  <testcase classname="org.bukkit.PerMaterialTest" name="hasGravity[0: AIR]" time="0.005"/>
  <testcase classname="org.bukkit.PerMaterialTest" name="isBurnable[0: AIR]" time="0"/>
  <testcase classname="org.bukkit.PerMaterialTest" name="isEdible[0: AIR]" time="0"/>
  <testcase classname="org.bukkit.PerMaterialTest" name="maxDurability[0: AIR]" time="0"/>
  <testcase classname="org.bukkit.PerMaterialTest" name="isOccluding[0: AIR]" time="0"/>
  <testcase classname="org.bukkit.PerMaterialTest" name="isRecord[0: AIR]" time="0"/>
  <testcase classname="org.bukkit.PerMaterialTest" name="isFlammable[0: AIR]" time="0"/>
  <testcase classname="org.bukkit.PerMaterialTest" name="maxStackSize[0: AIR]" time="0"/>
  <testcase classname="org.bukkit.PerMaterialTest" name="isTransparent[0: AIR]" time="0"/>
  <testcase classname="org.bukkit.PerMaterialTest" name="isSolid[0: AIR]" time="0"/>
  <testcase classname="org.bukkit.PerMaterialTest" name="hasGravity[1: STONE]" time="0"/>
  <testcase classname="org.bukkit.PerMaterialTest" name="isBurnable[1: STONE]" time="0"/>
  <testcase classname="org.bukkit.PerMaterialTest" name="isEdible[1: STONE]" time="0"/>
  <testcase classname="org.bukkit.PerMaterialTest" name="maxDurability[1: STONE]" time="0"/>
  <testcase classname="org.bukkit.PerMaterialTest" name="isOccluding[1: STONE]" time="0"/>
  <testcase classname="org.bukkit.PerMaterialTest" name="isRecord[1: STONE]" time="0"/>
  <testcase classname="org.bukkit.PerMaterialTest" name="isFlammable[1: STONE]" time="0"/>
  <testcase classname="org.bukkit.PerMaterialTest" name="maxStackSize[1: STONE]" time="0"/>
  <testcase classname="org.bukkit.PerMaterialTest" name="isTransparent[1: STONE]" time="0"/>
  <testcase classname="org.bukkit.PerMaterialTest" name="isSolid[1: STONE]" time="0"/>
  <testcase classname="org.bukkit.PerMaterialTest" name="hasGravity[2: GRASS]" time="0"/>
  <testcase classname="org.bukkit.PerMaterialTest" name="isBurnable[2: GRASS]" time="0"/>
  <testcase classname="org.bukkit.PerMaterialTest" name="isEdible[2: GRASS]" time="0"/>
  <testcase classname="org.bukkit.PerMaterialTest" name="maxDurability[2: GRASS]" time="0"/>
  <testcase classname="org.bukkit.PerMaterialTest" name="isOccluding[2: GRASS]" time="0"/>
  <testcase classname="org.bukkit.PerMaterialTest" name="isRecord[2: GRASS]" time="0"/>
  <testcase classname="org.bukkit.PerMaterialTest" name="isFlammable[2: GRASS]" time="0"/>
  <testcase classname="org.bukkit.PerMaterialTest" name="maxStackSize[2: GRASS]" time="0"/>
  <testcase classname="org.bukkit.PerMaterialTest" name="isTransparent[2: GRASS]" time="0"/>
  <testcase classname="org.bukkit.PerMaterialTest" name="isSolid[2: GRASS]" time="0"/>
  <testcase classname="org.bukkit.PerMaterialTest" name="hasGravity[3: DIRT]" time="0"/>
  <testcase classname="org.bukkit.PerMaterialTest" name="isBurnable[3: DIRT]" time="0"/>
  <testcase classname="org.bukkit.PerMaterialTest" name="isEdible[3: DIRT]" time="0"/>
  <testcase classname="org.bukkit.PerMaterialTest" name="maxDurability[3: DIRT]" time="0"/>
  <testcase classname="org.bukkit.PerMaterialTest" name="isOccluding[3: DIRT]" time="0"/>
  <testcase classname="org.bukkit.PerMaterialTest" name="isRecord[3: DIRT]" time="0"/>
  <testcase classname="org.bukkit.PerMaterialTest" name="isFlammable[3: DIRT]" time="0"/>
  <testcase classname="org.bukkit.PerMaterialTest" name="maxStackSize[3: DIRT]" time="0"/>
  <testcase classname="org.bukkit.PerMaterialTest" name="isTransparent[3: DIRT]" time="0"/>
  <testcase classname="org.bukkit.PerMaterialTest" name="isSolid[3: DIRT]" time="0"/>
  <testcase classname="org.bukkit.PerMaterialTest" name="hasGravity[4: COBBLESTONE]" time="0"/>
  <testcase classname="org.bukkit.PerMaterialTest" name="isBurnable[4: COBBLESTONE]" time="0"/>
  <testcase classname="org.bukkit.PerMaterialTest" name="isEdible[4: COBBLESTONE]" time="0"/>
  <testcase classname="org.bukkit.PerMaterialTest" name="maxDurability[4: COBBLESTONE]" time="0"/>
  <testcase classname="org.bukkit.PerMaterialTest" name="isOccluding[4: COBBLESTONE]" time="0"/>
  <testcase classname="org.bukkit.PerMaterialTest" name="isRecord[4: COBBLESTONE]" time="0"/>
  <testcase classname="org.bukkit.PerMaterialTest" name="isFlammable[4: COBBLESTONE]" time="0"/>
  <testcase classname="org.bukkit.PerMaterialTest" name="maxStackSize[4: COBBLESTONE]" time="0"/>
  <testcase classname="org.bukkit.PerMaterialTest" name="isTransparent[4: COBBLESTONE]" time="0"/>
  <testcase classname="org.bukkit.PerMaterialTest" name="isSolid[4: COBBLESTONE]" time="0"/>
  <testcase classname="org.bukkit.PerMaterialTest" name="hasGravity[5: WOOD]" time="0"/>
  <testcase classname="org.bukkit.PerMaterialTest" name="isBurnable[5: WOOD]" time="0"/>
  <testcase classname="org.bukkit.PerMaterialTest" name="isEdible[5: WOOD]" time="0"/>
  <testcase classname="org.bukkit.PerMaterialTest" name="maxDurability[5: WOOD]" time="0"/>
  <testcase classname="org.bukkit.PerMaterialTest" name="isOccluding[5: WOOD]" time="0"/>
  <testcase classname="org.bukkit.PerMaterialTest" name="isRecord[5: WOOD]" time="0"/>
  <testcase classname="org.bukkit.PerMaterialTest" name="isFlammable[5: WOOD]" time="0"/>
  <testcase classname="org.bukkit.PerMaterialTest" name="maxStackSize[5: WOOD]" time="0"/>
  <testcase classname="org.bukkit.PerMaterialTest" name="isTransparent[5: WOOD]" time="0"/>
  <testcase classname="org.bukkit.PerMaterialTest" name="isSolid[5: WOOD]" time="0"/>
  <testcase classname="org.bukkit.PerMaterialTest" name="hasGravity[6: SAPLING]" time="0"/>
  <testcase classname="org.bukkit.PerMaterialTest" name="isBurnable[6: SAPLING]" time="0"/>
  <testcase classname="org.bukkit.PerMaterialTest" name="isEdible[6: SAPLING]" time="0"/>
  <testcase classname="org.bukkit.PerMaterialTest" name="maxDurability[6: SAPLING]" time="0"/>
  <testcase classname="org.bukkit.PerMaterialTest" name="isOccluding[6: SAPLING]" time="0"/>
  <testcase classname="org.bukkit.PerMaterialTest" name="isRecord[6: SAPLING]" time="0"/>
  <testcase classname="org.bukkit.PerMaterialTest" name="isFlammable[6: SAPLING]" time="0"/>
  <testcase classname="org.bukkit.PerMaterialTest" name="maxStackSize[6: SAPLING]" time="0"/>
  <testcase classname="org.bukkit.PerMaterialTest" name="isTransparent[6: SAPLING]" time="0"/>
  <testcase classname="org.bukkit.PerMaterialTest" name="isSolid[6: SAPLING]" time="0"/>
  <testcase classname="org.bukkit.PerMaterialTest" name="hasGravity[7: BEDROCK]" time="0"/>
  <testcase classname="org.bukkit.PerMaterialTest" name="isBurnable[7: BEDROCK]" time="0"/>
  <testcase classname="org.bukkit.PerMaterialTest" name="isEdible[7: BEDROCK]" time="0"/>
  <testcase classname="org.bukkit.PerMaterialTest" name="maxDurability[7: BEDROCK]" time="0"/>
  <testcase classname="org.bukkit.PerMaterialTest" name="isOccluding[7: BEDROCK]" time="0"/>
  <testcase classname="org.bukkit.PerMaterialTest" name="isRecord[7: BEDROCK]" time="0"/>
  <testcase classname="org.bukkit.PerMaterialTest" name="isFlammable[7: BEDROCK]" time="0"/>
  <testcase classname="org.bukkit.PerMaterialTest" name="maxStackSize[7: BEDROCK]" time="0"/>
  <testcase classname="org.bukkit.PerMaterialTest" name="isTransparent[7: BEDROCK]" time="0"/>
  <testcase classname="org.bukkit.PerMaterialTest" name="isSolid[7: BEDROCK]" time="0"/>
  <testcase classname="org.bukkit.PerMaterialTest" name="hasGravity[8: WATER]" time="0"/>
  <testcase classname="org.bukkit.PerMaterialTest" name="isBurnable[8: WATER]" time="0"/>
  <testcase classname="org.bukkit.PerMaterialTest" name="isEdible[8: WATER]" time="0"/>
  <testcase classname="org.bukkit.PerMaterialTest" name="maxDurability[8: WATER]" time="0"/>
  <testcase classname="org.bukkit.PerMaterialTest" name="isOccluding[8: WATER]" time="0"/>
  <testcase classname="org.bukkit.PerMaterialTest" name="isRecord[8: WATER]" time="0"/>
  <testcase classname="org.bukkit.PerMaterialTest" name="isFlammable[8: WATER]" time="0"/>
  <testcase classname="org.bukkit.PerMaterialTest" name="maxStackSize[8: WATER]" time="0"/>
  <testcase classname="org.bukkit.PerMaterialTest" name="isTransparent[8: WATER]" time="0"/>
  <testcase classname="org.bukkit.PerMaterialTest" name="isSolid[8: WATER]" time="0"/>
  <testcase classname="org.bukkit.PerMaterialTest" name="hasGravity[9: STATIONARY_WATER]" time="0.001"/>
  <testcase classname="org.bukkit.PerMaterialTest" name="isBurnable[9: STATIONARY_WATER]" time="0"/>
  <testcase classname="org.bukkit.PerMaterialTest" name="isEdible[9: STATIONARY_WATER]" time="0"/>
  <testcase classname="org.bukkit.PerMaterialTest" name="maxDurability[9: STATIONARY_WATER]" time="0"/>
  <testcase classname="org.bukkit.PerMaterialTest" name="isOccluding[9: STATIONARY_WATER]" time="0"/>
  <testcase classname="org.bukkit.PerMaterialTest" name="isRecord[9: STATIONARY_WATER]" time="0"/>
  <testcase classname="org.bukkit.PerMaterialTest" name="isFlammable[9: STATIONARY_WATER]" time="0"/>
  <testcase classname="org.bukkit.PerMaterialTest" name="maxStackSize[9: STATIONARY_WATER]" time="0"/>
  <testcase classname="org.bukkit.PerMaterialTest" name="isTransparent[9: STATIONARY_WATER]" time="0"/>
  <testcase classname="org.bukkit.PerMaterialTest" name="isSolid[9: STATIONARY_WATER]" time="0"/>
  <testcase classname="org.bukkit.PerMaterialTest" name="hasGravity[10: LAVA]" time="0"/>
  <testcase classname="org.bukkit.PerMaterialTest" name="isBurnable[10: LAVA]" time="0"/>
  <testcase classname="org.bukkit.PerMaterialTest" name="isEdible[10: LAVA]" time="0"/>
  <testcase classname="org.bukkit.PerMaterialTest" name="maxDurability[10: LAVA]" time="0"/>
  <testcase classname="org.bukkit.PerMaterialTest" name="isOccluding[10: LAVA]" time="0"/>
  <testcase classname="org.bukkit.PerMaterialTest" name="isRecord[10: LAVA]" time="0"/>
  <testcase classname="org.bukkit.PerMaterialTest" name="isFlammable[10: LAVA]" time="0"/>
  <testcase classname="org.bukkit.PerMaterialTest" name="maxStackSize[10: LAVA]" time="0"/>
  <testcase classname="org.bukkit.PerMaterialTest" name="isTransparent[10: LAVA]" time="0"/>
  <testcase classname="org.bukkit.PerMaterialTest" name="isSolid[10: LAVA]" time="0"/>
  <testcase classname="org.bukkit.PerMaterialTest" name="hasGravity[11: STATIONARY_LAVA]" time="0"/>
  <testcase classname="org.bukkit.PerMaterialTest" name="isBurnable[11: STATIONARY_LAVA]" time="0"/>
  <testcase classname="org.bukkit.PerMaterialTest" name="isEdible[11: STATIONARY_LAVA]" time="0"/>
  <testcase classname="org.bukkit.PerMaterialTest" name="maxDurability[11: STATIONARY_LAVA]" time="0"/>
  <testcase classname="org.bukkit.PerMaterialTest" name="isOccluding[11: STATIONARY_LAVA]" time="0"/>
  <testcase classname="org.bukkit.PerMaterialTest" name="isRecord[11: STATIONARY_LAVA]" time="0"/>
  <testcase classname="org.bukkit.PerMaterialTest" name="isFlammable[11: STATIONARY_LAVA]" time="0"/>
  <testcase classname="org.bukkit.PerMaterialTest" name="maxStackSize[11: STATIONARY_LAVA]" time="0"/>
  <testcase classname="org.bukkit.PerMaterialTest" name="isTransparent[11: STATIONARY_LAVA]" time="0"/>
  <testcase classname="org.bukkit.PerMaterialTest" name="isSolid[11: STATIONARY_LAVA]" time="0"/>
  <testcase classname="org.bukkit.PerMaterialTest" name="hasGravity[12: SAND]" time="0"/>
  <testcase classname="org.bukkit.PerMaterialTest" name="isBurnable[12: SAND]" time="0"/>
  <testcase classname="org.bukkit.PerMaterialTest" name="isEdible[12: SAND]" time="0"/>
  <testcase classname="org.bukkit.PerMaterialTest" name="maxDurability[12: SAND]" time="0"/>
  <testcase classname="org.bukkit.PerMaterialTest" name="isOccluding[12: SAND]" time="0"/>
  <testcase classname="org.bukkit.PerMaterialTest" name="isRecord[12: SAND]" time="0"/>
  <testcase classname="org.bukkit.PerMaterialTest" name="isFlammable[12: SAND]" time="0"/>
  <testcase classname="org.bukkit.PerMaterialTest" name="maxStackSize[12: SAND]" time="0"/>
  <testcase classname="org.bukkit.PerMaterialTest" name="isTransparent[12: SAND]" time="0"/>
  <testcase classname="org.bukkit.PerMaterialTest" name="isSolid[12: SAND]" time="0"/>
  <testcase classname="org.bukkit.PerMaterialTest" name="hasGravity[13: GRAVEL]" time="0"/>
  <testcase classname="org.bukkit.PerMaterialTest" name="isBurnable[13: GRAVEL]" time="0"/>
  <testcase classname="org.bukkit.PerMaterialTest" name="isEdible[13: GRAVEL]" time="0"/>
  <testcase classname="org.bukkit.PerMaterialTest" name="maxDurability[13: GRAVEL]" time="0"/>
  <testcase classname="org.bukkit.PerMaterialTest" name="isOccluding[13: GRAVEL]" time="0"/>
  <testcase classname="org.bukkit.PerMaterialTest" name="isRecord[13: GRAVEL]" time="0"/>
  <testcase classname="org.bukkit.PerMaterialTest" name="isFlammable[13: GRAVEL]" time="0"/>
  <testcase classname="org.bukkit.PerMaterialTest" name="maxStackSize[13: GRAVEL]" time="0"/>
  <testcase classname="org.bukkit.PerMaterialTest" name="isTransparent[13: GRAVEL]" time="0"/>
  <testcase classname="org.bukkit.PerMaterialTest" name="isSolid[13: GRAVEL]" time="0"/>
  <testcase classname="org.bukkit.PerMaterialTest" name="hasGravity[14: GOLD_ORE]" time="0"/>
  <testcase classname="org.bukkit.PerMaterialTest" name="isBurnable[14: GOLD_ORE]" time="0"/>
  <testcase classname="org.bukkit.PerMaterialTest" name="isEdible[14: GOLD_ORE]" time="0"/>
  <testcase classname="org.bukkit.PerMaterialTest" name="maxDurability[14: GOLD_ORE]" time="0"/>
  <testcase classname="org.bukkit.PerMaterialTest" name="isOccluding[14: GOLD_ORE]" time="0"/>
  <testcase classname="org.bukkit.PerMaterialTest" name="isRecord[14: GOLD_ORE]" time="0"/>
  <testcase classname="org.bukkit.PerMaterialTest" name="isFlammable[14: GOLD_ORE]" time="0"/>
  <testcase classname="org.bukkit.PerMaterialTest" name="maxStackSize[14: GOLD_ORE]" time="0"/>
  <testcase classname="org.bukkit.PerMaterialTest" name="isTransparent[14: GOLD_ORE]" time="0"/>
  <testcase classname="org.bukkit.PerMaterialTest" name="isSolid[14: GOLD_ORE]" time="0"/>
  <testcase classname="org.bukkit.PerMaterialTest" name="hasGravity[15: IRON_ORE]" time="0"/>
  <testcase classname="org.bukkit.PerMaterialTest" name="isBurnable[15: IRON_ORE]" time="0.001"/>
  <testcase classname="org.bukkit.PerMaterialTest" name="isEdible[15: IRON_ORE]" time="0"/>
  <testcase classname="org.bukkit.PerMaterialTest" name="maxDurability[15: IRON_ORE]" time="0"/>
  <testcase classname="org.bukkit.PerMaterialTest" name="isOccluding[15: IRON_ORE]" time="0.001"/>
  <testcase classname="org.bukkit.PerMaterialTest" name="isRecord[15: IRON_ORE]" time="0"/>
  <testcase classname="org.bukkit.PerMaterialTest" name="isFlammable[15: IRON_ORE]" time="0"/>
  <testcase classname="org.bukkit.PerMaterialTest" name="maxStackSize[15: IRON_ORE]" time="0"/>
  <testcase classname="org.bukkit.PerMaterialTest" name="isTransparent[15: IRON_ORE]" time="0.001"/>
  <testcase classname="org.bukkit.PerMaterialTest" name="isSolid[15: IRON_ORE]" time="0"/>
  <testcase classname="org.bukkit.PerMaterialTest" name="hasGravity[16: COAL_ORE]" time="0"/>
  <testcase classname="org.bukkit.PerMaterialTest" name="isBurnable[16: COAL_ORE]" time="0"/>
  <testcase classname="org.bukkit.PerMaterialTest" name="isEdible[16: COAL_ORE]" time="0"/>
  <testcase classname="org.bukkit.PerMaterialTest" name="maxDurability[16: COAL_ORE]" time="0"/>
  <testcase classname="org.bukkit.PerMaterialTest" name="isOccluding[16: COAL_ORE]" time="0"/>
  <testcase classname="org.bukkit.PerMaterialTest" name="isRecord[16: COAL_ORE]" time="0"/>
  <testcase classname="org.bukkit.PerMaterialTest" name="isFlammable[16: COAL_ORE]" time="0"/>
  <testcase classname="org.bukkit.PerMaterialTest" name="maxStackSize[16: COAL_ORE]" time="0"/>
  <testcase classname="org.bukkit.PerMaterialTest" name="isTransparent[16: COAL_ORE]" time="0"/>
  <testcase classname="org.bukkit.PerMaterialTest" name="isSolid[16: COAL_ORE]" time="0"/>
  <testcase classname="org.bukkit.PerMaterialTest" name="hasGravity[17: LOG]" time="0"/>
  <testcase classname="org.bukkit.PerMaterialTest" name="isBurnable[17: LOG]" time="0"/>
  <testcase classname="org.bukkit.PerMaterialTest" name="isEdible[17: LOG]" time="0"/>
  <testcase classname="org.bukkit.PerMaterialTest" name="maxDurability[17: LOG]" time="0"/>
  <testcase classname="org.bukkit.PerMaterialTest" name="isOccluding[17: LOG]" time="0"/>
  <testcase classname="org.bukkit.PerMaterialTest" name="isRecord[17: LOG]" time="0"/>
  <testcase classname="org.bukkit.PerMaterialTest" name="isFlammable[17: LOG]" time="0.001"/>
  <testcase classname="org.bukkit.PerMaterialTest" name="maxStackSize[17: LOG]" time="0"/>
  <testcase classname="org.bukkit.PerMaterialTest" name="isTransparent[17: LOG]" time="0"/>
  <testcase classname="org.bukkit.PerMaterialTest" name="isSolid[17: LOG]" time="0"/>
  <testcase classname="org.bukkit.PerMaterialTest" name="hasGravity[18: LEAVES]" time="0"/>
  <testcase classname="org.bukkit.PerMaterialTest" name="isBurnable[18: LEAVES]" time="0"/>
  <testcase classname="org.bukkit.PerMaterialTest" name="isEdible[18: LEAVES]" time="0"/>
  <testcase classname="org.bukkit.PerMaterialTest" name="maxDurability[18: LEAVES]" time="0"/>
  <testcase classname="org.bukkit.PerMaterialTest" name="isOccluding[18: LEAVES]" time="0"/>
  <testcase classname="org.bukkit.PerMaterialTest" name="isRecord[18: LEAVES]" time="0"/>
  <testcase classname="org.bukkit.PerMaterialTest" name="isFlammable[18: LEAVES]" time="0"/>
  <testcase classname="org.bukkit.PerMaterialTest" name="maxStackSize[18: LEAVES]" time="0"/>
  <testcase classname="org.bukkit.PerMaterialTest" name="isTransparent[18: LEAVES]" time="0"/>
  <testcase classname="org.bukkit.PerMaterialTest" name="isSolid[18: LEAVES]" time="0"/>
  <testcase classname="org.bukkit.PerMaterialTest" name="hasGravity[19: SPONGE]" time="0"/>
  <testcase classname="org.bukkit.PerMaterialTest" name="isBurnable[19: SPONGE]" time="0"/>
  <testcase classname="org.bukkit.PerMaterialTest" name="isEdible[19: SPONGE]" time="0"/>
  <testcase classname="org.bukkit.PerMaterialTest" name="maxDurability[19: SPONGE]" time="0"/>
  <testcase classname="org.bukkit.PerMaterialTest" name="isOccluding[19: SPONGE]" time="0"/>
  <testcase classname="org.bukkit.PerMaterialTest" name="isRecord[19: SPONGE]" time="0"/>
  <testcase classname="org.bukkit.PerMaterialTest" name="isFlammable[19: SPONGE]" time="0"/>
  <testcase classname="org.bukkit.PerMaterialTest" name="maxStackSize[19: SPONGE]" time="0"/>
  <testcase classname="org.bukkit.PerMaterialTest" name="isTransparent[19: SPONGE]" time="0"/>
  <testcase classname="org.bukkit.PerMaterialTest" name="isSolid[19: SPONGE]" time="0"/>
  <testcase classname="org.bukkit.PerMaterialTest" name="hasGravity[20: GLASS]" time="0"/>
  <testcase classname="org.bukkit.PerMaterialTest" name="isBurnable[20: GLASS]" time="0"/>
  <testcase classname="org.bukkit.PerMaterialTest" name="isEdible[20: GLASS]" time="0"/>
  <testcase classname="org.bukkit.PerMaterialTest" name="maxDurability[20: GLASS]" time="0"/>
  <testcase classname="org.bukkit.PerMaterialTest" name="isOccluding[20: GLASS]" time="0"/>
  <testcase classname="org.bukkit.PerMaterialTest" name="isRecord[20: GLASS]" time="0"/>
  <testcase classname="org.bukkit.PerMaterialTest" name="isFlammable[20: GLASS]" time="0"/>
  <testcase classname="org.bukkit.PerMaterialTest" name="maxStackSize[20: GLASS]" time="0"/>
  <testcase classname="org.bukkit.PerMaterialTest" name="isTransparent[20: GLASS]" time="0"/>
  <testcase classname="org.bukkit.PerMaterialTest" name="isSolid[20: GLASS]" time="0"/>
  <testcase classname="org.bukkit.PerMaterialTest" name="hasGravity[21: LAPIS_ORE]" time="0"/>
  <testcase classname="org.bukkit.PerMaterialTest" name="isBurnable[21: LAPIS_ORE]" time="0"/>
  <testcase classname="org.bukkit.PerMaterialTest" name="isEdible[21: LAPIS_ORE]" time="0"/>
  <testcase classname="org.bukkit.PerMaterialTest" name="maxDurability[21: LAPIS_ORE]" time="0"/>
  <testcase classname="org.bukkit.PerMaterialTest" name="isOccluding[21: LAPIS_ORE]" time="0"/>
  <testcase classname="org.bukkit.PerMaterialTest" name="isRecord[21: LAPIS_ORE]" time="0"/>
  <testcase classname="org.bukkit.PerMaterialTest" name="isFlammable[21: LAPIS_ORE]" time="0"/>
  <testcase classname="org.bukkit.PerMaterialTest" name="maxStackSize[21: LAPIS_ORE]" time="0"/>
  <testcase classname="org.bukkit.PerMaterialTest" name="isTransparent[21: LAPIS_ORE]" time="0"/>
  <testcase classname="org.bukkit.PerMaterialTest" name="isSolid[21: LAPIS_ORE]" time="0"/>
  <testcase classname="org.bukkit.PerMaterialTest" name="hasGravity[22: LAPIS_BLOCK]" time="0"/>
  <testcase classname="org.bukkit.PerMaterialTest" name="isBurnable[22: LAPIS_BLOCK]" time="0"/>
  <testcase classname="org.bukkit.PerMaterialTest" name="isEdible[22: LAPIS_BLOCK]" time="0"/>
  <testcase classname="org.bukkit.PerMaterialTest" name="maxDurability[22: LAPIS_BLOCK]" time="0"/>
  <testcase classname="org.bukkit.PerMaterialTest" name="isOccluding[22: LAPIS_BLOCK]" time="0"/>
  <testcase classname="org.bukkit.PerMaterialTest" name="isRecord[22: LAPIS_BLOCK]" time="0"/>
  <testcase classname="org.bukkit.PerMaterialTest" name="isFlammable[22: LAPIS_BLOCK]" time="0"/>
  <testcase classname="org.bukkit.PerMaterialTest" name="maxStackSize[22: LAPIS_BLOCK]" time="0"/>
  <testcase classname="org.bukkit.PerMaterialTest" name="isTransparent[22: LAPIS_BLOCK]" time="0"/>
  <testcase classname="org.bukkit.PerMaterialTest" name="isSolid[22: LAPIS_BLOCK]" time="0"/>
  <testcase classname="org.bukkit.PerMaterialTest" name="hasGravity[23: DISPENSER]" time="0"/>
  <testcase classname="org.bukkit.PerMaterialTest" name="isBurnable[23: DISPENSER]" time="0"/>
  <testcase classname="org.bukkit.PerMaterialTest" name="isEdible[23: DISPENSER]" time="0.001"/>
  <testcase classname="org.bukkit.PerMaterialTest" name="maxDurability[23: DISPENSER]" time="0"/>
  <testcase classname="org.bukkit.PerMaterialTest" name="isOccluding[23: DISPENSER]" time="0"/>
  <testcase classname="org.bukkit.PerMaterialTest" name="isRecord[23: DISPENSER]" time="0"/>
  <testcase classname="org.bukkit.PerMaterialTest" name="isFlammable[23: DISPENSER]" time="0"/>
  <testcase classname="org.bukkit.PerMaterialTest" name="maxStackSize[23: DISPENSER]" time="0"/>
  <testcase classname="org.bukkit.PerMaterialTest" name="isTransparent[23: DISPENSER]" time="0"/>
  <testcase classname="org.bukkit.PerMaterialTest" name="isSolid[23: DISPENSER]" time="0"/>
  <testcase classname="org.bukkit.PerMaterialTest" name="hasGravity[24: SANDSTONE]" time="0"/>
  <testcase classname="org.bukkit.PerMaterialTest" name="isBurnable[24: SANDSTONE]" time="0"/>
  <testcase classname="org.bukkit.PerMaterialTest" name="isEdible[24: SANDSTONE]" time="0"/>
  <testcase classname="org.bukkit.PerMaterialTest" name="maxDurability[24: SANDSTONE]" time="0"/>
  <testcase classname="org.bukkit.PerMaterialTest" name="isOccluding[24: SANDSTONE]" time="0"/>
  <testcase classname="org.bukkit.PerMaterialTest" name="isRecord[24: SANDSTONE]" time="0"/>
  <testcase classname="org.bukkit.PerMaterialTest" name="isFlammable[24: SANDSTONE]" time="0"/>
  <testcase classname="org.bukkit.PerMaterialTest" name="maxStackSize[24: SANDSTONE]" time="0"/>
  <testcase classname="org.bukkit.PerMaterialTest" name="isTransparent[24: SANDSTONE]" time="0"/>
  <testcase classname="org.bukkit.PerMaterialTest" name="isSolid[24: SANDSTONE]" time="0"/>
  <testcase classname="org.bukkit.PerMaterialTest" name="hasGravity[25: NOTE_BLOCK]" time="0"/>
  <testcase classname="org.bukkit.PerMaterialTest" name="isBurnable[25: NOTE_BLOCK]" time="0"/>
  <testcase classname="org.bukkit.PerMaterialTest" name="isEdible[25: NOTE_BLOCK]" time="0"/>
  <testcase classname="org.bukkit.PerMaterialTest" name="maxDurability[25: NOTE_BLOCK]" time="0"/>
  <testcase classname="org.bukkit.PerMaterialTest" name="isOccluding[25: NOTE_BLOCK]" time="0"/>
  <testcase classname="org.bukkit.PerMaterialTest" name="isRecord[25: NOTE_BLOCK]" time="0"/>
  <testcase classname="org.bukkit.PerMaterialTest" name="isFlammable[25: NOTE_BLOCK]" time="0"/>
  <testcase classname="org.bukkit.PerMaterialTest" name="maxStackSize[25: NOTE_BLOCK]" time="0"/>
  <testcase classname="org.bukkit.PerMaterialTest" name="isTransparent[25: NOTE_BLOCK]" time="0"/>
  <testcase classname="org.bukkit.PerMaterialTest" name="isSolid[25: NOTE_BLOCK]" time="0"/>
  <testcase classname="org.bukkit.PerMaterialTest" name="hasGravity[26: POWERED_RAIL]" time="0"/>
  <testcase classname="org.bukkit.PerMaterialTest" name="isBurnable[26: POWERED_RAIL]" time="0"/>
  <testcase classname="org.bukkit.PerMaterialTest" name="isEdible[26: POWERED_RAIL]" time="0"/>
  <testcase classname="org.bukkit.PerMaterialTest" name="maxDurability[26: POWERED_RAIL]" time="0"/>
  <testcase classname="org.bukkit.PerMaterialTest" name="isOccluding[26: POWERED_RAIL]" time="0"/>
  <testcase classname="org.bukkit.PerMaterialTest" name="isRecord[26: POWERED_RAIL]" time="0"/>
  <testcase classname="org.bukkit.PerMaterialTest" name="isFlammable[26: POWERED_RAIL]" time="0"/>
  <testcase classname="org.bukkit.PerMaterialTest" name="maxStackSize[26: POWERED_RAIL]" time="0"/>
  <testcase classname="org.bukkit.PerMaterialTest" name="isTransparent[26: POWERED_RAIL]" time="0"/>
  <testcase classname="org.bukkit.PerMaterialTest" name="isSolid[26: POWERED_RAIL]" time="0"/>
  <testcase classname="org.bukkit.PerMaterialTest" name="hasGravity[27: DETECTOR_RAIL]" time="0"/>
  <testcase classname="org.bukkit.PerMaterialTest" name="isBurnable[27: DETECTOR_RAIL]" time="0"/>
  <testcase classname="org.bukkit.PerMaterialTest" name="isEdible[27: DETECTOR_RAIL]" time="0"/>
  <testcase classname="org.bukkit.PerMaterialTest" name="maxDurability[27: DETECTOR_RAIL]" time="0"/>
  <testcase classname="org.bukkit.PerMaterialTest" name="isOccluding[27: DETECTOR_RAIL]" time="0"/>
  <testcase classname="org.bukkit.PerMaterialTest" name="isRecord[27: DETECTOR_RAIL]" time="0"/>
  <testcase classname="org.bukkit.PerMaterialTest" name="isFlammable[27: DETECTOR_RAIL]" time="0"/>
  <testcase classname="org.bukkit.PerMaterialTest" name="maxStackSize[27: DETECTOR_RAIL]" time="0"/>
  <testcase classname="org.bukkit.PerMaterialTest" name="isTransparent[27: DETECTOR_RAIL]" time="0"/>
  <testcase classname="org.bukkit.PerMaterialTest" name="isSolid[27: DETECTOR_RAIL]" time="0"/>
  <testcase classname="org.bukkit.PerMaterialTest" name="hasGravity[28: PISTON_STICKY_BASE]" time="0"/>
  <testcase classname="org.bukkit.PerMaterialTest" name="isBurnable[28: PISTON_STICKY_BASE]" time="0"/>
  <testcase classname="org.bukkit.PerMaterialTest" name="isEdible[28: PISTON_STICKY_BASE]" time="0"/>
  <testcase classname="org.bukkit.PerMaterialTest" name="maxDurability[28: PISTON_STICKY_BASE]" time="0"/>
  <testcase classname="org.bukkit.PerMaterialTest" name="isOccluding[28: PISTON_STICKY_BASE]" time="0"/>
  <testcase classname="org.bukkit.PerMaterialTest" name="isRecord[28: PISTON_STICKY_BASE]" time="0"/>
  <testcase classname="org.bukkit.PerMaterialTest" name="isFlammable[28: PISTON_STICKY_BASE]" time="0"/>
  <testcase classname="org.bukkit.PerMaterialTest" name="maxStackSize[28: PISTON_STICKY_BASE]" time="0"/>
  <testcase classname="org.bukkit.PerMaterialTest" name="isTransparent[28: PISTON_STICKY_BASE]" time="0"/>
  <testcase classname="org.bukkit.PerMaterialTest" name="isSolid[28: PISTON_STICKY_BASE]" time="0"/>
  <testcase classname="org.bukkit.PerMaterialTest" name="hasGravity[29: WEB]" time="0"/>
  <testcase classname="org.bukkit.PerMaterialTest" name="isBurnable[29: WEB]" time="0"/>
  <testcase classname="org.bukkit.PerMaterialTest" name="isEdible[29: WEB]" time="0"/>
  <testcase classname="org.bukkit.PerMaterialTest" name="maxDurability[29: WEB]" time="0"/>
  <testcase classname="org.bukkit.PerMaterialTest" name="isOccluding[29: WEB]" time="0"/>
  <testcase classname="org.bukkit.PerMaterialTest" name="isRecord[29: WEB]" time="0"/>
  <testcase classname="org.bukkit.PerMaterialTest" name="isFlammable[29: WEB]" time="0"/>
  <testcase classname="org.bukkit.PerMaterialTest" name="maxStackSize[29: WEB]" time="0"/>
  <testcase classname="org.bukkit.PerMaterialTest" name="isTransparent[29: WEB]" time="0"/>
  <testcase classname="org.bukkit.PerMaterialTest" name="isSolid[29: WEB]" time="0"/>
  <testcase classname="org.bukkit.PerMaterialTest" name="hasGravity[30: LONG_GRASS]" time="0"/>
  <testcase classname="org.bukkit.PerMaterialTest" name="isBurnable[30: LONG_GRASS]" time="0"/>
  <testcase classname="org.bukkit.PerMaterialTest" name="isEdible[30: LONG_GRASS]" time="0"/>
  <testcase classname="org.bukkit.PerMaterialTest" name="maxDurability[30: LONG_GRASS]" time="0"/>
  <testcase classname="org.bukkit.PerMaterialTest" name="isOccluding[30: LONG_GRASS]" time="0"/>
  <testcase classname="org.bukkit.PerMaterialTest" name="isRecord[30: LONG_GRASS]" time="0"/>
  <testcase classname="org.bukkit.PerMaterialTest" name="isFlammable[30: LONG_GRASS]" time="0"/>
  <testcase classname="org.bukkit.PerMaterialTest" name="maxStackSize[30: LONG_GRASS]" time="0"/>
  <testcase classname="org.bukkit.PerMaterialTest" name="isTransparent[30: LONG_GRASS]" time="0"/>
  <testcase classname="org.bukkit.PerMaterialTest" name="isSolid[30: LONG_GRASS]" time="0"/>
  <testcase classname="org.bukkit.PerMaterialTest" name="hasGravity[31: DEAD_BUSH]" time="0"/>
  <testcase classname="org.bukkit.PerMaterialTest" name="isBurnable[31: DEAD_BUSH]" time="0"/>
  <testcase classname="org.bukkit.PerMaterialTest" name="isEdible[31: DEAD_BUSH]" time="0"/>
  <testcase classname="org.bukkit.PerMaterialTest" name="maxDurability[31: DEAD_BUSH]" time="0"/>
  <testcase classname="org.bukkit.PerMaterialTest" name="isOccluding[31: DEAD_BUSH]" time="0"/>
  <testcase classname="org.bukkit.PerMaterialTest" name="isRecord[31: DEAD_BUSH]" time="0"/>
  <testcase classname="org.bukkit.PerMaterialTest" name="isFlammable[31: DEAD_BUSH]" time="0"/>
  <testcase classname="org.bukkit.PerMaterialTest" name="maxStackSize[31: DEAD_BUSH]" time="0"/>
  <testcase classname="org.bukkit.PerMaterialTest" name="isTransparent[31: DEAD_BUSH]" time="0"/>
  <testcase classname="org.bukkit.PerMaterialTest" name="isSolid[31: DEAD_BUSH]" time="0"/>
  <testcase classname="org.bukkit.PerMaterialTest" name="hasGravity[32: PISTON_BASE]" time="0"/>
  <testcase classname="org.bukkit.PerMaterialTest" name="isBurnable[32: PISTON_BASE]" time="0"/>
  <testcase classname="org.bukkit.PerMaterialTest" name="isEdible[32: PISTON_BASE]" time="0"/>
  <testcase classname="org.bukkit.PerMaterialTest" name="maxDurability[32: PISTON_BASE]" time="0"/>
  <testcase classname="org.bukkit.PerMaterialTest" name="isOccluding[32: PISTON_BASE]" time="0"/>
  <testcase classname="org.bukkit.PerMaterialTest" name="isRecord[32: PISTON_BASE]" time="0"/>
  <testcase classname="org.bukkit.PerMaterialTest" name="isFlammable[32: PISTON_BASE]" time="0"/>
  <testcase classname="org.bukkit.PerMaterialTest" name="maxStackSize[32: PISTON_BASE]" time="0"/>
  <testcase classname="org.bukkit.PerMaterialTest" name="isTransparent[32: PISTON_BASE]" time="0"/>
  <testcase classname="org.bukkit.PerMaterialTest" name="isSolid[32: PISTON_BASE]" time="0"/>
  <testcase classname="org.bukkit.PerMaterialTest" name="hasGravity[33: WOOL]" time="0"/>
  <testcase classname="org.bukkit.PerMaterialTest" name="isBurnable[33: WOOL]" time="0"/>
  <testcase classname="org.bukkit.PerMaterialTest" name="isEdible[33: WOOL]" time="0"/>
  <testcase classname="org.bukkit.PerMaterialTest" name="maxDurability[33: WOOL]" time="0.001"/>
  <testcase classname="org.bukkit.PerMaterialTest" name="isOccluding[33: WOOL]" time="0"/>
  <testcase classname="org.bukkit.PerMaterialTest" name="isRecord[33: WOOL]" time="0"/>
  <testcase classname="org.bukkit.PerMaterialTest" name="isFlammable[33: WOOL]" time="0"/>
  <testcase classname="org.bukkit.PerMaterialTest" name="maxStackSize[33: WOOL]" time="0"/>
  <testcase classname="org.bukkit.PerMaterialTest" name="isTransparent[33: WOOL]" time="0"/>
  <testcase classname="org.bukkit.PerMaterialTest" name="isSolid[33: WOOL]" time="0"/>
  <testcase classname="org.bukkit.PerMaterialTest" name="hasGravity[34: YELLOW_FLOWER]" time="0"/>
  <testcase classname="org.bukkit.PerMaterialTest" name="isBurnable[34: YELLOW_FLOWER]" time="0"/>
  <testcase classname="org.bukkit.PerMaterialTest" name="isEdible[34: YELLOW_FLOWER]" time="0"/>
  <testcase classname="org.bukkit.PerMaterialTest" name="maxDurability[34: YELLOW_FLOWER]" time="0"/>
  <testcase classname="org.bukkit.PerMaterialTest" name="isOccluding[34: YELLOW_FLOWER]" time="0"/>
  <testcase classname="org.bukkit.PerMaterialTest" name="isRecord[34: YELLOW_FLOWER]" time="0"/>
  <testcase classname="org.bukkit.PerMaterialTest" name="isFlammable[34: YELLOW_FLOWER]" time="0"/>
  <testcase classname="org.bukkit.PerMaterialTest" name="maxStackSize[34: YELLOW_FLOWER]" time="0"/>
  <testcase classname="org.bukkit.PerMaterialTest" name="isTransparent[34: YELLOW_FLOWER]" time="0"/>
  <testcase classname="org.bukkit.PerMaterialTest" name="isSolid[34: YELLOW_FLOWER]" time="0"/>
  <testcase classname="org.bukkit.PerMaterialTest" name="hasGravity[35: RED_ROSE]" time="0"/>
  <testcase classname="org.bukkit.PerMaterialTest" name="isBurnable[35: RED_ROSE]" time="0"/>
  <testcase classname="org.bukkit.PerMaterialTest" name="isEdible[35: RED_ROSE]" time="0"/>
  <testcase classname="org.bukkit.PerMaterialTest" name="maxDurability[35: RED_ROSE]" time="0"/>
  <testcase classname="org.bukkit.PerMaterialTest" name="isOccluding[35: RED_ROSE]" time="0"/>
  <testcase classname="org.bukkit.PerMaterialTest" name="isRecord[35: RED_ROSE]" time="0"/>
  <testcase classname="org.bukkit.PerMaterialTest" name="isFlammable[35: RED_ROSE]" time="0"/>
  <testcase classname="org.bukkit.PerMaterialTest" name="maxStackSize[35: RED_ROSE]" time="0"/>
  <testcase classname="org.bukkit.PerMaterialTest" name="isTransparent[35: RED_ROSE]" time="0"/>
  <testcase classname="org.bukkit.PerMaterialTest" name="isSolid[35: RED_ROSE]" time="0"/>
  <testcase classname="org.bukkit.PerMaterialTest" name="hasGravity[36: BROWN_MUSHROOM]" time="0"/>
  <testcase classname="org.bukkit.PerMaterialTest" name="isBurnable[36: BROWN_MUSHROOM]" time="0"/>
  <testcase classname="org.bukkit.PerMaterialTest" name="isEdible[36: BROWN_MUSHROOM]" time="0"/>
  <testcase classname="org.bukkit.PerMaterialTest" name="maxDurability[36: BROWN_MUSHROOM]" time="0"/>
  <testcase classname="org.bukkit.PerMaterialTest" name="isOccluding[36: BROWN_MUSHROOM]" time="0"/>
  <testcase classname="org.bukkit.PerMaterialTest" name="isRecord[36: BROWN_MUSHROOM]" time="0"/>
  <testcase classname="org.bukkit.PerMaterialTest" name="isFlammable[36: BROWN_MUSHROOM]" time="0"/>
  <testcase classname="org.bukkit.PerMaterialTest" name="maxStackSize[36: BROWN_MUSHROOM]" time="0"/>
  <testcase classname="org.bukkit.PerMaterialTest" name="isTransparent[36: BROWN_MUSHROOM]" time="0"/>
  <testcase classname="org.bukkit.PerMaterialTest" name="isSolid[36: BROWN_MUSHROOM]" time="0"/>
  <testcase classname="org.bukkit.PerMaterialTest" name="hasGravity[37: RED_MUSHROOM]" time="0"/>
  <testcase classname="org.bukkit.PerMaterialTest" name="isBurnable[37: RED_MUSHROOM]" time="0"/>
  <testcase classname="org.bukkit.PerMaterialTest" name="isEdible[37: RED_MUSHROOM]" time="0"/>
  <testcase classname="org.bukkit.PerMaterialTest" name="maxDurability[37: RED_MUSHROOM]" time="0"/>
  <testcase classname="org.bukkit.PerMaterialTest" name="isOccluding[37: RED_MUSHROOM]" time="0"/>
  <testcase classname="org.bukkit.PerMaterialTest" name="isRecord[37: RED_MUSHROOM]" time="0"/>
  <testcase classname="org.bukkit.PerMaterialTest" name="isFlammable[37: RED_MUSHROOM]" time="0"/>
  <testcase classname="org.bukkit.PerMaterialTest" name="maxStackSize[37: RED_MUSHROOM]" time="0"/>
  <testcase classname="org.bukkit.PerMaterialTest" name="isTransparent[37: RED_MUSHROOM]" time="0"/>
  <testcase classname="org.bukkit.PerMaterialTest" name="isSolid[37: RED_MUSHROOM]" time="0"/>
  <testcase classname="org.bukkit.PerMaterialTest" name="hasGravity[38: GOLD_BLOCK]" time="0"/>
  <testcase classname="org.bukkit.PerMaterialTest" name="isBurnable[38: GOLD_BLOCK]" time="0"/>
  <testcase classname="org.bukkit.PerMaterialTest" name="isEdible[38: GOLD_BLOCK]" time="0"/>
  <testcase classname="org.bukkit.PerMaterialTest" name="maxDurability[38: GOLD_BLOCK]" time="0.001"/>
  <testcase classname="org.bukkit.PerMaterialTest" name="isOccluding[38: GOLD_BLOCK]" time="0"/>
  <testcase classname="org.bukkit.PerMaterialTest" name="isRecord[38: GOLD_BLOCK]" time="0"/>
  <testcase classname="org.bukkit.PerMaterialTest" name="isFlammable[38: GOLD_BLOCK]" time="0"/>
  <testcase classname="org.bukkit.PerMaterialTest" name="maxStackSize[38: GOLD_BLOCK]" time="0"/>
  <testcase classname="org.bukkit.PerMaterialTest" name="isTransparent[38: GOLD_BLOCK]" time="0"/>
  <testcase classname="org.bukkit.PerMaterialTest" name="isSolid[38: GOLD_BLOCK]" time="0"/>
  <testcase classname="org.bukkit.PerMaterialTest" name="hasGravity[39: IRON_BLOCK]" time="0"/>
  <testcase classname="org.bukkit.PerMaterialTest" name="isBurnable[39: IRON_BLOCK]" time="0"/>
  <testcase classname="org.bukkit.PerMaterialTest" name="isEdible[39: IRON_BLOCK]" time="0"/>
  <testcase classname="org.bukkit.PerMaterialTest" name="maxDurability[39: IRON_BLOCK]" time="0"/>
  <testcase classname="org.bukkit.PerMaterialTest" name="isOccluding[39: IRON_BLOCK]" time="0"/>
  <testcase classname="org.bukkit.PerMaterialTest" name="isRecord[39: IRON_BLOCK]" time="0"/>
  <testcase classname="org.bukkit.PerMaterialTest" name="isFlammable[39: IRON_BLOCK]" time="0"/>
  <testcase classname="org.bukkit.PerMaterialTest" name="maxStackSize[39: IRON_BLOCK]" time="0"/>
  <testcase classname="org.bukkit.PerMaterialTest" name="isTransparent[39: IRON_BLOCK]" time="0"/>
  <testcase classname="org.bukkit.PerMaterialTest" name="isSolid[39: IRON_BLOCK]" time="0"/>
  <testcase classname="org.bukkit.PerMaterialTest" name="hasGravity[40: DOUBLE_STEP]" time="0"/>
  <testcase classname="org.bukkit.PerMaterialTest" name="isBurnable[40: DOUBLE_STEP]" time="0"/>
  <testcase classname="org.bukkit.PerMaterialTest" name="isEdible[40: DOUBLE_STEP]" time="0"/>
  <testcase classname="org.bukkit.PerMaterialTest" name="maxDurability[40: DOUBLE_STEP]" time="0"/>
  <testcase classname="org.bukkit.PerMaterialTest" name="isOccluding[40: DOUBLE_STEP]" time="0"/>
  <testcase classname="org.bukkit.PerMaterialTest" name="isRecord[40: DOUBLE_STEP]" time="0"/>
  <testcase classname="org.bukkit.PerMaterialTest" name="isFlammable[40: DOUBLE_STEP]" time="0"/>
  <testcase classname="org.bukkit.PerMaterialTest" name="maxStackSize[40: DOUBLE_STEP]" time="0"/>
  <testcase classname="org.bukkit.PerMaterialTest" name="isTransparent[40: DOUBLE_STEP]" time="0"/>
  <testcase classname="org.bukkit.PerMaterialTest" name="isSolid[40: DOUBLE_STEP]" time="0"/>
  <testcase classname="org.bukkit.PerMaterialTest" name="hasGravity[41: STEP]" time="0"/>
  <testcase classname="org.bukkit.PerMaterialTest" name="isBurnable[41: STEP]" time="0"/>
  <testcase classname="org.bukkit.PerMaterialTest" name="isEdible[41: STEP]" time="0"/>
  <testcase classname="org.bukkit.PerMaterialTest" name="maxDurability[41: STEP]" time="0"/>
  <testcase classname="org.bukkit.PerMaterialTest" name="isOccluding[41: STEP]" time="0"/>
  <testcase classname="org.bukkit.PerMaterialTest" name="isRecord[41: STEP]" time="0"/>
  <testcase classname="org.bukkit.PerMaterialTest" name="isFlammable[41: STEP]" time="0"/>
  <testcase classname="org.bukkit.PerMaterialTest" name="maxStackSize[41: STEP]" time="0"/>
  <testcase classname="org.bukkit.PerMaterialTest" name="isTransparent[41: STEP]" time="0"/>
  <testcase classname="org.bukkit.PerMaterialTest" name="isSolid[41: STEP]" time="0"/>
  <testcase classname="org.bukkit.PerMaterialTest" name="hasGravity[42: BRICK]" time="0"/>
  <testcase classname="org.bukkit.PerMaterialTest" name="isBurnable[42: BRICK]" time="0"/>
  <testcase classname="org.bukkit.PerMaterialTest" name="isEdible[42: BRICK]" time="0"/>
  <testcase classname="org.bukkit.PerMaterialTest" name="maxDurability[42: BRICK]" time="0"/>
  <testcase classname="org.bukkit.PerMaterialTest" name="isOccluding[42: BRICK]" time="0"/>
  <testcase classname="org.bukkit.PerMaterialTest" name="isRecord[42: BRICK]" time="0"/>
  <testcase classname="org.bukkit.PerMaterialTest" name="isFlammable[42: BRICK]" time="0"/>
  <testcase classname="org.bukkit.PerMaterialTest" name="maxStackSize[42: BRICK]" time="0"/>
  <testcase classname="org.bukkit.PerMaterialTest" name="isTransparent[42: BRICK]" time="0"/>
  <testcase classname="org.bukkit.PerMaterialTest" name="isSolid[42: BRICK]" time="0"/>
  <testcase classname="org.bukkit.PerMaterialTest" name="hasGravity[43: TNT]" time="0"/>
  <testcase classname="org.bukkit.PerMaterialTest" name="isBurnable[43: TNT]" time="0"/>
  <testcase classname="org.bukkit.PerMaterialTest" name="isEdible[43: TNT]" time="0"/>
  <testcase classname="org.bukkit.PerMaterialTest" name="maxDurability[43: TNT]" time="0"/>
  <testcase classname="org.bukkit.PerMaterialTest" name="isOccluding[43: TNT]" time="0"/>
  <testcase classname="org.bukkit.PerMaterialTest" name="isRecord[43: TNT]" time="0.001"/>
  <testcase classname="org.bukkit.PerMaterialTest" name="isFlammable[43: TNT]" time="0"/>
  <testcase classname="org.bukkit.PerMaterialTest" name="maxStackSize[43: TNT]" time="0"/>
  <testcase classname="org.bukkit.PerMaterialTest" name="isTransparent[43: TNT]" time="0"/>
  <testcase classname="org.bukkit.PerMaterialTest" name="isSolid[43: TNT]" time="0"/>
  <testcase classname="org.bukkit.PerMaterialTest" name="hasGravity[44: BOOKSHELF]" time="0"/>
  <testcase classname="org.bukkit.PerMaterialTest" name="isBurnable[44: BOOKSHELF]" time="0"/>
  <testcase classname="org.bukkit.PerMaterialTest" name="isEdible[44: BOOKSHELF]" time="0"/>
  <testcase classname="org.bukkit.PerMaterialTest" name="maxDurability[44: BOOKSHELF]" time="0"/>
  <testcase classname="org.bukkit.PerMaterialTest" name="isOccluding[44: BOOKSHELF]" time="0"/>
  <testcase classname="org.bukkit.PerMaterialTest" name="isRecord[44: BOOKSHELF]" time="0"/>
  <testcase classname="org.bukkit.PerMaterialTest" name="isFlammable[44: BOOKSHELF]" time="0"/>
  <testcase classname="org.bukkit.PerMaterialTest" name="maxStackSize[44: BOOKSHELF]" time="0"/>
  <testcase classname="org.bukkit.PerMaterialTest" name="isTransparent[44: BOOKSHELF]" time="0"/>
  <testcase classname="org.bukkit.PerMaterialTest" name="isSolid[44: BOOKSHELF]" time="0"/>
  <testcase classname="org.bukkit.PerMaterialTest" name="hasGravity[45: MOSSY_COBBLESTONE]" time="0"/>
  <testcase classname="org.bukkit.PerMaterialTest" name="isBurnable[45: MOSSY_COBBLESTONE]" time="0"/>
  <testcase classname="org.bukkit.PerMaterialTest" name="isEdible[45: MOSSY_COBBLESTONE]" time="0"/>
  <testcase classname="org.bukkit.PerMaterialTest" name="maxDurability[45: MOSSY_COBBLESTONE]" time="0"/>
  <testcase classname="org.bukkit.PerMaterialTest" name="isOccluding[45: MOSSY_COBBLESTONE]" time="0"/>
  <testcase classname="org.bukkit.PerMaterialTest" name="isRecord[45: MOSSY_COBBLESTONE]" time="0"/>
  <testcase classname="org.bukkit.PerMaterialTest" name="isFlammable[45: MOSSY_COBBLESTONE]" time="0"/>
  <testcase classname="org.bukkit.PerMaterialTest" name="maxStackSize[45: MOSSY_COBBLESTONE]" time="0"/>
  <testcase classname="org.bukkit.PerMaterialTest" name="isTransparent[45: MOSSY_COBBLESTONE]" time="0"/>
  <testcase classname="org.bukkit.PerMaterialTest" name="isSolid[45: MOSSY_COBBLESTONE]" time="0"/>
  <testcase classname="org.bukkit.PerMaterialTest" name="hasGravity[46: OBSIDIAN]" time="0"/>
  <testcase classname="org.bukkit.PerMaterialTest" name="isBurnable[46: OBSIDIAN]" time="0"/>
  <testcase classname="org.bukkit.PerMaterialTest" name="isEdible[46: OBSIDIAN]" time="0"/>
  <testcase classname="org.bukkit.PerMaterialTest" name="maxDurability[46: OBSIDIAN]" time="0"/>
  <testcase classname="org.bukkit.PerMaterialTest" name="isOccluding[46: OBSIDIAN]" time="0"/>
  <testcase classname="org.bukkit.PerMaterialTest" name="isRecord[46: OBSIDIAN]" time="0"/>
  <testcase classname="org.bukkit.PerMaterialTest" name="isFlammable[46: OBSIDIAN]" time="0"/>
  <testcase classname="org.bukkit.PerMaterialTest" name="maxStackSize[46: OBSIDIAN]" time="0"/>
  <testcase classname="org.bukkit.PerMaterialTest" name="isTransparent[46: OBSIDIAN]" time="0"/>
  <testcase classname="org.bukkit.PerMaterialTest" name="isSolid[46: OBSIDIAN]" time="0"/>
  <testcase classname="org.bukkit.PerMaterialTest" name="hasGravity[47: TORCH]" time="0"/>
  <testcase classname="org.bukkit.PerMaterialTest" name="isBurnable[47: TORCH]" time="0"/>
  <testcase classname="org.bukkit.PerMaterialTest" name="isEdible[47: TORCH]" time="0"/>
  <testcase classname="org.bukkit.PerMaterialTest" name="maxDurability[47: TORCH]" time="0"/>
  <testcase classname="org.bukkit.PerMaterialTest" name="isOccluding[47: TORCH]" time="0"/>
  <testcase classname="org.bukkit.PerMaterialTest" name="isRecord[47: TORCH]" time="0"/>
  <testcase classname="org.bukkit.PerMaterialTest" name="isFlammable[47: TORCH]" time="0"/>
  <testcase classname="org.bukkit.PerMaterialTest" name="maxStackSize[47: TORCH]" time="0"/>
  <testcase classname="org.bukkit.PerMaterialTest" name="isTransparent[47: TORCH]" time="0"/>
  <testcase classname="org.bukkit.PerMaterialTest" name="isSolid[47: TORCH]" time="0"/>
  <testcase classname="org.bukkit.PerMaterialTest" name="hasGravity[48: FIRE]" time="0"/>
  <testcase classname="org.bukkit.PerMaterialTest" name="isBurnable[48: FIRE]" time="0"/>
  <testcase classname="org.bukkit.PerMaterialTest" name="isEdible[48: FIRE]" time="0"/>
  <testcase classname="org.bukkit.PerMaterialTest" name="maxDurability[48: FIRE]" time="0"/>
  <testcase classname="org.bukkit.PerMaterialTest" name="isOccluding[48: FIRE]" time="0"/>
  <testcase classname="org.bukkit.PerMaterialTest" name="isRecord[48: FIRE]" time="0"/>
  <testcase classname="org.bukkit.PerMaterialTest" name="isFlammable[48: FIRE]" time="0"/>
  <testcase classname="org.bukkit.PerMaterialTest" name="maxStackSize[48: FIRE]" time="0"/>
  <testcase classname="org.bukkit.PerMaterialTest" name="isTransparent[48: FIRE]" time="0"/>
  <testcase classname="org.bukkit.PerMaterialTest" name="isSolid[48: FIRE]" time="0"/>
  <testcase classname="org.bukkit.PerMaterialTest" name="hasGravity[49: MOB_SPAWNER]" time="0"/>
  <testcase classname="org.bukkit.PerMaterialTest" name="isBurnable[49: MOB_SPAWNER]" time="0"/>
  <testcase classname="org.bukkit.PerMaterialTest" name="isEdible[49: MOB_SPAWNER]" time="0"/>
  <testcase classname="org.bukkit.PerMaterialTest" name="maxDurability[49: MOB_SPAWNER]" time="0"/>
  <testcase classname="org.bukkit.PerMaterialTest" name="isOccluding[49: MOB_SPAWNER]" time="0.001"/>
  <testcase classname="org.bukkit.PerMaterialTest" name="isRecord[49: MOB_SPAWNER]" time="0"/>
  <testcase classname="org.bukkit.PerMaterialTest" name="isFlammable[49: MOB_SPAWNER]" time="0"/>
  <testcase classname="org.bukkit.PerMaterialTest" name="maxStackSize[49: MOB_SPAWNER]" time="0"/>
  <testcase classname="org.bukkit.PerMaterialTest" name="isTransparent[49: MOB_SPAWNER]" time="0"/>
  <testcase classname="org.bukkit.PerMaterialTest" name="isSolid[49: MOB_SPAWNER]" time="0"/>
  <testcase classname="org.bukkit.PerMaterialTest" name="hasGravity[50: WOOD_STAIRS]" time="0"/>
  <testcase classname="org.bukkit.PerMaterialTest" name="isBurnable[50: WOOD_STAIRS]" time="0"/>
  <testcase classname="org.bukkit.PerMaterialTest" name="isEdible[50: WOOD_STAIRS]" time="0"/>
  <testcase classname="org.bukkit.PerMaterialTest" name="maxDurability[50: WOOD_STAIRS]" time="0"/>
  <testcase classname="org.bukkit.PerMaterialTest" name="isOccluding[50: WOOD_STAIRS]" time="0"/>
  <testcase classname="org.bukkit.PerMaterialTest" name="isRecord[50: WOOD_STAIRS]" time="0"/>
  <testcase classname="org.bukkit.PerMaterialTest" name="isFlammable[50: WOOD_STAIRS]" time="0"/>
  <testcase classname="org.bukkit.PerMaterialTest" name="maxStackSize[50: WOOD_STAIRS]" time="0"/>
  <testcase classname="org.bukkit.PerMaterialTest" name="isTransparent[50: WOOD_STAIRS]" time="0"/>
  <testcase classname="org.bukkit.PerMaterialTest" name="isSolid[50: WOOD_STAIRS]" time="0"/>
  <testcase classname="org.bukkit.PerMaterialTest" name="hasGravity[51: CHEST]" time="0"/>
  <testcase classname="org.bukkit.PerMaterialTest" name="isBurnable[51: CHEST]" time="0"/>
  <testcase classname="org.bukkit.PerMaterialTest" name="isEdible[51: CHEST]" time="0"/>
  <testcase classname="org.bukkit.PerMaterialTest" name="maxDurability[51: CHEST]" time="0"/>
  <testcase classname="org.bukkit.PerMaterialTest" name="isOccluding[51: CHEST]" time="0"/>
  <testcase classname="org.bukkit.PerMaterialTest" name="isRecord[51: CHEST]" time="0"/>
  <testcase classname="org.bukkit.PerMaterialTest" name="isFlammable[51: CHEST]" time="0"/>
  <testcase classname="org.bukkit.PerMaterialTest" name="maxStackSize[51: CHEST]" time="0"/>
  <testcase classname="org.bukkit.PerMaterialTest" name="isTransparent[51: CHEST]" time="0"/>
  <testcase classname="org.bukkit.PerMaterialTest" name="isSolid[51: CHEST]" time="0"/>
  <testcase classname="org.bukkit.PerMaterialTest" name="hasGravity[52: DIAMOND_ORE]" time="0"/>
  <testcase classname="org.bukkit.PerMaterialTest" name="isBurnable[52: DIAMOND_ORE]" time="0"/>
  <testcase classname="org.bukkit.PerMaterialTest" name="isEdible[52: DIAMOND_ORE]" time="0"/>
  <testcase classname="org.bukkit.PerMaterialTest" name="maxDurability[52: DIAMOND_ORE]" time="0"/>
  <testcase classname="org.bukkit.PerMaterialTest" name="isOccluding[52: DIAMOND_ORE]" time="0"/>
  <testcase classname="org.bukkit.PerMaterialTest" name="isRecord[52: DIAMOND_ORE]" time="0"/>
  <testcase classname="org.bukkit.PerMaterialTest" name="isFlammable[52: DIAMOND_ORE]" time="0"/>
  <testcase classname="org.bukkit.PerMaterialTest" name="maxStackSize[52: DIAMOND_ORE]" time="0"/>
  <testcase classname="org.bukkit.PerMaterialTest" name="isTransparent[52: DIAMOND_ORE]" time="0"/>
  <testcase classname="org.bukkit.PerMaterialTest" name="isSolid[52: DIAMOND_ORE]" time="0"/>
  <testcase classname="org.bukkit.PerMaterialTest" name="hasGravity[53: DIAMOND_BLOCK]" time="0"/>
  <testcase classname="org.bukkit.PerMaterialTest" name="isBurnable[53: DIAMOND_BLOCK]" time="0"/>
  <testcase classname="org.bukkit.PerMaterialTest" name="isEdible[53: DIAMOND_BLOCK]" time="0"/>
  <testcase classname="org.bukkit.PerMaterialTest" name="maxDurability[53: DIAMOND_BLOCK]" time="0"/>
  <testcase classname="org.bukkit.PerMaterialTest" name="isOccluding[53: DIAMOND_BLOCK]" time="0"/>
  <testcase classname="org.bukkit.PerMaterialTest" name="isRecord[53: DIAMOND_BLOCK]" time="0"/>
  <testcase classname="org.bukkit.PerMaterialTest" name="isFlammable[53: DIAMOND_BLOCK]" time="0"/>
  <testcase classname="org.bukkit.PerMaterialTest" name="maxStackSize[53: DIAMOND_BLOCK]" time="0"/>
  <testcase classname="org.bukkit.PerMaterialTest" name="isTransparent[53: DIAMOND_BLOCK]" time="0"/>
  <testcase classname="org.bukkit.PerMaterialTest" name="isSolid[53: DIAMOND_BLOCK]" time="0"/>
  <testcase classname="org.bukkit.PerMaterialTest" name="hasGravity[54: WORKBENCH]" time="0"/>
  <testcase classname="org.bukkit.PerMaterialTest" name="isBurnable[54: WORKBENCH]" time="0"/>
  <testcase classname="org.bukkit.PerMaterialTest" name="isEdible[54: WORKBENCH]" time="0"/>
  <testcase classname="org.bukkit.PerMaterialTest" name="maxDurability[54: WORKBENCH]" time="0"/>
  <testcase classname="org.bukkit.PerMaterialTest" name="isOccluding[54: WORKBENCH]" time="0"/>
  <testcase classname="org.bukkit.PerMaterialTest" name="isRecord[54: WORKBENCH]" time="0"/>
  <testcase classname="org.bukkit.PerMaterialTest" name="isFlammable[54: WORKBENCH]" time="0"/>
  <testcase classname="org.bukkit.PerMaterialTest" name="maxStackSize[54: WORKBENCH]" time="0"/>
  <testcase classname="org.bukkit.PerMaterialTest" name="isTransparent[54: WORKBENCH]" time="0"/>
  <testcase classname="org.bukkit.PerMaterialTest" name="isSolid[54: WORKBENCH]" time="0"/>
  <testcase classname="org.bukkit.PerMaterialTest" name="hasGravity[55: SOIL]" time="0"/>
  <testcase classname="org.bukkit.PerMaterialTest" name="isBurnable[55: SOIL]" time="0"/>
  <testcase classname="org.bukkit.PerMaterialTest" name="isEdible[55: SOIL]" time="0"/>
  <testcase classname="org.bukkit.PerMaterialTest" name="maxDurability[55: SOIL]" time="0"/>
  <testcase classname="org.bukkit.PerMaterialTest" name="isOccluding[55: SOIL]" time="0"/>
  <testcase classname="org.bukkit.PerMaterialTest" name="isRecord[55: SOIL]" time="0"/>
  <testcase classname="org.bukkit.PerMaterialTest" name="isFlammable[55: SOIL]" time="0"/>
  <testcase classname="org.bukkit.PerMaterialTest" name="maxStackSize[55: SOIL]" time="0"/>
  <testcase classname="org.bukkit.PerMaterialTest" name="isTransparent[55: SOIL]" time="0"/>
  <testcase classname="org.bukkit.PerMaterialTest" name="isSolid[55: SOIL]" time="0"/>
  <testcase classname="org.bukkit.PerMaterialTest" name="hasGravity[56: FURNACE]" time="0"/>
  <testcase classname="org.bukkit.PerMaterialTest" name="isBurnable[56: FURNACE]" time="0"/>
  <testcase classname="org.bukkit.PerMaterialTest" name="isEdible[56: FURNACE]" time="0"/>
  <testcase classname="org.bukkit.PerMaterialTest" name="maxDurability[56: FURNACE]" time="0"/>
  <testcase classname="org.bukkit.PerMaterialTest" name="isOccluding[56: FURNACE]" time="0"/>
  <testcase classname="org.bukkit.PerMaterialTest" name="isRecord[56: FURNACE]" time="0"/>
  <testcase classname="org.bukkit.PerMaterialTest" name="isFlammable[56: FURNACE]" time="0"/>
  <testcase classname="org.bukkit.PerMaterialTest" name="maxStackSize[56: FURNACE]" time="0"/>
  <testcase classname="org.bukkit.PerMaterialTest" name="isTransparent[56: FURNACE]" time="0"/>
  <testcase classname="org.bukkit.PerMaterialTest" name="isSolid[56: FURNACE]" time="0"/>
  <testcase classname="org.bukkit.PerMaterialTest" name="hasGravity[57: BURNING_FURNACE]" time="0"/>
  <testcase classname="org.bukkit.PerMaterialTest" name="isBurnable[57: BURNING_FURNACE]" time="0"/>
  <testcase classname="org.bukkit.PerMaterialTest" name="isEdible[57: BURNING_FURNACE]" time="0"/>
  <testcase classname="org.bukkit.PerMaterialTest" name="maxDurability[57: BURNING_FURNACE]" time="0"/>
  <testcase classname="org.bukkit.PerMaterialTest" name="isOccluding[57: BURNING_FURNACE]" time="0"/>
  <testcase classname="org.bukkit.PerMaterialTest" name="isRecord[57: BURNING_FURNACE]" time="0"/>
  <testcase classname="org.bukkit.PerMaterialTest" name="isFlammable[57: BURNING_FURNACE]" time="0"/>
  <testcase classname="org.bukkit.PerMaterialTest" name="maxStackSize[57: BURNING_FURNACE]" time="0"/>
  <testcase classname="org.bukkit.PerMaterialTest" name="isTransparent[57: BURNING_FURNACE]" time="0"/>
  <testcase classname="org.bukkit.PerMaterialTest" name="isSolid[57: BURNING_FURNACE]" time="0"/>
  <testcase classname="org.bukkit.PerMaterialTest" name="hasGravity[58: LADDER]" time="0"/>
  <testcase classname="org.bukkit.PerMaterialTest" name="isBurnable[58: LADDER]" time="0"/>
  <testcase classname="org.bukkit.PerMaterialTest" name="isEdible[58: LADDER]" time="0"/>
  <testcase classname="org.bukkit.PerMaterialTest" name="maxDurability[58: LADDER]" time="0"/>
  <testcase classname="org.bukkit.PerMaterialTest" name="isOccluding[58: LADDER]" time="0"/>
  <testcase classname="org.bukkit.PerMaterialTest" name="isRecord[58: LADDER]" time="0"/>
  <testcase classname="org.bukkit.PerMaterialTest" name="isFlammable[58: LADDER]" time="0"/>
  <testcase classname="org.bukkit.PerMaterialTest" name="maxStackSize[58: LADDER]" time="0"/>
  <testcase classname="org.bukkit.PerMaterialTest" name="isTransparent[58: LADDER]" time="0"/>
  <testcase classname="org.bukkit.PerMaterialTest" name="isSolid[58: LADDER]" time="0"/>
  <testcase classname="org.bukkit.PerMaterialTest" name="hasGravity[59: RAILS]" time="0"/>
  <testcase classname="org.bukkit.PerMaterialTest" name="isBurnable[59: RAILS]" time="0"/>
  <testcase classname="org.bukkit.PerMaterialTest" name="isEdible[59: RAILS]" time="0"/>
  <testcase classname="org.bukkit.PerMaterialTest" name="maxDurability[59: RAILS]" time="0"/>
  <testcase classname="org.bukkit.PerMaterialTest" name="isOccluding[59: RAILS]" time="0"/>
  <testcase classname="org.bukkit.PerMaterialTest" name="isRecord[59: RAILS]" time="0"/>
  <testcase classname="org.bukkit.PerMaterialTest" name="isFlammable[59: RAILS]" time="0"/>
  <testcase classname="org.bukkit.PerMaterialTest" name="maxStackSize[59: RAILS]" time="0"/>
  <testcase classname="org.bukkit.PerMaterialTest" name="isTransparent[59: RAILS]" time="0"/>
  <testcase classname="org.bukkit.PerMaterialTest" name="isSolid[59: RAILS]" time="0"/>
  <testcase classname="org.bukkit.PerMaterialTest" name="hasGravity[60: COBBLESTONE_STAIRS]" time="0"/>
  <testcase classname="org.bukkit.PerMaterialTest" name="isBurnable[60: COBBLESTONE_STAIRS]" time="0"/>
  <testcase classname="org.bukkit.PerMaterialTest" name="isEdible[60: COBBLESTONE_STAIRS]" time="0"/>
  <testcase classname="org.bukkit.PerMaterialTest" name="maxDurability[60: COBBLESTONE_STAIRS]" time="0"/>
  <testcase classname="org.bukkit.PerMaterialTest" name="isOccluding[60: COBBLESTONE_STAIRS]" time="0"/>
  <testcase classname="org.bukkit.PerMaterialTest" name="isRecord[60: COBBLESTONE_STAIRS]" time="0"/>
  <testcase classname="org.bukkit.PerMaterialTest" name="isFlammable[60: COBBLESTONE_STAIRS]" time="0"/>
  <testcase classname="org.bukkit.PerMaterialTest" name="maxStackSize[60: COBBLESTONE_STAIRS]" time="0"/>
  <testcase classname="org.bukkit.PerMaterialTest" name="isTransparent[60: COBBLESTONE_STAIRS]" time="0"/>
  <testcase classname="org.bukkit.PerMaterialTest" name="isSolid[60: COBBLESTONE_STAIRS]" time="0"/>
  <testcase classname="org.bukkit.PerMaterialTest" name="hasGravity[61: LEVER]" time="0"/>
  <testcase classname="org.bukkit.PerMaterialTest" name="isBurnable[61: LEVER]" time="0"/>
  <testcase classname="org.bukkit.PerMaterialTest" name="isEdible[61: LEVER]" time="0"/>
  <testcase classname="org.bukkit.PerMaterialTest" name="maxDurability[61: LEVER]" time="0"/>
  <testcase classname="org.bukkit.PerMaterialTest" name="isOccluding[61: LEVER]" time="0"/>
  <testcase classname="org.bukkit.PerMaterialTest" name="isRecord[61: LEVER]" time="0"/>
  <testcase classname="org.bukkit.PerMaterialTest" name="isFlammable[61: LEVER]" time="0"/>
  <testcase classname="org.bukkit.PerMaterialTest" name="maxStackSize[61: LEVER]" time="0"/>
  <testcase classname="org.bukkit.PerMaterialTest" name="isTransparent[61: LEVER]" time="0"/>
  <testcase classname="org.bukkit.PerMaterialTest" name="isSolid[61: LEVER]" time="0"/>
  <testcase classname="org.bukkit.PerMaterialTest" name="hasGravity[62: STONE_PLATE]" time="0"/>
  <testcase classname="org.bukkit.PerMaterialTest" name="isBurnable[62: STONE_PLATE]" time="0"/>
  <testcase classname="org.bukkit.PerMaterialTest" name="isEdible[62: STONE_PLATE]" time="0"/>
  <testcase classname="org.bukkit.PerMaterialTest" name="maxDurability[62: STONE_PLATE]" time="0"/>
  <testcase classname="org.bukkit.PerMaterialTest" name="isOccluding[62: STONE_PLATE]" time="0"/>
  <testcase classname="org.bukkit.PerMaterialTest" name="isRecord[62: STONE_PLATE]" time="0"/>
  <testcase classname="org.bukkit.PerMaterialTest" name="isFlammable[62: STONE_PLATE]" time="0"/>
  <testcase classname="org.bukkit.PerMaterialTest" name="maxStackSize[62: STONE_PLATE]" time="0"/>
  <testcase classname="org.bukkit.PerMaterialTest" name="isTransparent[62: STONE_PLATE]" time="0"/>
  <testcase classname="org.bukkit.PerMaterialTest" name="isSolid[62: STONE_PLATE]" time="0"/>
  <testcase classname="org.bukkit.PerMaterialTest" name="hasGravity[63: WOOD_PLATE]" time="0"/>
  <testcase classname="org.bukkit.PerMaterialTest" name="isBurnable[63: WOOD_PLATE]" time="0"/>
  <testcase classname="org.bukkit.PerMaterialTest" name="isEdible[63: WOOD_PLATE]" time="0"/>
  <testcase classname="org.bukkit.PerMaterialTest" name="maxDurability[63: WOOD_PLATE]" time="0"/>
  <testcase classname="org.bukkit.PerMaterialTest" name="isOccluding[63: WOOD_PLATE]" time="0"/>
  <testcase classname="org.bukkit.PerMaterialTest" name="isRecord[63: WOOD_PLATE]" time="0"/>
  <testcase classname="org.bukkit.PerMaterialTest" name="isFlammable[63: WOOD_PLATE]" time="0"/>
  <testcase classname="org.bukkit.PerMaterialTest" name="maxStackSize[63: WOOD_PLATE]" time="0"/>
  <testcase classname="org.bukkit.PerMaterialTest" name="isTransparent[63: WOOD_PLATE]" time="0"/>
  <testcase classname="org.bukkit.PerMaterialTest" name="isSolid[63: WOOD_PLATE]" time="0"/>
  <testcase classname="org.bukkit.PerMaterialTest" name="hasGravity[64: REDSTONE_ORE]" time="0"/>
  <testcase classname="org.bukkit.PerMaterialTest" name="isBurnable[64: REDSTONE_ORE]" time="0"/>
  <testcase classname="org.bukkit.PerMaterialTest" name="isEdible[64: REDSTONE_ORE]" time="0"/>
  <testcase classname="org.bukkit.PerMaterialTest" name="maxDurability[64: REDSTONE_ORE]" time="0"/>
  <testcase classname="org.bukkit.PerMaterialTest" name="isOccluding[64: REDSTONE_ORE]" time="0"/>
  <testcase classname="org.bukkit.PerMaterialTest" name="isRecord[64: REDSTONE_ORE]" time="0"/>
  <testcase classname="org.bukkit.PerMaterialTest" name="isFlammable[64: REDSTONE_ORE]" time="0"/>
  <testcase classname="org.bukkit.PerMaterialTest" name="maxStackSize[64: REDSTONE_ORE]" time="0"/>
  <testcase classname="org.bukkit.PerMaterialTest" name="isTransparent[64: REDSTONE_ORE]" time="0"/>
  <testcase classname="org.bukkit.PerMaterialTest" name="isSolid[64: REDSTONE_ORE]" time="0"/>
  <testcase classname="org.bukkit.PerMaterialTest" name="hasGravity[65: REDSTONE_TORCH_ON]" time="0"/>
  <testcase classname="org.bukkit.PerMaterialTest" name="isBurnable[65: REDSTONE_TORCH_ON]" time="0"/>
  <testcase classname="org.bukkit.PerMaterialTest" name="isEdible[65: REDSTONE_TORCH_ON]" time="0"/>
  <testcase classname="org.bukkit.PerMaterialTest" name="maxDurability[65: REDSTONE_TORCH_ON]" time="0"/>
  <testcase classname="org.bukkit.PerMaterialTest" name="isOccluding[65: REDSTONE_TORCH_ON]" time="0"/>
  <testcase classname="org.bukkit.PerMaterialTest" name="isRecord[65: REDSTONE_TORCH_ON]" time="0"/>
  <testcase classname="org.bukkit.PerMaterialTest" name="isFlammable[65: REDSTONE_TORCH_ON]" time="0"/>
  <testcase classname="org.bukkit.PerMaterialTest" name="maxStackSize[65: REDSTONE_TORCH_ON]" time="0"/>
  <testcase classname="org.bukkit.PerMaterialTest" name="isTransparent[65: REDSTONE_TORCH_ON]" time="0"/>
  <testcase classname="org.bukkit.PerMaterialTest" name="isSolid[65: REDSTONE_TORCH_ON]" time="0"/>
  <testcase classname="org.bukkit.PerMaterialTest" name="hasGravity[66: STONE_BUTTON]" time="0"/>
  <testcase classname="org.bukkit.PerMaterialTest" name="isBurnable[66: STONE_BUTTON]" time="0"/>
  <testcase classname="org.bukkit.PerMaterialTest" name="isEdible[66: STONE_BUTTON]" time="0"/>
  <testcase classname="org.bukkit.PerMaterialTest" name="maxDurability[66: STONE_BUTTON]" time="0"/>
  <testcase classname="org.bukkit.PerMaterialTest" name="isOccluding[66: STONE_BUTTON]" time="0"/>
  <testcase classname="org.bukkit.PerMaterialTest" name="isRecord[66: STONE_BUTTON]" time="0"/>
  <testcase classname="org.bukkit.PerMaterialTest" name="isFlammable[66: STONE_BUTTON]" time="0"/>
  <testcase classname="org.bukkit.PerMaterialTest" name="maxStackSize[66: STONE_BUTTON]" time="0"/>
  <testcase classname="org.bukkit.PerMaterialTest" name="isTransparent[66: STONE_BUTTON]" time="0"/>
  <testcase classname="org.bukkit.PerMaterialTest" name="isSolid[66: STONE_BUTTON]" time="0"/>
  <testcase classname="org.bukkit.PerMaterialTest" name="hasGravity[67: SNOW]" time="0"/>
  <testcase classname="org.bukkit.PerMaterialTest" name="isBurnable[67: SNOW]" time="0"/>
  <testcase classname="org.bukkit.PerMaterialTest" name="isEdible[67: SNOW]" time="0"/>
  <testcase classname="org.bukkit.PerMaterialTest" name="maxDurability[67: SNOW]" time="0"/>
  <testcase classname="org.bukkit.PerMaterialTest" name="isOccluding[67: SNOW]" time="0"/>
  <testcase classname="org.bukkit.PerMaterialTest" name="isRecord[67: SNOW]" time="0"/>
  <testcase classname="org.bukkit.PerMaterialTest" name="isFlammable[67: SNOW]" time="0"/>
  <testcase classname="org.bukkit.PerMaterialTest" name="maxStackSize[67: SNOW]" time="0"/>
  <testcase classname="org.bukkit.PerMaterialTest" name="isTransparent[67: SNOW]" time="0"/>
  <testcase classname="org.bukkit.PerMaterialTest" name="isSolid[67: SNOW]" time="0"/>
  <testcase classname="org.bukkit.PerMaterialTest" name="hasGravity[68: ICE]" time="0"/>
  <testcase classname="org.bukkit.PerMaterialTest" name="isBurnable[68: ICE]" time="0"/>
  <testcase classname="org.bukkit.PerMaterialTest" name="isEdible[68: ICE]" time="0"/>
  <testcase classname="org.bukkit.PerMaterialTest" name="maxDurability[68: ICE]" time="0"/>
  <testcase classname="org.bukkit.PerMaterialTest" name="isOccluding[68: ICE]" time="0"/>
  <testcase classname="org.bukkit.PerMaterialTest" name="isRecord[68: ICE]" time="0"/>
  <testcase classname="org.bukkit.PerMaterialTest" name="isFlammable[68: ICE]" time="0"/>
  <testcase classname="org.bukkit.PerMaterialTest" name="maxStackSize[68: ICE]" time="0"/>
  <testcase classname="org.bukkit.PerMaterialTest" name="isTransparent[68: ICE]" time="0"/>
  <testcase classname="org.bukkit.PerMaterialTest" name="isSolid[68: ICE]" time="0"/>
  <testcase classname="org.bukkit.PerMaterialTest" name="hasGravity[69: SNOW_BLOCK]" time="0"/>
  <testcase classname="org.bukkit.PerMaterialTest" name="isBurnable[69: SNOW_BLOCK]" time="0"/>
  <testcase classname="org.bukkit.PerMaterialTest" name="isEdible[69: SNOW_BLOCK]" time="0"/>
  <testcase classname="org.bukkit.PerMaterialTest" name="maxDurability[69: SNOW_BLOCK]" time="0"/>
  <testcase classname="org.bukkit.PerMaterialTest" name="isOccluding[69: SNOW_BLOCK]" time="0"/>
  <testcase classname="org.bukkit.PerMaterialTest" name="isRecord[69: SNOW_BLOCK]" time="0"/>
  <testcase classname="org.bukkit.PerMaterialTest" name="isFlammable[69: SNOW_BLOCK]" time="0"/>
  <testcase classname="org.bukkit.PerMaterialTest" name="maxStackSize[69: SNOW_BLOCK]" time="0"/>
  <testcase classname="org.bukkit.PerMaterialTest" name="isTransparent[69: SNOW_BLOCK]" time="0"/>
  <testcase classname="org.bukkit.PerMaterialTest" name="isSolid[69: SNOW_BLOCK]" time="0"/>
  <testcase classname="org.bukkit.PerMaterialTest" name="hasGravity[70: CACTUS]" time="0"/>
  <testcase classname="org.bukkit.PerMaterialTest" name="isBurnable[70: CACTUS]" time="0"/>
  <testcase classname="org.bukkit.PerMaterialTest" name="isEdible[70: CACTUS]" time="0"/>
  <testcase classname="org.bukkit.PerMaterialTest" name="maxDurability[70: CACTUS]" time="0"/>
  <testcase classname="org.bukkit.PerMaterialTest" name="isOccluding[70: CACTUS]" time="0"/>
  <testcase classname="org.bukkit.PerMaterialTest" name="isRecord[70: CACTUS]" time="0"/>
  <testcase classname="org.bukkit.PerMaterialTest" name="isFlammable[70: CACTUS]" time="0"/>
  <testcase classname="org.bukkit.PerMaterialTest" name="maxStackSize[70: CACTUS]" time="0"/>
  <testcase classname="org.bukkit.PerMaterialTest" name="isTransparent[70: CACTUS]" time="0"/>
  <testcase classname="org.bukkit.PerMaterialTest" name="isSolid[70: CACTUS]" time="0"/>
  <testcase classname="org.bukkit.PerMaterialTest" name="hasGravity[71: CLAY]" time="0"/>
  <testcase classname="org.bukkit.PerMaterialTest" name="isBurnable[71: CLAY]" time="0"/>
  <testcase classname="org.bukkit.PerMaterialTest" name="isEdible[71: CLAY]" time="0"/>
  <testcase classname="org.bukkit.PerMaterialTest" name="maxDurability[71: CLAY]" time="0"/>
  <testcase classname="org.bukkit.PerMaterialTest" name="isOccluding[71: CLAY]" time="0"/>
  <testcase classname="org.bukkit.PerMaterialTest" name="isRecord[71: CLAY]" time="0"/>
  <testcase classname="org.bukkit.PerMaterialTest" name="isFlammable[71: CLAY]" time="0"/>
  <testcase classname="org.bukkit.PerMaterialTest" name="maxStackSize[71: CLAY]" time="0"/>
  <testcase classname="org.bukkit.PerMaterialTest" name="isTransparent[71: CLAY]" time="0"/>
  <testcase classname="org.bukkit.PerMaterialTest" name="isSolid[71: CLAY]" time="0"/>
  <testcase classname="org.bukkit.PerMaterialTest" name="hasGravity[72: JUKEBOX]" time="0"/>
  <testcase classname="org.bukkit.PerMaterialTest" name="isBurnable[72: JUKEBOX]" time="0"/>
  <testcase classname="org.bukkit.PerMaterialTest" name="isEdible[72: JUKEBOX]" time="0"/>
  <testcase classname="org.bukkit.PerMaterialTest" name="maxDurability[72: JUKEBOX]" time="0"/>
  <testcase classname="org.bukkit.PerMaterialTest" name="isOccluding[72: JUKEBOX]" time="0"/>
  <testcase classname="org.bukkit.PerMaterialTest" name="isRecord[72: JUKEBOX]" time="0"/>
  <testcase classname="org.bukkit.PerMaterialTest" name="isFlammable[72: JUKEBOX]" time="0"/>
  <testcase classname="org.bukkit.PerMaterialTest" name="maxStackSize[72: JUKEBOX]" time="0"/>
  <testcase classname="org.bukkit.PerMaterialTest" name="isTransparent[72: JUKEBOX]" time="0"/>
  <testcase classname="org.bukkit.PerMaterialTest" name="isSolid[72: JUKEBOX]" time="0"/>
  <testcase classname="org.bukkit.PerMaterialTest" name="hasGravity[73: FENCE]" time="0"/>
  <testcase classname="org.bukkit.PerMaterialTest" name="isBurnable[73: FENCE]" time="0"/>
  <testcase classname="org.bukkit.PerMaterialTest" name="isEdible[73: FENCE]" time="0"/>
  <testcase classname="org.bukkit.PerMaterialTest" name="maxDurability[73: FENCE]" time="0"/>
  <testcase classname="org.bukkit.PerMaterialTest" name="isOccluding[73: FENCE]" time="0"/>
  <testcase classname="org.bukkit.PerMaterialTest" name="isRecord[73: FENCE]" time="0"/>
  <testcase classname="org.bukkit.PerMaterialTest" name="isFlammable[73: FENCE]" time="0"/>
  <testcase classname="org.bukkit.PerMaterialTest" name="maxStackSize[73: FENCE]" time="0"/>
  <testcase classname="org.bukkit.PerMaterialTest" name="isTransparent[73: FENCE]" time="0"/>
  <testcase classname="org.bukkit.PerMaterialTest" name="isSolid[73: FENCE]" time="0"/>
  <testcase classname="org.bukkit.PerMaterialTest" name="hasGravity[74: PUMPKIN]" time="0"/>
  <testcase classname="org.bukkit.PerMaterialTest" name="isBurnable[74: PUMPKIN]" time="0"/>
  <testcase classname="org.bukkit.PerMaterialTest" name="isEdible[74: PUMPKIN]" time="0"/>
  <testcase classname="org.bukkit.PerMaterialTest" name="maxDurability[74: PUMPKIN]" time="0"/>
  <testcase classname="org.bukkit.PerMaterialTest" name="isOccluding[74: PUMPKIN]" time="0"/>
  <testcase classname="org.bukkit.PerMaterialTest" name="isRecord[74: PUMPKIN]" time="0"/>
  <testcase classname="org.bukkit.PerMaterialTest" name="isFlammable[74: PUMPKIN]" time="0"/>
  <testcase classname="org.bukkit.PerMaterialTest" name="maxStackSize[74: PUMPKIN]" time="0"/>
  <testcase classname="org.bukkit.PerMaterialTest" name="isTransparent[74: PUMPKIN]" time="0"/>
  <testcase classname="org.bukkit.PerMaterialTest" name="isSolid[74: PUMPKIN]" time="0"/>
  <testcase classname="org.bukkit.PerMaterialTest" name="hasGravity[75: NETHERRACK]" time="0"/>
  <testcase classname="org.bukkit.PerMaterialTest" name="isBurnable[75: NETHERRACK]" time="0"/>
  <testcase classname="org.bukkit.PerMaterialTest" name="isEdible[75: NETHERRACK]" time="0"/>
  <testcase classname="org.bukkit.PerMaterialTest" name="maxDurability[75: NETHERRACK]" time="0"/>
  <testcase classname="org.bukkit.PerMaterialTest" name="isOccluding[75: NETHERRACK]" time="0.002"/>
  <testcase classname="org.bukkit.PerMaterialTest" name="isRecord[75: NETHERRACK]" time="0"/>
  <testcase classname="org.bukkit.PerMaterialTest" name="isFlammable[75: NETHERRACK]" time="0"/>
  <testcase classname="org.bukkit.PerMaterialTest" name="maxStackSize[75: NETHERRACK]" time="0"/>
  <testcase classname="org.bukkit.PerMaterialTest" name="isTransparent[75: NETHERRACK]" time="0"/>
  <testcase classname="org.bukkit.PerMaterialTest" name="isSolid[75: NETHERRACK]" time="0"/>
  <testcase classname="org.bukkit.PerMaterialTest" name="hasGravity[76: SOUL_SAND]" time="0"/>
  <testcase classname="org.bukkit.PerMaterialTest" name="isBurnable[76: SOUL_SAND]" time="0"/>
  <testcase classname="org.bukkit.PerMaterialTest" name="isEdible[76: SOUL_SAND]" time="0"/>
  <testcase classname="org.bukkit.PerMaterialTest" name="maxDurability[76: SOUL_SAND]" time="0"/>
  <testcase classname="org.bukkit.PerMaterialTest" name="isOccluding[76: SOUL_SAND]" time="0"/>
  <testcase classname="org.bukkit.PerMaterialTest" name="isRecord[76: SOUL_SAND]" time="0"/>
  <testcase classname="org.bukkit.PerMaterialTest" name="isFlammable[76: SOUL_SAND]" time="0"/>
  <testcase classname="org.bukkit.PerMaterialTest" name="maxStackSize[76: SOUL_SAND]" time="0"/>
  <testcase classname="org.bukkit.PerMaterialTest" name="isTransparent[76: SOUL_SAND]" time="0"/>
  <testcase classname="org.bukkit.PerMaterialTest" name="isSolid[76: SOUL_SAND]" time="0"/>
  <testcase classname="org.bukkit.PerMaterialTest" name="hasGravity[77: GLOWSTONE]" time="0"/>
  <testcase classname="org.bukkit.PerMaterialTest" name="isBurnable[77: GLOWSTONE]" time="0"/>
  <testcase classname="org.bukkit.PerMaterialTest" name="isEdible[77: GLOWSTONE]" time="0"/>
  <testcase classname="org.bukkit.PerMaterialTest" name="maxDurability[77: GLOWSTONE]" time="0"/>
  <testcase classname="org.bukkit.PerMaterialTest" name="isOccluding[77: GLOWSTONE]" time="0"/>
  <testcase classname="org.bukkit.PerMaterialTest" name="isRecord[77: GLOWSTONE]" time="0"/>
  <testcase classname="org.bukkit.PerMaterialTest" name="isFlammable[77: GLOWSTONE]" time="0"/>
  <testcase classname="org.bukkit.PerMaterialTest" name="maxStackSize[77: GLOWSTONE]" time="0"/>
  <testcase classname="org.bukkit.PerMaterialTest" name="isTransparent[77: GLOWSTONE]" time="0"/>
  <testcase classname="org.bukkit.PerMaterialTest" name="isSolid[77: GLOWSTONE]" time="0"/>
  <testcase classname="org.bukkit.PerMaterialTest" name="hasGravity[78: PORTAL]" time="0"/>
  <testcase classname="org.bukkit.PerMaterialTest" name="isBurnable[78: PORTAL]" time="0"/>
  <testcase classname="org.bukkit.PerMaterialTest" name="isEdible[78: PORTAL]" time="0"/>
  <testcase classname="org.bukkit.PerMaterialTest" name="maxDurability[78: PORTAL]" time="0"/>
  <testcase classname="org.bukkit.PerMaterialTest" name="isOccluding[78: PORTAL]" time="0"/>
  <testcase classname="org.bukkit.PerMaterialTest" name="isRecord[78: PORTAL]" time="0"/>
  <testcase classname="org.bukkit.PerMaterialTest" name="isFlammable[78: PORTAL]" time="0"/>
  <testcase classname="org.bukkit.PerMaterialTest" name="maxStackSize[78: PORTAL]" time="0"/>
  <testcase classname="org.bukkit.PerMaterialTest" name="isTransparent[78: PORTAL]" time="0"/>
  <testcase classname="org.bukkit.PerMaterialTest" name="isSolid[78: PORTAL]" time="0"/>
  <testcase classname="org.bukkit.PerMaterialTest" name="hasGravity[79: JACK_O_LANTERN]" time="0"/>
  <testcase classname="org.bukkit.PerMaterialTest" name="isBurnable[79: JACK_O_LANTERN]" time="0"/>
  <testcase classname="org.bukkit.PerMaterialTest" name="isEdible[79: JACK_O_LANTERN]" time="0"/>
  <testcase classname="org.bukkit.PerMaterialTest" name="maxDurability[79: JACK_O_LANTERN]" time="0"/>
  <testcase classname="org.bukkit.PerMaterialTest" name="isOccluding[79: JACK_O_LANTERN]" time="0"/>
  <testcase classname="org.bukkit.PerMaterialTest" name="isRecord[79: JACK_O_LANTERN]" time="0"/>
  <testcase classname="org.bukkit.PerMaterialTest" name="isFlammable[79: JACK_O_LANTERN]" time="0"/>
  <testcase classname="org.bukkit.PerMaterialTest" name="maxStackSize[79: JACK_O_LANTERN]" time="0"/>
  <testcase classname="org.bukkit.PerMaterialTest" name="isTransparent[79: JACK_O_LANTERN]" time="0"/>
  <testcase classname="org.bukkit.PerMaterialTest" name="isSolid[79: JACK_O_LANTERN]" time="0"/>
  <testcase classname="org.bukkit.PerMaterialTest" name="hasGravity[80: STAINED_GLASS]" time="0"/>
  <testcase classname="org.bukkit.PerMaterialTest" name="isBurnable[80: STAINED_GLASS]" time="0"/>
  <testcase classname="org.bukkit.PerMaterialTest" name="isEdible[80: STAINED_GLASS]" time="0"/>
  <testcase classname="org.bukkit.PerMaterialTest" name="maxDurability[80: STAINED_GLASS]" time="0"/>
  <testcase classname="org.bukkit.PerMaterialTest" name="isOccluding[80: STAINED_GLASS]" time="0"/>
  <testcase classname="org.bukkit.PerMaterialTest" name="isRecord[80: STAINED_GLASS]" time="0"/>
  <testcase classname="org.bukkit.PerMaterialTest" name="isFlammable[80: STAINED_GLASS]" time="0"/>
  <testcase classname="org.bukkit.PerMaterialTest" name="maxStackSize[80: STAINED_GLASS]" time="0"/>
  <testcase classname="org.bukkit.PerMaterialTest" name="isTransparent[80: STAINED_GLASS]" time="0"/>
  <testcase classname="org.bukkit.PerMaterialTest" name="isSolid[80: STAINED_GLASS]" time="0"/>
  <testcase classname="org.bukkit.PerMaterialTest" name="hasGravity[81: TRAP_DOOR]" time="0"/>
  <testcase classname="org.bukkit.PerMaterialTest" name="isBurnable[81: TRAP_DOOR]" time="0"/>
  <testcase classname="org.bukkit.PerMaterialTest" name="isEdible[81: TRAP_DOOR]" time="0"/>
  <testcase classname="org.bukkit.PerMaterialTest" name="maxDurability[81: TRAP_DOOR]" time="0"/>
  <testcase classname="org.bukkit.PerMaterialTest" name="isOccluding[81: TRAP_DOOR]" time="0"/>
  <testcase classname="org.bukkit.PerMaterialTest" name="isRecord[81: TRAP_DOOR]" time="0"/>
  <testcase classname="org.bukkit.PerMaterialTest" name="isFlammable[81: TRAP_DOOR]" time="0"/>
  <testcase classname="org.bukkit.PerMaterialTest" name="maxStackSize[81: TRAP_DOOR]" time="0"/>
  <testcase classname="org.bukkit.PerMaterialTest" name="isTransparent[81: TRAP_DOOR]" time="0"/>
  <testcase classname="org.bukkit.PerMaterialTest" name="isSolid[81: TRAP_DOOR]" time="0"/>
  <testcase classname="org.bukkit.PerMaterialTest" name="hasGravity[82: MONSTER_EGGS]" time="0"/>
  <testcase classname="org.bukkit.PerMaterialTest" name="isBurnable[82: MONSTER_EGGS]" time="0"/>
  <testcase classname="org.bukkit.PerMaterialTest" name="isEdible[82: MONSTER_EGGS]" time="0"/>
  <testcase classname="org.bukkit.PerMaterialTest" name="maxDurability[82: MONSTER_EGGS]" time="0"/>
  <testcase classname="org.bukkit.PerMaterialTest" name="isOccluding[82: MONSTER_EGGS]" time="0"/>
  <testcase classname="org.bukkit.PerMaterialTest" name="isRecord[82: MONSTER_EGGS]" time="0"/>
  <testcase classname="org.bukkit.PerMaterialTest" name="isFlammable[82: MONSTER_EGGS]" time="0"/>
  <testcase classname="org.bukkit.PerMaterialTest" name="maxStackSize[82: MONSTER_EGGS]" time="0"/>
  <testcase classname="org.bukkit.PerMaterialTest" name="isTransparent[82: MONSTER_EGGS]" time="0"/>
  <testcase classname="org.bukkit.PerMaterialTest" name="isSolid[82: MONSTER_EGGS]" time="0"/>
  <testcase classname="org.bukkit.PerMaterialTest" name="hasGravity[83: SMOOTH_BRICK]" time="0"/>
  <testcase classname="org.bukkit.PerMaterialTest" name="isBurnable[83: SMOOTH_BRICK]" time="0"/>
  <testcase classname="org.bukkit.PerMaterialTest" name="isEdible[83: SMOOTH_BRICK]" time="0"/>
  <testcase classname="org.bukkit.PerMaterialTest" name="maxDurability[83: SMOOTH_BRICK]" time="0"/>
  <testcase classname="org.bukkit.PerMaterialTest" name="isOccluding[83: SMOOTH_BRICK]" time="0"/>
  <testcase classname="org.bukkit.PerMaterialTest" name="isRecord[83: SMOOTH_BRICK]" time="0"/>
  <testcase classname="org.bukkit.PerMaterialTest" name="isFlammable[83: SMOOTH_BRICK]" time="0"/>
  <testcase classname="org.bukkit.PerMaterialTest" name="maxStackSize[83: SMOOTH_BRICK]" time="0"/>
  <testcase classname="org.bukkit.PerMaterialTest" name="isTransparent[83: SMOOTH_BRICK]" time="0"/>
  <testcase classname="org.bukkit.PerMaterialTest" name="isSolid[83: SMOOTH_BRICK]" time="0"/>
  <testcase classname="org.bukkit.PerMaterialTest" name="hasGravity[84: HUGE_MUSHROOM_1]" time="0"/>
[...]
  <testcase classname="org.bukkit.PerMaterialTest" name="isFlammable[295: QUARTZ]" time="0"/>
  <testcase classname="org.bukkit.PerMaterialTest" name="maxStackSize[295: QUARTZ]" time="0"/>
  <testcase classname="org.bukkit.PerMaterialTest" name="isTransparent[295: QUARTZ]" time="0"/>
  <testcase classname="org.bukkit.PerMaterialTest" name="isSolid[295: QUARTZ]" time="0"/>
  <testcase classname="org.bukkit.PerMaterialTest" name="hasGravity[296: EXPLOSIVE_MINECART]" time="0"/>
  <testcase classname="org.bukkit.PerMaterialTest" name="isBurnable[296: EXPLOSIVE_MINECART]" time="0"/>
  <testcase classname="org.bukkit.PerMaterialTest" name="isEdible[296: EXPLOSIVE_MINECART]" time="0"/>
  <testcase classname="org.bukkit.PerMaterialTest" name="maxDurability[296: EXPLOSIVE_MINECART]" time="0"/>
  <testcase classname="org.bukkit.PerMaterialTest" name="isOccluding[296: EXPLOSIVE_MINECART]" time="0"/>
  <testcase classname="org.bukkit.PerMaterialTest" name="isRecord[296: EXPLOSIVE_MINECART]" time="0"/>
  <testcase classname="org.bukkit.PerMaterialTest" name="isFlammable[296: EXPLOSIVE_MINECART]" time="0"/>
  <testcase classname="org.bukkit.PerMaterialTest" name="maxStackSize[296: EXPLOSIVE_MINECART]" time="0"/>
  <testcase classname="org.bukkit.PerMaterialTest" name="isTransparent[296: EXPLOSIVE_MINECART]" time="0"/>
  <testcase classname="org.bukkit.PerMaterialTest" name="isSolid[296: EXPLOSIVE_MINECART]" time="0"/>
  <testcase classname="org.bukkit.PerMaterialTest" name="hasGravity[297: HOPPER_MINECART]" time="0"/>
  <testcase classname="org.bukkit.PerMaterialTest" name="isBurnable[297: HOPPER_MINECART]" time="0"/>
  <testcase classname="org.bukkit.PerMaterialTest" name="isEdible[297: HOPPER_MINECART]" time="0"/>
  <testcase classname="org.bukkit.PerMaterialTest" name="maxDurability[297: HOPPER_MINECART]" time="0"/>
  <testcase classname="org.bukkit.PerMaterialTest" name="isOccluding[297: HOPPER_MINECART]" time="0"/>
  <testcase classname="org.bukkit.PerMaterialTest" name="isRecord[297: HOPPER_MINECART]" time="0"/>
  <testcase classname="org.bukkit.PerMaterialTest" name="isFlammable[297: HOPPER_MINECART]" time="0"/>
  <testcase classname="org.bukkit.PerMaterialTest" name="maxStackSize[297: HOPPER_MINECART]" time="0"/>
  <testcase classname="org.bukkit.PerMaterialTest" name="isTransparent[297: HOPPER_MINECART]" time="0"/>
  <testcase classname="org.bukkit.PerMaterialTest" name="isSolid[297: HOPPER_MINECART]" time="0"/>
  <testcase classname="org.bukkit.PerMaterialTest" name="hasGravity[298: IRON_BARDING]" time="0"/>
  <testcase classname="org.bukkit.PerMaterialTest" name="isBurnable[298: IRON_BARDING]" time="0"/>
  <testcase classname="org.bukkit.PerMaterialTest" name="isEdible[298: IRON_BARDING]" time="0"/>
  <testcase classname="org.bukkit.PerMaterialTest" name="maxDurability[298: IRON_BARDING]" time="0"/>
  <testcase classname="org.bukkit.PerMaterialTest" name="isOccluding[298: IRON_BARDING]" time="0"/>
  <testcase classname="org.bukkit.PerMaterialTest" name="isRecord[298: IRON_BARDING]" time="0"/>
  <testcase classname="org.bukkit.PerMaterialTest" name="isFlammable[298: IRON_BARDING]" time="0"/>
  <testcase classname="org.bukkit.PerMaterialTest" name="maxStackSize[298: IRON_BARDING]" time="0"/>
  <testcase classname="org.bukkit.PerMaterialTest" name="isTransparent[298: IRON_BARDING]" time="0"/>
  <testcase classname="org.bukkit.PerMaterialTest" name="isSolid[298: IRON_BARDING]" time="0"/>
  <testcase classname="org.bukkit.PerMaterialTest" name="hasGravity[299: GOLD_BARDING]" time="0"/>
  <testcase classname="org.bukkit.PerMaterialTest" name="isBurnable[299: GOLD_BARDING]" time="0"/>
  <testcase classname="org.bukkit.PerMaterialTest" name="isEdible[299: GOLD_BARDING]" time="0"/>
  <testcase classname="org.bukkit.PerMaterialTest" name="maxDurability[299: GOLD_BARDING]" time="0"/>
  <testcase classname="org.bukkit.PerMaterialTest" name="isOccluding[299: GOLD_BARDING]" time="0"/>
  <testcase classname="org.bukkit.PerMaterialTest" name="isRecord[299: GOLD_BARDING]" time="0"/>
  <testcase classname="org.bukkit.PerMaterialTest" name="isFlammable[299: GOLD_BARDING]" time="0"/>
  <testcase classname="org.bukkit.PerMaterialTest" name="maxStackSize[299: GOLD_BARDING]" time="0"/>
  <testcase classname="org.bukkit.PerMaterialTest" name="isTransparent[299: GOLD_BARDING]" time="0"/>
  <testcase classname="org.bukkit.PerMaterialTest" name="isSolid[299: GOLD_BARDING]" time="0"/>
  <testcase classname="org.bukkit.PerMaterialTest" name="hasGravity[300: DIAMOND_BARDING]" time="0"/>
  <testcase classname="org.bukkit.PerMaterialTest" name="isBurnable[300: DIAMOND_BARDING]" time="0"/>
  <testcase classname="org.bukkit.PerMaterialTest" name="isEdible[300: DIAMOND_BARDING]" time="0"/>
  <testcase classname="org.bukkit.PerMaterialTest" name="maxDurability[300: DIAMOND_BARDING]" time="0"/>
  <testcase classname="org.bukkit.PerMaterialTest" name="isOccluding[300: DIAMOND_BARDING]" time="0"/>
  <testcase classname="org.bukkit.PerMaterialTest" name="isRecord[300: DIAMOND_BARDING]" time="0"/>
  <testcase classname="org.bukkit.PerMaterialTest" name="isFlammable[300: DIAMOND_BARDING]" time="0"/>
  <testcase classname="org.bukkit.PerMaterialTest" name="maxStackSize[300: DIAMOND_BARDING]" time="0"/>
  <testcase classname="org.bukkit.PerMaterialTest" name="isTransparent[300: DIAMOND_BARDING]" time="0"/>
  <testcase classname="org.bukkit.PerMaterialTest" name="isSolid[300: DIAMOND_BARDING]" time="0"/>
  <testcase classname="org.bukkit.PerMaterialTest" name="hasGravity[301: LEASH]" time="0"/>
  <testcase classname="org.bukkit.PerMaterialTest" name="isBurnable[301: LEASH]" time="0"/>
  <testcase classname="org.bukkit.PerMaterialTest" name="isEdible[301: LEASH]" time="0"/>
  <testcase classname="org.bukkit.PerMaterialTest" name="maxDurability[301: LEASH]" time="0"/>
  <testcase classname="org.bukkit.PerMaterialTest" name="isOccluding[301: LEASH]" time="0"/>
  <testcase classname="org.bukkit.PerMaterialTest" name="isRecord[301: LEASH]" time="0"/>
  <testcase classname="org.bukkit.PerMaterialTest" name="isFlammable[301: LEASH]" time="0"/>
  <testcase classname="org.bukkit.PerMaterialTest" name="maxStackSize[301: LEASH]" time="0"/>
  <testcase classname="org.bukkit.PerMaterialTest" name="isTransparent[301: LEASH]" time="0"/>
  <testcase classname="org.bukkit.PerMaterialTest" name="isSolid[301: LEASH]" time="0"/>
  <testcase classname="org.bukkit.PerMaterialTest" name="hasGravity[302: NAME_TAG]" time="0"/>
  <testcase classname="org.bukkit.PerMaterialTest" name="isBurnable[302: NAME_TAG]" time="0"/>
  <testcase classname="org.bukkit.PerMaterialTest" name="isEdible[302: NAME_TAG]" time="0"/>
  <testcase classname="org.bukkit.PerMaterialTest" name="maxDurability[302: NAME_TAG]" time="0"/>
  <testcase classname="org.bukkit.PerMaterialTest" name="isOccluding[302: NAME_TAG]" time="0"/>
  <testcase classname="org.bukkit.PerMaterialTest" name="isRecord[302: NAME_TAG]" time="0"/>
  <testcase classname="org.bukkit.PerMaterialTest" name="isFlammable[302: NAME_TAG]" time="0"/>
  <testcase classname="org.bukkit.PerMaterialTest" name="maxStackSize[302: NAME_TAG]" time="0"/>
  <testcase classname="org.bukkit.PerMaterialTest" name="isTransparent[302: NAME_TAG]" time="0"/>
  <testcase classname="org.bukkit.PerMaterialTest" name="isSolid[302: NAME_TAG]" time="0"/>
  <testcase classname="org.bukkit.PerMaterialTest" name="hasGravity[303: COMMAND_MINECART]" time="0"/>
  <testcase classname="org.bukkit.PerMaterialTest" name="isBurnable[303: COMMAND_MINECART]" time="0"/>
  <testcase classname="org.bukkit.PerMaterialTest" name="isEdible[303: COMMAND_MINECART]" time="0"/>
  <testcase classname="org.bukkit.PerMaterialTest" name="maxDurability[303: COMMAND_MINECART]" time="0"/>
  <testcase classname="org.bukkit.PerMaterialTest" name="isOccluding[303: COMMAND_MINECART]" time="0"/>
  <testcase classname="org.bukkit.PerMaterialTest" name="isRecord[303: COMMAND_MINECART]" time="0"/>
  <testcase classname="org.bukkit.PerMaterialTest" name="isFlammable[303: COMMAND_MINECART]" time="0"/>
  <testcase classname="org.bukkit.PerMaterialTest" name="maxStackSize[303: COMMAND_MINECART]" time="0.001"/>
  <testcase classname="org.bukkit.PerMaterialTest" name="isTransparent[303: COMMAND_MINECART]" time="0"/>
  <testcase classname="org.bukkit.PerMaterialTest" name="isSolid[303: COMMAND_MINECART]" time="0"/>
  <testcase classname="org.bukkit.PerMaterialTest" name="hasGravity[304: GOLD_RECORD]" time="0"/>
  <testcase classname="org.bukkit.PerMaterialTest" name="isBurnable[304: GOLD_RECORD]" time="0"/>
  <testcase classname="org.bukkit.PerMaterialTest" name="isEdible[304: GOLD_RECORD]" time="0"/>
  <testcase classname="org.bukkit.PerMaterialTest" name="maxDurability[304: GOLD_RECORD]" time="0"/>
  <testcase classname="org.bukkit.PerMaterialTest" name="isOccluding[304: GOLD_RECORD]" time="0"/>
  <testcase classname="org.bukkit.PerMaterialTest" name="isRecord[304: GOLD_RECORD]" time="0"/>
  <testcase classname="org.bukkit.PerMaterialTest" name="isFlammable[304: GOLD_RECORD]" time="0"/>
  <testcase classname="org.bukkit.PerMaterialTest" name="maxStackSize[304: GOLD_RECORD]" time="0"/>
  <testcase classname="org.bukkit.PerMaterialTest" name="isTransparent[304: GOLD_RECORD]" time="0"/>
  <testcase classname="org.bukkit.PerMaterialTest" name="isSolid[304: GOLD_RECORD]" time="0"/>
  <testcase classname="org.bukkit.PerMaterialTest" name="hasGravity[305: GREEN_RECORD]" time="0"/>
  <testcase classname="org.bukkit.PerMaterialTest" name="isBurnable[305: GREEN_RECORD]" time="0"/>
  <testcase classname="org.bukkit.PerMaterialTest" name="isEdible[305: GREEN_RECORD]" time="0"/>
  <testcase classname="org.bukkit.PerMaterialTest" name="maxDurability[305: GREEN_RECORD]" time="0"/>
  <testcase classname="org.bukkit.PerMaterialTest" name="isOccluding[305: GREEN_RECORD]" time="0"/>
  <testcase classname="org.bukkit.PerMaterialTest" name="isRecord[305: GREEN_RECORD]" time="0"/>
  <testcase classname="org.bukkit.PerMaterialTest" name="isFlammable[305: GREEN_RECORD]" time="0"/>
  <testcase classname="org.bukkit.PerMaterialTest" name="maxStackSize[305: GREEN_RECORD]" time="0"/>
  <testcase classname="org.bukkit.PerMaterialTest" name="isTransparent[305: GREEN_RECORD]" time="0"/>
  <testcase classname="org.bukkit.PerMaterialTest" name="isSolid[305: GREEN_RECORD]" time="0"/>
  <testcase classname="org.bukkit.PerMaterialTest" name="hasGravity[306: RECORD_3]" time="0"/>
  <testcase classname="org.bukkit.PerMaterialTest" name="isBurnable[306: RECORD_3]" time="0"/>
  <testcase classname="org.bukkit.PerMaterialTest" name="isEdible[306: RECORD_3]" time="0"/>
  <testcase classname="org.bukkit.PerMaterialTest" name="maxDurability[306: RECORD_3]" time="0"/>
  <testcase classname="org.bukkit.PerMaterialTest" name="isOccluding[306: RECORD_3]" time="0"/>
  <testcase classname="org.bukkit.PerMaterialTest" name="isRecord[306: RECORD_3]" time="0"/>
  <testcase classname="org.bukkit.PerMaterialTest" name="isFlammable[306: RECORD_3]" time="0"/>
  <testcase classname="org.bukkit.PerMaterialTest" name="maxStackSize[306: RECORD_3]" time="0"/>
  <testcase classname="org.bukkit.PerMaterialTest" name="isTransparent[306: RECORD_3]" time="0"/>
  <testcase classname="org.bukkit.PerMaterialTest" name="isSolid[306: RECORD_3]" time="0"/>
  <testcase classname="org.bukkit.PerMaterialTest" name="hasGravity[307: RECORD_4]" time="0"/>
  <testcase classname="org.bukkit.PerMaterialTest" name="isBurnable[307: RECORD_4]" time="0"/>
  <testcase classname="org.bukkit.PerMaterialTest" name="isEdible[307: RECORD_4]" time="0"/>
  <testcase classname="org.bukkit.PerMaterialTest" name="maxDurability[307: RECORD_4]" time="0"/>
  <testcase classname="org.bukkit.PerMaterialTest" name="isOccluding[307: RECORD_4]" time="0"/>
  <testcase classname="org.bukkit.PerMaterialTest" name="isRecord[307: RECORD_4]" time="0"/>
  <testcase classname="org.bukkit.PerMaterialTest" name="isFlammable[307: RECORD_4]" time="0"/>
  <testcase classname="org.bukkit.PerMaterialTest" name="maxStackSize[307: RECORD_4]" time="0"/>
  <testcase classname="org.bukkit.PerMaterialTest" name="isTransparent[307: RECORD_4]" time="0"/>
  <testcase classname="org.bukkit.PerMaterialTest" name="isSolid[307: RECORD_4]" time="0"/>
  <testcase classname="org.bukkit.PerMaterialTest" name="hasGravity[308: RECORD_5]" time="0"/>
  <testcase classname="org.bukkit.PerMaterialTest" name="isBurnable[308: RECORD_5]" time="0"/>
  <testcase classname="org.bukkit.PerMaterialTest" name="isEdible[308: RECORD_5]" time="0"/>
  <testcase classname="org.bukkit.PerMaterialTest" name="maxDurability[308: RECORD_5]" time="0"/>
  <testcase classname="org.bukkit.PerMaterialTest" name="isOccluding[308: RECORD_5]" time="0"/>
  <testcase classname="org.bukkit.PerMaterialTest" name="isRecord[308: RECORD_5]" time="0"/>
  <testcase classname="org.bukkit.PerMaterialTest" name="isFlammable[308: RECORD_5]" time="0"/>
  <testcase classname="org.bukkit.PerMaterialTest" name="maxStackSize[308: RECORD_5]" time="0"/>
  <testcase classname="org.bukkit.PerMaterialTest" name="isTransparent[308: RECORD_5]" time="0"/>
  <testcase classname="org.bukkit.PerMaterialTest" name="isSolid[308: RECORD_5]" time="0"/>
  <testcase classname="org.bukkit.PerMaterialTest" name="hasGravity[309: RECORD_6]" time="0"/>
  <testcase classname="org.bukkit.PerMaterialTest" name="isBurnable[309: RECORD_6]" time="0"/>
  <testcase classname="org.bukkit.PerMaterialTest" name="isEdible[309: RECORD_6]" time="0"/>
  <testcase classname="org.bukkit.PerMaterialTest" name="maxDurability[309: RECORD_6]" time="0"/>
  <testcase classname="org.bukkit.PerMaterialTest" name="isOccluding[309: RECORD_6]" time="0"/>
  <testcase classname="org.bukkit.PerMaterialTest" name="isRecord[309: RECORD_6]" time="0"/>
  <testcase classname="org.bukkit.PerMaterialTest" name="isFlammable[309: RECORD_6]" time="0"/>
  <testcase classname="org.bukkit.PerMaterialTest" name="maxStackSize[309: RECORD_6]" time="0"/>
  <testcase classname="org.bukkit.PerMaterialTest" name="isTransparent[309: RECORD_6]" time="0"/>
  <testcase classname="org.bukkit.PerMaterialTest" name="isSolid[309: RECORD_6]" time="0"/>
  <testcase classname="org.bukkit.PerMaterialTest" name="hasGravity[310: RECORD_7]" time="0"/>
  <testcase classname="org.bukkit.PerMaterialTest" name="isBurnable[310: RECORD_7]" time="0"/>
  <testcase classname="org.bukkit.PerMaterialTest" name="isEdible[310: RECORD_7]" time="0"/>
  <testcase classname="org.bukkit.PerMaterialTest" name="maxDurability[310: RECORD_7]" time="0"/>
  <testcase classname="org.bukkit.PerMaterialTest" name="isOccluding[310: RECORD_7]" time="0"/>
  <testcase classname="org.bukkit.PerMaterialTest" name="isRecord[310: RECORD_7]" time="0"/>
  <testcase classname="org.bukkit.PerMaterialTest" name="isFlammable[310: RECORD_7]" time="0"/>
  <testcase classname="org.bukkit.PerMaterialTest" name="maxStackSize[310: RECORD_7]" time="0"/>
  <testcase classname="org.bukkit.PerMaterialTest" name="isTransparent[310: RECORD_7]" time="0"/>
  <testcase classname="org.bukkit.PerMaterialTest" name="isSolid[310: RECORD_7]" time="0"/>
  <testcase classname="org.bukkit.PerMaterialTest" name="hasGravity[311: RECORD_8]" time="0"/>
  <testcase classname="org.bukkit.PerMaterialTest" name="isBurnable[311: RECORD_8]" time="0"/>
  <testcase classname="org.bukkit.PerMaterialTest" name="isEdible[311: RECORD_8]" time="0"/>
  <testcase classname="org.bukkit.PerMaterialTest" name="maxDurability[311: RECORD_8]" time="0"/>
  <testcase classname="org.bukkit.PerMaterialTest" name="isOccluding[311: RECORD_8]" time="0"/>
  <testcase classname="org.bukkit.PerMaterialTest" name="isRecord[311: RECORD_8]" time="0"/>
  <testcase classname="org.bukkit.PerMaterialTest" name="isFlammable[311: RECORD_8]" time="0"/>
  <testcase classname="org.bukkit.PerMaterialTest" name="maxStackSize[311: RECORD_8]" time="0"/>
  <testcase classname="org.bukkit.PerMaterialTest" name="isTransparent[311: RECORD_8]" time="0"/>
  <testcase classname="org.bukkit.PerMaterialTest" name="isSolid[311: RECORD_8]" time="0"/>
  <testcase classname="org.bukkit.PerMaterialTest" name="hasGravity[312: RECORD_9]" time="0"/>
  <testcase classname="org.bukkit.PerMaterialTest" name="isBurnable[312: RECORD_9]" time="0"/>
  <testcase classname="org.bukkit.PerMaterialTest" name="isEdible[312: RECORD_9]" time="0"/>
  <testcase classname="org.bukkit.PerMaterialTest" name="maxDurability[312: RECORD_9]" time="0"/>
  <testcase classname="org.bukkit.PerMaterialTest" name="isOccluding[312: RECORD_9]" time="0"/>
  <testcase classname="org.bukkit.PerMaterialTest" name="isRecord[312: RECORD_9]" time="0"/>
  <testcase classname="org.bukkit.PerMaterialTest" name="isFlammable[312: RECORD_9]" time="0"/>
  <testcase classname="org.bukkit.PerMaterialTest" name="maxStackSize[312: RECORD_9]" time="0"/>
  <testcase classname="org.bukkit.PerMaterialTest" name="isTransparent[312: RECORD_9]" time="0"/>
  <testcase classname="org.bukkit.PerMaterialTest" name="isSolid[312: RECORD_9]" time="0"/>
  <testcase classname="org.bukkit.PerMaterialTest" name="hasGravity[313: RECORD_10]" time="0"/>
  <testcase classname="org.bukkit.PerMaterialTest" name="isBurnable[313: RECORD_10]" time="0"/>
  <testcase classname="org.bukkit.PerMaterialTest" name="isEdible[313: RECORD_10]" time="0"/>
  <testcase classname="org.bukkit.PerMaterialTest" name="maxDurability[313: RECORD_10]" time="0"/>
  <testcase classname="org.bukkit.PerMaterialTest" name="isOccluding[313: RECORD_10]" time="0"/>
  <testcase classname="org.bukkit.PerMaterialTest" name="isRecord[313: RECORD_10]" time="0"/>
  <testcase classname="org.bukkit.PerMaterialTest" name="isFlammable[313: RECORD_10]" time="0"/>
  <testcase classname="org.bukkit.PerMaterialTest" name="maxStackSize[313: RECORD_10]" time="0"/>
  <testcase classname="org.bukkit.PerMaterialTest" name="isTransparent[313: RECORD_10]" time="0"/>
  <testcase classname="org.bukkit.PerMaterialTest" name="isSolid[313: RECORD_10]" time="0"/>
  <testcase classname="org.bukkit.PerMaterialTest" name="hasGravity[314: RECORD_11]" time="0"/>
  <testcase classname="org.bukkit.PerMaterialTest" name="isBurnable[314: RECORD_11]" time="0"/>
  <testcase classname="org.bukkit.PerMaterialTest" name="isEdible[314: RECORD_11]" time="0"/>
  <testcase classname="org.bukkit.PerMaterialTest" name="maxDurability[314: RECORD_11]" time="0"/>
  <testcase classname="org.bukkit.PerMaterialTest" name="isOccluding[314: RECORD_11]" time="0"/>
  <testcase classname="org.bukkit.PerMaterialTest" name="isRecord[314: RECORD_11]" time="0"/>
  <testcase classname="org.bukkit.PerMaterialTest" name="isFlammable[314: RECORD_11]" time="0"/>
  <testcase classname="org.bukkit.PerMaterialTest" name="maxStackSize[314: RECORD_11]" time="0"/>
  <testcase classname="org.bukkit.PerMaterialTest" name="isTransparent[314: RECORD_11]" time="0"/>
  <testcase classname="org.bukkit.PerMaterialTest" name="isSolid[314: RECORD_11]" time="0"/>
  <testcase classname="org.bukkit.PerMaterialTest" name="hasGravity[315: RECORD_12]" time="0"/>
  <testcase classname="org.bukkit.PerMaterialTest" name="isBurnable[315: RECORD_12]" time="0"/>
  <testcase classname="org.bukkit.PerMaterialTest" name="isEdible[315: RECORD_12]" time="0"/>
  <testcase classname="org.bukkit.PerMaterialTest" name="maxDurability[315: RECORD_12]" time="0"/>
  <testcase classname="org.bukkit.PerMaterialTest" name="isOccluding[315: RECORD_12]" time="0"/>
  <testcase classname="org.bukkit.PerMaterialTest" name="isRecord[315: RECORD_12]" time="0"/>
  <testcase classname="org.bukkit.PerMaterialTest" name="isFlammable[315: RECORD_12]" time="0"/>
  <testcase classname="org.bukkit.PerMaterialTest" name="maxStackSize[315: RECORD_12]" time="0"/>
  <testcase classname="org.bukkit.PerMaterialTest" name="isTransparent[315: RECORD_12]" time="0"/>
  <testcase classname="org.bukkit.PerMaterialTest" name="isSolid[315: RECORD_12]" time="0"/>
</testsuite>