<?xml version="1.0" encoding="UTF-8" ?>
<testsuite tests="1264" failures="0" name="org.bukkit.craftbukkit.inventory.FactoryItemMaterialTest" time="2.578" errors="0" skipped="0">
  <properties>
[...]
</properties>
  <testcase classname="org.bukkit.craftbukkit.inventory.FactoryItemMaterialTest" name="blankEqualities[Material[0]:AIR]" time="0"/>
  <testcase classname="org.bukkit.craftbukkit.inventory.FactoryItemMaterialTest" name="generalCase[Material[0]:AIR]" time="0.003"/>
  <testcase classname="org.bukkit.craftbukkit.inventory.FactoryItemMaterialTest" name="asMetaFor[Material[0]:AIR]" time="0"/>
  <testcase classname="org.bukkit.craftbukkit.inventory.FactoryItemMaterialTest" name="itemStack[Material[0]:AIR]" time="0"/>
  <testcase classname="org.bukkit.craftbukkit.inventory.FactoryItemMaterialTest" name="blankEqualities[Material[1]:STONE]" time="0.01"/>
  <testcase classname="org.bukkit.craftbukkit.inventory.FactoryItemMaterialTest" name="generalCase[Material[1]:STONE]" time="0"/>
  <testcase classname="org.bukkit.craftbukkit.inventory.FactoryItemMaterialTest" name="asMetaFor[Material[1]:STONE]" time="0.004"/>
  <testcase classname="org.bukkit.craftbukkit.inventory.FactoryItemMaterialTest" name="itemStack[Material[1]:STONE]" time="0"/>
  <testcase classname="org.bukkit.craftbukkit.inventory.FactoryItemMaterialTest" name="blankEqualities[Material[2]:GRASS]" time="0.001"/>
  <testcase classname="org.bukkit.craftbukkit.inventory.FactoryItemMaterialTest" name="generalCase[Material[2]:GRASS]" time="0"/>
  <testcase classname="org.bukkit.craftbukkit.inventory.FactoryItemMaterialTest" name="asMetaFor[Material[2]:GRASS]" time="0.002"/>
  <testcase classname="org.bukkit.craftbukkit.inventory.FactoryItemMaterialTest" name="itemStack[Material[2]:GRASS]" time="0"/>
  <testcase classname="org.bukkit.craftbukkit.inventory.FactoryItemMaterialTest" name="blankEqualities[Material[3]:DIRT]" time="0.001"/>
  <testcase classname="org.bukkit.craftbukkit.inventory.FactoryItemMaterialTest" name="generalCase[Material[3]:DIRT]" time="0"/>
  <testcase classname="org.bukkit.craftbukkit.inventory.FactoryItemMaterialTest" name="asMetaFor[Material[3]:DIRT]" time="0.003"/>
  <testcase classname="org.bukkit.craftbukkit.inventory.FactoryItemMaterialTest" name="itemStack[Material[3]:DIRT]" time="0"/>
  <testcase classname="org.bukkit.craftbukkit.inventory.FactoryItemMaterialTest" name="blankEqualities[Material[4]:COBBLESTONE]" time="0"/>
  <testcase classname="org.bukkit.craftbukkit.inventory.FactoryItemMaterialTest" name="generalCase[Material[4]:COBBLESTONE]" time="0"/>
  <testcase classname="org.bukkit.craftbukkit.inventory.FactoryItemMaterialTest" name="asMetaFor[Material[4]:COBBLESTONE]" time="0.001"/>
  <testcase classname="org.bukkit.craftbukkit.inventory.FactoryItemMaterialTest" name="itemStack[Material[4]:COBBLESTONE]" time="0"/>
  <testcase classname="org.bukkit.craftbukkit.inventory.FactoryItemMaterialTest" name="blankEqualities[Material[5]:WOOD]" time="0.001"/>
  <testcase classname="org.bukkit.craftbukkit.inventory.FactoryItemMaterialTest" name="generalCase[Material[5]:WOOD]" time="0"/>
  <testcase classname="org.bukkit.craftbukkit.inventory.FactoryItemMaterialTest" name="asMetaFor[Material[5]:WOOD]" time="0.001"/>
  <testcase classname="org.bukkit.craftbukkit.inventory.FactoryItemMaterialTest" name="itemStack[Material[5]:WOOD]" time="0"/>
  <testcase classname="org.bukkit.craftbukkit.inventory.FactoryItemMaterialTest" name="blankEqualities[Material[6]:SAPLING]" time="0"/>
  <testcase classname="org.bukkit.craftbukkit.inventory.FactoryItemMaterialTest" name="generalCase[Material[6]:SAPLING]" time="0"/>
  <testcase classname="org.bukkit.craftbukkit.inventory.FactoryItemMaterialTest" name="asMetaFor[Material[6]:SAPLING]" time="0.001"/>
  <testcase classname="org.bukkit.craftbukkit.inventory.FactoryItemMaterialTest" name="itemStack[Material[6]:SAPLING]" time="0"/>
  <testcase classname="org.bukkit.craftbukkit.inventory.FactoryItemMaterialTest" name="blankEqualities[Material[7]:BEDROCK]" time="0.001"/>
  <testcase classname="org.bukkit.craftbukkit.inventory.FactoryItemMaterialTest" name="generalCase[Material[7]:BEDROCK]" time="0"/>
  <testcase classname="org.bukkit.craftbukkit.inventory.FactoryItemMaterialTest" name="asMetaFor[Material[7]:BEDROCK]" time="0.002"/>
  <testcase classname="org.bukkit.craftbukkit.inventory.FactoryItemMaterialTest" name="itemStack[Material[7]:BEDROCK]" time="0"/>
  <testcase classname="org.bukkit.craftbukkit.inventory.FactoryItemMaterialTest" name="blankEqualities[Material[8]:WATER]" time="0"/>
  <testcase classname="org.bukkit.craftbukkit.inventory.FactoryItemMaterialTest" name="generalCase[Material[8]:WATER]" time="0"/>
  <testcase classname="org.bukkit.craftbukkit.inventory.FactoryItemMaterialTest" name="asMetaFor[Material[8]:WATER]" time="0.002"/>
  <testcase classname="org.bukkit.craftbukkit.inventory.FactoryItemMaterialTest" name="itemStack[Material[8]:WATER]" time="0"/>
  <testcase classname="org.bukkit.craftbukkit.inventory.FactoryItemMaterialTest" name="blankEqualities[Material[9]:STATIONARY_WATER]" time="0.001"/>
  <testcase classname="org.bukkit.craftbukkit.inventory.FactoryItemMaterialTest" name="generalCase[Material[9]:STATIONARY_WATER]" time="0"/>
  <testcase classname="org.bukkit.craftbukkit.inventory.FactoryItemMaterialTest" name="asMetaFor[Material[9]:STATIONARY_WATER]" time="0"/>
  <testcase classname="org.bukkit.craftbukkit.inventory.FactoryItemMaterialTest" name="itemStack[Material[9]:STATIONARY_WATER]" time="0"/>
  <testcase classname="org.bukkit.craftbukkit.inventory.FactoryItemMaterialTest" name="blankEqualities[Material[10]:LAVA]" time="0"/>
  <testcase classname="org.bukkit.craftbukkit.inventory.FactoryItemMaterialTest" name="generalCase[Material[10]:LAVA]" time="0"/>
  <testcase classname="org.bukkit.craftbukkit.inventory.FactoryItemMaterialTest" name="asMetaFor[Material[10]:LAVA]" time="0"/>
  <testcase classname="org.bukkit.craftbukkit.inventory.FactoryItemMaterialTest" name="itemStack[Material[10]:LAVA]" time="0"/>
  <testcase classname="org.bukkit.craftbukkit.inventory.FactoryItemMaterialTest" name="blankEqualities[Material[11]:STATIONARY_LAVA]" time="0.001"/>
  <testcase classname="org.bukkit.craftbukkit.inventory.FactoryItemMaterialTest" name="generalCase[Material[11]:STATIONARY_LAVA]" time="0"/>
  <testcase classname="org.bukkit.craftbukkit.inventory.FactoryItemMaterialTest" name="asMetaFor[Material[11]:STATIONARY_LAVA]" time="0.001"/>
  <testcase classname="org.bukkit.craftbukkit.inventory.FactoryItemMaterialTest" name="itemStack[Material[11]:STATIONARY_LAVA]" time="0"/>
  <testcase classname="org.bukkit.craftbukkit.inventory.FactoryItemMaterialTest" name="blankEqualities[Material[12]:SAND]" time="0"/>
  <testcase classname="org.bukkit.craftbukkit.inventory.FactoryItemMaterialTest" name="generalCase[Material[12]:SAND]" time="0"/>
  <testcase classname="org.bukkit.craftbukkit.inventory.FactoryItemMaterialTest" name="asMetaFor[Material[12]:SAND]" time="0"/>
  <testcase classname="org.bukkit.craftbukkit.inventory.FactoryItemMaterialTest" name="itemStack[Material[12]:SAND]" time="0"/>
  <testcase classname="org.bukkit.craftbukkit.inventory.FactoryItemMaterialTest" name="blankEqualities[Material[13]:GRAVEL]" time="0"/>
  <testcase classname="org.bukkit.craftbukkit.inventory.FactoryItemMaterialTest" name="generalCase[Material[13]:GRAVEL]" time="0"/>
  <testcase classname="org.bukkit.craftbukkit.inventory.FactoryItemMaterialTest" name="asMetaFor[Material[13]:GRAVEL]" time="0.001"/>
  <testcase classname="org.bukkit.craftbukkit.inventory.FactoryItemMaterialTest" name="itemStack[Material[13]:GRAVEL]" time="0"/>
  <testcase classname="org.bukkit.craftbukkit.inventory.FactoryItemMaterialTest" name="blankEqualities[Material[14]:GOLD_ORE]" time="0"/>
  <testcase classname="org.bukkit.craftbukkit.inventory.FactoryItemMaterialTest" name="generalCase[Material[14]:GOLD_ORE]" time="0"/>
  <testcase classname="org.bukkit.craftbukkit.inventory.FactoryItemMaterialTest" name="asMetaFor[Material[14]:GOLD_ORE]" time="0"/>
  <testcase classname="org.bukkit.craftbukkit.inventory.FactoryItemMaterialTest" name="itemStack[Material[14]:GOLD_ORE]" time="0"/>
  <testcase classname="org.bukkit.craftbukkit.inventory.FactoryItemMaterialTest" name="blankEqualities[Material[15]:IRON_ORE]" time="0"/>
  <testcase classname="org.bukkit.craftbukkit.inventory.FactoryItemMaterialTest" name="generalCase[Material[15]:IRON_ORE]" time="0"/>
  <testcase classname="org.bukkit.craftbukkit.inventory.FactoryItemMaterialTest" name="asMetaFor[Material[15]:IRON_ORE]" time="0"/>
  <testcase classname="org.bukkit.craftbukkit.inventory.FactoryItemMaterialTest" name="itemStack[Material[15]:IRON_ORE]" time="0"/>
  <testcase classname="org.bukkit.craftbukkit.inventory.FactoryItemMaterialTest" name="blankEqualities[Material[16]:COAL_ORE]" time="0"/>
  <testcase classname="org.bukkit.craftbukkit.inventory.FactoryItemMaterialTest" name="generalCase[Material[16]:COAL_ORE]" time="0"/>
  <testcase classname="org.bukkit.craftbukkit.inventory.FactoryItemMaterialTest" name="asMetaFor[Material[16]:COAL_ORE]" time="0"/>
  <testcase classname="org.bukkit.craftbukkit.inventory.FactoryItemMaterialTest" name="itemStack[Material[16]:COAL_ORE]" time="0"/>
  <testcase classname="org.bukkit.craftbukkit.inventory.FactoryItemMaterialTest" name="blankEqualities[Material[17]:LOG]" time="0"/>
  <testcase classname="org.bukkit.craftbukkit.inventory.FactoryItemMaterialTest" name="generalCase[Material[17]:LOG]" time="0"/>
  <testcase classname="org.bukkit.craftbukkit.inventory.FactoryItemMaterialTest" name="asMetaFor[Material[17]:LOG]" time="0"/>
  <testcase classname="org.bukkit.craftbukkit.inventory.FactoryItemMaterialTest" name="itemStack[Material[17]:LOG]" time="0"/>
  <testcase classname="org.bukkit.craftbukkit.inventory.FactoryItemMaterialTest" name="blankEqualities[Material[18]:LEAVES]" time="0.001"/>
  <testcase classname="org.bukkit.craftbukkit.inventory.FactoryItemMaterialTest" name="generalCase[Material[18]:LEAVES]" time="0"/>
  <testcase classname="org.bukkit.craftbukkit.inventory.FactoryItemMaterialTest" name="asMetaFor[Material[18]:LEAVES]" time="0"/>
  <testcase classname="org.bukkit.craftbukkit.inventory.FactoryItemMaterialTest" name="itemStack[Material[18]:LEAVES]" time="0"/>
  <testcase classname="org.bukkit.craftbukkit.inventory.FactoryItemMaterialTest" name="blankEqualities[Material[19]:SPONGE]" time="0"/>
  <testcase classname="org.bukkit.craftbukkit.inventory.FactoryItemMaterialTest" name="generalCase[Material[19]:SPONGE]" time="0"/>
  <testcase classname="org.bukkit.craftbukkit.inventory.FactoryItemMaterialTest" name="asMetaFor[Material[19]:SPONGE]" time="0"/>
  <testcase classname="org.bukkit.craftbukkit.inventory.FactoryItemMaterialTest" name="itemStack[Material[19]:SPONGE]" time="0"/>
  <testcase classname="org.bukkit.craftbukkit.inventory.FactoryItemMaterialTest" name="blankEqualities[Material[20]:GLASS]" time="0"/>
  <testcase classname="org.bukkit.craftbukkit.inventory.FactoryItemMaterialTest" name="generalCase[Material[20]:GLASS]" time="0"/>
  <testcase classname="org.bukkit.craftbukkit.inventory.FactoryItemMaterialTest" name="asMetaFor[Material[20]:GLASS]" time="0.001"/>
  <testcase classname="org.bukkit.craftbukkit.inventory.FactoryItemMaterialTest" name="itemStack[Material[20]:GLASS]" time="0"/>
  <testcase classname="org.bukkit.craftbukkit.inventory.FactoryItemMaterialTest" name="blankEqualities[Material[21]:LAPIS_ORE]" time="0"/>
  <testcase classname="org.bukkit.craftbukkit.inventory.FactoryItemMaterialTest" name="generalCase[Material[21]:LAPIS_ORE]" time="0"/>
  <testcase classname="org.bukkit.craftbukkit.inventory.FactoryItemMaterialTest" name="asMetaFor[Material[21]:LAPIS_ORE]" time="0"/>
  <testcase classname="org.bukkit.craftbukkit.inventory.FactoryItemMaterialTest" name="itemStack[Material[21]:LAPIS_ORE]" time="0"/>
  <testcase classname="org.bukkit.craftbukkit.inventory.FactoryItemMaterialTest" name="blankEqualities[Material[22]:LAPIS_BLOCK]" time="0"/>
  <testcase classname="org.bukkit.craftbukkit.inventory.FactoryItemMaterialTest" name="generalCase[Material[22]:LAPIS_BLOCK]" time="0.003"/>
  <testcase classname="org.bukkit.craftbukkit.inventory.FactoryItemMaterialTest" name="asMetaFor[Material[22]:LAPIS_BLOCK]" time="0"/>
  <testcase classname="org.bukkit.craftbukkit.inventory.FactoryItemMaterialTest" name="itemStack[Material[22]:LAPIS_BLOCK]" time="0"/>
  <testcase classname="org.bukkit.craftbukkit.inventory.FactoryItemMaterialTest" name="blankEqualities[Material[23]:DISPENSER]" time="0"/>
  <testcase classname="org.bukkit.craftbukkit.inventory.FactoryItemMaterialTest" name="generalCase[Material[23]:DISPENSER]" time="0"/>
  <testcase classname="org.bukkit.craftbukkit.inventory.FactoryItemMaterialTest" name="asMetaFor[Material[23]:DISPENSER]" time="0"/>
  <testcase classname="org.bukkit.craftbukkit.inventory.FactoryItemMaterialTest" name="itemStack[Material[23]:DISPENSER]" time="0"/>
  <testcase classname="org.bukkit.craftbukkit.inventory.FactoryItemMaterialTest" name="blankEqualities[Material[24]:SANDSTONE]" time="0"/>
  <testcase classname="org.bukkit.craftbukkit.inventory.FactoryItemMaterialTest" name="generalCase[Material[24]:SANDSTONE]" time="0"/>
  <testcase classname="org.bukkit.craftbukkit.inventory.FactoryItemMaterialTest" name="asMetaFor[Material[24]:SANDSTONE]" time="0"/>
  <testcase classname="org.bukkit.craftbukkit.inventory.FactoryItemMaterialTest" name="itemStack[Material[24]:SANDSTONE]" time="0"/>
  <testcase classname="org.bukkit.craftbukkit.inventory.FactoryItemMaterialTest" name="blankEqualities[Material[25]:NOTE_BLOCK]" time="0"/>
  <testcase classname="org.bukkit.craftbukkit.inventory.FactoryItemMaterialTest" name="generalCase[Material[25]:NOTE_BLOCK]" time="0"/>
  <testcase classname="org.bukkit.craftbukkit.inventory.FactoryItemMaterialTest" name="asMetaFor[Material[25]:NOTE_BLOCK]" time="0"/>
  <testcase classname="org.bukkit.craftbukkit.inventory.FactoryItemMaterialTest" name="itemStack[Material[25]:NOTE_BLOCK]" time="0"/>
  <testcase classname="org.bukkit.craftbukkit.inventory.FactoryItemMaterialTest" name="blankEqualities[Material[26]:POWERED_RAIL]" time="0"/>
  <testcase classname="org.bukkit.craftbukkit.inventory.FactoryItemMaterialTest" name="generalCase[Material[26]:POWERED_RAIL]" time="0"/>
  <testcase classname="org.bukkit.craftbukkit.inventory.FactoryItemMaterialTest" name="asMetaFor[Material[26]:POWERED_RAIL]" time="0"/>
  <testcase classname="org.bukkit.craftbukkit.inventory.FactoryItemMaterialTest" name="itemStack[Material[26]:POWERED_RAIL]" time="0"/>
  <testcase classname="org.bukkit.craftbukkit.inventory.FactoryItemMaterialTest" name="blankEqualities[Material[27]:DETECTOR_RAIL]" time="0"/>
  <testcase classname="org.bukkit.craftbukkit.inventory.FactoryItemMaterialTest" name="generalCase[Material[27]:DETECTOR_RAIL]" time="0"/>
  <testcase classname="org.bukkit.craftbukkit.inventory.FactoryItemMaterialTest" name="asMetaFor[Material[27]:DETECTOR_RAIL]" time="0"/>
  <testcase classname="org.bukkit.craftbukkit.inventory.FactoryItemMaterialTest" name="itemStack[Material[27]:DETECTOR_RAIL]" time="0"/>
  <testcase classname="org.bukkit.craftbukkit.inventory.FactoryItemMaterialTest" name="blankEqualities[Material[28]:PISTON_STICKY_BASE]" time="0"/>
  <testcase classname="org.bukkit.craftbukkit.inventory.FactoryItemMaterialTest" name="generalCase[Material[28]:PISTON_STICKY_BASE]" time="0"/>
  <testcase classname="org.bukkit.craftbukkit.inventory.FactoryItemMaterialTest" name="asMetaFor[Material[28]:PISTON_STICKY_BASE]" time="0"/>
  <testcase classname="org.bukkit.craftbukkit.inventory.FactoryItemMaterialTest" name="itemStack[Material[28]:PISTON_STICKY_BASE]" time="0"/>
  <testcase classname="org.bukkit.craftbukkit.inventory.FactoryItemMaterialTest" name="blankEqualities[Material[29]:WEB]" time="0"/>
  <testcase classname="org.bukkit.craftbukkit.inventory.FactoryItemMaterialTest" name="generalCase[Material[29]:WEB]" time="0"/>
  <testcase classname="org.bukkit.craftbukkit.inventory.FactoryItemMaterialTest" name="asMetaFor[Material[29]:WEB]" time="0"/>
  <testcase classname="org.bukkit.craftbukkit.inventory.FactoryItemMaterialTest" name="itemStack[Material[29]:WEB]" time="0"/>
  <testcase classname="org.bukkit.craftbukkit.inventory.FactoryItemMaterialTest" name="blankEqualities[Material[30]:LONG_GRASS]" time="0"/>
  <testcase classname="org.bukkit.craftbukkit.inventory.FactoryItemMaterialTest" name="generalCase[Material[30]:LONG_GRASS]" time="0"/>
  <testcase classname="org.bukkit.craftbukkit.inventory.FactoryItemMaterialTest" name="asMetaFor[Material[30]:LONG_GRASS]" time="0"/>
  <testcase classname="org.bukkit.craftbukkit.inventory.FactoryItemMaterialTest" name="itemStack[Material[30]:LONG_GRASS]" time="0"/>
  <testcase classname="org.bukkit.craftbukkit.inventory.FactoryItemMaterialTest" name="blankEqualities[Material[31]:DEAD_BUSH]" time="0"/>
  <testcase classname="org.bukkit.craftbukkit.inventory.FactoryItemMaterialTest" name="generalCase[Material[31]:DEAD_BUSH]" time="0"/>
  <testcase classname="org.bukkit.craftbukkit.inventory.FactoryItemMaterialTest" name="asMetaFor[Material[31]:DEAD_BUSH]" time="0"/>
  <testcase classname="org.bukkit.craftbukkit.inventory.FactoryItemMaterialTest" name="itemStack[Material[31]:DEAD_BUSH]" time="0"/>
  <testcase classname="org.bukkit.craftbukkit.inventory.FactoryItemMaterialTest" name="blankEqualities[Material[32]:PISTON_BASE]" time="0"/>
  <testcase classname="org.bukkit.craftbukkit.inventory.FactoryItemMaterialTest" name="generalCase[Material[32]:PISTON_BASE]" time="0"/>
  <testcase classname="org.bukkit.craftbukkit.inventory.FactoryItemMaterialTest" name="asMetaFor[Material[32]:PISTON_BASE]" time="0"/>
  <testcase classname="org.bukkit.craftbukkit.inventory.FactoryItemMaterialTest" name="itemStack[Material[32]:PISTON_BASE]" time="0"/>
  <testcase classname="org.bukkit.craftbukkit.inventory.FactoryItemMaterialTest" name="blankEqualities[Material[33]:WOOL]" time="0"/>
  <testcase classname="org.bukkit.craftbukkit.inventory.FactoryItemMaterialTest" name="generalCase[Material[33]:WOOL]" time="0"/>
  <testcase classname="org.bukkit.craftbukkit.inventory.FactoryItemMaterialTest" name="asMetaFor[Material[33]:WOOL]" time="0"/>
  <testcase classname="org.bukkit.craftbukkit.inventory.FactoryItemMaterialTest" name="itemStack[Material[33]:WOOL]" time="0"/>
  <testcase classname="org.bukkit.craftbukkit.inventory.FactoryItemMaterialTest" name="blankEqualities[Material[34]:YELLOW_FLOWER]" time="0"/>
  <testcase classname="org.bukkit.craftbukkit.inventory.FactoryItemMaterialTest" name="generalCase[Material[34]:YELLOW_FLOWER]" time="0"/>
  <testcase classname="org.bukkit.craftbukkit.inventory.FactoryItemMaterialTest" name="asMetaFor[Material[34]:YELLOW_FLOWER]" time="0"/>
  <testcase classname="org.bukkit.craftbukkit.inventory.FactoryItemMaterialTest" name="itemStack[Material[34]:YELLOW_FLOWER]" time="0"/>
  <testcase classname="org.bukkit.craftbukkit.inventory.FactoryItemMaterialTest" name="blankEqualities[Material[35]:RED_ROSE]" time="0"/>
  <testcase classname="org.bukkit.craftbukkit.inventory.FactoryItemMaterialTest" name="generalCase[Material[35]:RED_ROSE]" time="0"/>
  <testcase classname="org.bukkit.craftbukkit.inventory.FactoryItemMaterialTest" name="asMetaFor[Material[35]:RED_ROSE]" time="0"/>
  <testcase classname="org.bukkit.craftbukkit.inventory.FactoryItemMaterialTest" name="itemStack[Material[35]:RED_ROSE]" time="0"/>
  <testcase classname="org.bukkit.craftbukkit.inventory.FactoryItemMaterialTest" name="blankEqualities[Material[36]:BROWN_MUSHROOM]" time="0"/>
  <testcase classname="org.bukkit.craftbukkit.inventory.FactoryItemMaterialTest" name="generalCase[Material[36]:BROWN_MUSHROOM]" time="0"/>
  <testcase classname="org.bukkit.craftbukkit.inventory.FactoryItemMaterialTest" name="asMetaFor[Material[36]:BROWN_MUSHROOM]" time="0"/>
  <testcase classname="org.bukkit.craftbukkit.inventory.FactoryItemMaterialTest" name="itemStack[Material[36]:BROWN_MUSHROOM]" time="0"/>
  <testcase classname="org.bukkit.craftbukkit.inventory.FactoryItemMaterialTest" name="blankEqualities[Material[37]:RED_MUSHROOM]" time="0"/>
  <testcase classname="org.bukkit.craftbukkit.inventory.FactoryItemMaterialTest" name="generalCase[Material[37]:RED_MUSHROOM]" time="0"/>
  <testcase classname="org.bukkit.craftbukkit.inventory.FactoryItemMaterialTest" name="asMetaFor[Material[37]:RED_MUSHROOM]" time="0"/>
  <testcase classname="org.bukkit.craftbukkit.inventory.FactoryItemMaterialTest" name="itemStack[Material[37]:RED_MUSHROOM]" time="0"/>
  <testcase classname="org.bukkit.craftbukkit.inventory.FactoryItemMaterialTest" name="blankEqualities[Material[38]:GOLD_BLOCK]" time="0"/>
  <testcase classname="org.bukkit.craftbukkit.inventory.FactoryItemMaterialTest" name="generalCase[Material[38]:GOLD_BLOCK]" time="0"/>
  <testcase classname="org.bukkit.craftbukkit.inventory.FactoryItemMaterialTest" name="asMetaFor[Material[38]:GOLD_BLOCK]" time="0"/>
  <testcase classname="org.bukkit.craftbukkit.inventory.FactoryItemMaterialTest" name="itemStack[Material[38]:GOLD_BLOCK]" time="0"/>
  <testcase classname="org.bukkit.craftbukkit.inventory.FactoryItemMaterialTest" name="blankEqualities[Material[39]:IRON_BLOCK]" time="0"/>
  <testcase classname="org.bukkit.craftbukkit.inventory.FactoryItemMaterialTest" name="generalCase[Material[39]:IRON_BLOCK]" time="0"/>
  <testcase classname="org.bukkit.craftbukkit.inventory.FactoryItemMaterialTest" name="asMetaFor[Material[39]:IRON_BLOCK]" time="0"/>
  <testcase classname="org.bukkit.craftbukkit.inventory.FactoryItemMaterialTest" name="itemStack[Material[39]:IRON_BLOCK]" time="0"/>
  <testcase classname="org.bukkit.craftbukkit.inventory.FactoryItemMaterialTest" name="blankEqualities[Material[40]:DOUBLE_STEP]" time="0"/>
  <testcase classname="org.bukkit.craftbukkit.inventory.FactoryItemMaterialTest" name="generalCase[Material[40]:DOUBLE_STEP]" time="0"/>
  <testcase classname="org.bukkit.craftbukkit.inventory.FactoryItemMaterialTest" name="asMetaFor[Material[40]:DOUBLE_STEP]" time="0"/>
  <testcase classname="org.bukkit.craftbukkit.inventory.FactoryItemMaterialTest" name="itemStack[Material[40]:DOUBLE_STEP]" time="0"/>
  <testcase classname="org.bukkit.craftbukkit.inventory.FactoryItemMaterialTest" name="blankEqualities[Material[41]:STEP]" time="0"/>
  <testcase classname="org.bukkit.craftbukkit.inventory.FactoryItemMaterialTest" name="generalCase[Material[41]:STEP]" time="0"/>
  <testcase classname="org.bukkit.craftbukkit.inventory.FactoryItemMaterialTest" name="asMetaFor[Material[41]:STEP]" time="0"/>
  <testcase classname="org.bukkit.craftbukkit.inventory.FactoryItemMaterialTest" name="itemStack[Material[41]:STEP]" time="0"/>
  <testcase classname="org.bukkit.craftbukkit.inventory.FactoryItemMaterialTest" name="blankEqualities[Material[42]:BRICK]" time="0"/>
  <testcase classname="org.bukkit.craftbukkit.inventory.FactoryItemMaterialTest" name="generalCase[Material[42]:BRICK]" time="0"/>
  <testcase classname="org.bukkit.craftbukkit.inventory.FactoryItemMaterialTest" name="asMetaFor[Material[42]:BRICK]" time="0"/>
  <testcase classname="org.bukkit.craftbukkit.inventory.FactoryItemMaterialTest" name="itemStack[Material[42]:BRICK]" time="0"/>
  <testcase classname="org.bukkit.craftbukkit.inventory.FactoryItemMaterialTest" name="blankEqualities[Material[43]:TNT]" time="0"/>
  <testcase classname="org.bukkit.craftbukkit.inventory.FactoryItemMaterialTest" name="generalCase[Material[43]:TNT]" time="0"/>
  <testcase classname="org.bukkit.craftbukkit.inventory.FactoryItemMaterialTest" name="asMetaFor[Material[43]:TNT]" time="0"/>
  <testcase classname="org.bukkit.craftbukkit.inventory.FactoryItemMaterialTest" name="itemStack[Material[43]:TNT]" time="0"/>
  <testcase classname="org.bukkit.craftbukkit.inventory.FactoryItemMaterialTest" name="blankEqualities[Material[44]:BOOKSHELF]" time="0"/>
  <testcase classname="org.bukkit.craftbukkit.inventory.FactoryItemMaterialTest" name="generalCase[Material[44]:BOOKSHELF]" time="0"/>
  <testcase classname="org.bukkit.craftbukkit.inventory.FactoryItemMaterialTest" name="asMetaFor[Material[44]:BOOKSHELF]" time="0"/>
  <testcase classname="org.bukkit.craftbukkit.inventory.FactoryItemMaterialTest" name="itemStack[Material[44]:BOOKSHELF]" time="0"/>
  <testcase classname="org.bukkit.craftbukkit.inventory.FactoryItemMaterialTest" name="blankEqualities[Material[45]:MOSSY_COBBLESTONE]" time="0.003"/>
  <testcase classname="org.bukkit.craftbukkit.inventory.FactoryItemMaterialTest" name="generalCase[Material[45]:MOSSY_COBBLESTONE]" time="0"/>
  <testcase classname="org.bukkit.craftbukkit.inventory.FactoryItemMaterialTest" name="asMetaFor[Material[45]:MOSSY_COBBLESTONE]" time="0"/>
  <testcase classname="org.bukkit.craftbukkit.inventory.FactoryItemMaterialTest" name="itemStack[Material[45]:MOSSY_COBBLESTONE]" time="0"/>
  <testcase classname="org.bukkit.craftbukkit.inventory.FactoryItemMaterialTest" name="blankEqualities[Material[46]:OBSIDIAN]" time="0"/>
  <testcase classname="org.bukkit.craftbukkit.inventory.FactoryItemMaterialTest" name="generalCase[Material[46]:OBSIDIAN]" time="0"/>
  <testcase classname="org.bukkit.craftbukkit.inventory.FactoryItemMaterialTest" name="asMetaFor[Material[46]:OBSIDIAN]" time="0"/>
  <testcase classname="org.bukkit.craftbukkit.inventory.FactoryItemMaterialTest" name="itemStack[Material[46]:OBSIDIAN]" time="0"/>
  <testcase classname="org.bukkit.craftbukkit.inventory.FactoryItemMaterialTest" name="blankEqualities[Material[47]:TORCH]" time="0"/>
  <testcase classname="org.bukkit.craftbukkit.inventory.FactoryItemMaterialTest" name="generalCase[Material[47]:TORCH]" time="0"/>
  <testcase classname="org.bukkit.craftbukkit.inventory.FactoryItemMaterialTest" name="asMetaFor[Material[47]:TORCH]" time="0"/>
  <testcase classname="org.bukkit.craftbukkit.inventory.FactoryItemMaterialTest" name="itemStack[Material[47]:TORCH]" time="0"/>
  <testcase classname="org.bukkit.craftbukkit.inventory.FactoryItemMaterialTest" name="blankEqualities[Material[48]:FIRE]" time="0"/>
  <testcase classname="org.bukkit.craftbukkit.inventory.FactoryItemMaterialTest" name="generalCase[Material[48]:FIRE]" time="0"/>
  <testcase classname="org.bukkit.craftbukkit.inventory.FactoryItemMaterialTest" name="asMetaFor[Material[48]:FIRE]" time="0"/>
  <testcase classname="org.bukkit.craftbukkit.inventory.FactoryItemMaterialTest" name="itemStack[Material[48]:FIRE]" time="0"/>
  <testcase classname="org.bukkit.craftbukkit.inventory.FactoryItemMaterialTest" name="blankEqualities[Material[49]:MOB_SPAWNER]" time="0"/>
  <testcase classname="org.bukkit.craftbukkit.inventory.FactoryItemMaterialTest" name="generalCase[Material[49]:MOB_SPAWNER]" time="0"/>
  <testcase classname="org.bukkit.craftbukkit.inventory.FactoryItemMaterialTest" name="asMetaFor[Material[49]:MOB_SPAWNER]" time="0.001"/>
  <testcase classname="org.bukkit.craftbukkit.inventory.FactoryItemMaterialTest" name="itemStack[Material[49]:MOB_SPAWNER]" time="0"/>
  <testcase classname="org.bukkit.craftbukkit.inventory.FactoryItemMaterialTest" name="blankEqualities[Material[50]:WOOD_STAIRS]" time="0"/>
  <testcase classname="org.bukkit.craftbukkit.inventory.FactoryItemMaterialTest" name="generalCase[Material[50]:WOOD_STAIRS]" time="0"/>
  <testcase classname="org.bukkit.craftbukkit.inventory.FactoryItemMaterialTest" name="asMetaFor[Material[50]:WOOD_STAIRS]" time="0"/>
  <testcase classname="org.bukkit.craftbukkit.inventory.FactoryItemMaterialTest" name="itemStack[Material[50]:WOOD_STAIRS]" time="0"/>
  <testcase classname="org.bukkit.craftbukkit.inventory.FactoryItemMaterialTest" name="blankEqualities[Material[51]:CHEST]" time="0"/>
  <testcase classname="org.bukkit.craftbukkit.inventory.FactoryItemMaterialTest" name="generalCase[Material[51]:CHEST]" time="0"/>
  <testcase classname="org.bukkit.craftbukkit.inventory.FactoryItemMaterialTest" name="asMetaFor[Material[51]:CHEST]" time="0"/>
  <testcase classname="org.bukkit.craftbukkit.inventory.FactoryItemMaterialTest" name="itemStack[Material[51]:CHEST]" time="0"/>
  <testcase classname="org.bukkit.craftbukkit.inventory.FactoryItemMaterialTest" name="blankEqualities[Material[52]:DIAMOND_ORE]" time="0"/>
  <testcase classname="org.bukkit.craftbukkit.inventory.FactoryItemMaterialTest" name="generalCase[Material[52]:DIAMOND_ORE]" time="0"/>
  <testcase classname="org.bukkit.craftbukkit.inventory.FactoryItemMaterialTest" name="asMetaFor[Material[52]:DIAMOND_ORE]" time="0"/>
  <testcase classname="org.bukkit.craftbukkit.inventory.FactoryItemMaterialTest" name="itemStack[Material[52]:DIAMOND_ORE]" time="0"/>
  <testcase classname="org.bukkit.craftbukkit.inventory.FactoryItemMaterialTest" name="blankEqualities[Material[53]:DIAMOND_BLOCK]" time="0"/>
  <testcase classname="org.bukkit.craftbukkit.inventory.FactoryItemMaterialTest" name="generalCase[Material[53]:DIAMOND_BLOCK]" time="0"/>
  <testcase classname="org.bukkit.craftbukkit.inventory.FactoryItemMaterialTest" name="asMetaFor[Material[53]:DIAMOND_BLOCK]" time="0.002"/>
  <testcase classname="org.bukkit.craftbukkit.inventory.FactoryItemMaterialTest" name="itemStack[Material[53]:DIAMOND_BLOCK]" time="0"/>
  <testcase classname="org.bukkit.craftbukkit.inventory.FactoryItemMaterialTest" name="blankEqualities[Material[54]:WORKBENCH]" time="0"/>
  <testcase classname="org.bukkit.craftbukkit.inventory.FactoryItemMaterialTest" name="generalCase[Material[54]:WORKBENCH]" time="0"/>
  <testcase classname="org.bukkit.craftbukkit.inventory.FactoryItemMaterialTest" name="asMetaFor[Material[54]:WORKBENCH]" time="0"/>
  <testcase classname="org.bukkit.craftbukkit.inventory.FactoryItemMaterialTest" name="itemStack[Material[54]:WORKBENCH]" time="0"/>
  <testcase classname="org.bukkit.craftbukkit.inventory.FactoryItemMaterialTest" name="blankEqualities[Material[55]:SOIL]" time="0"/>
  <testcase classname="org.bukkit.craftbukkit.inventory.FactoryItemMaterialTest" name="generalCase[Material[55]:SOIL]" time="0"/>
  <testcase classname="org.bukkit.craftbukkit.inventory.FactoryItemMaterialTest" name="asMetaFor[Material[55]:SOIL]" time="0.001"/>
  <testcase classname="org.bukkit.craftbukkit.inventory.FactoryItemMaterialTest" name="itemStack[Material[55]:SOIL]" time="0"/>
  <testcase classname="org.bukkit.craftbukkit.inventory.FactoryItemMaterialTest" name="blankEqualities[Material[56]:FURNACE]" time="0"/>
  <testcase classname="org.bukkit.craftbukkit.inventory.FactoryItemMaterialTest" name="generalCase[Material[56]:FURNACE]" time="0"/>
  <testcase classname="org.bukkit.craftbukkit.inventory.FactoryItemMaterialTest" name="asMetaFor[Material[56]:FURNACE]" time="0.001"/>
  <testcase classname="org.bukkit.craftbukkit.inventory.FactoryItemMaterialTest" name="itemStack[Material[56]:FURNACE]" time="0"/>
  <testcase classname="org.bukkit.craftbukkit.inventory.FactoryItemMaterialTest" name="blankEqualities[Material[57]:BURNING_FURNACE]" time="0"/>
  <testcase classname="org.bukkit.craftbukkit.inventory.FactoryItemMaterialTest" name="generalCase[Material[57]:BURNING_FURNACE]" time="0"/>
  <testcase classname="org.bukkit.craftbukkit.inventory.FactoryItemMaterialTest" name="asMetaFor[Material[57]:BURNING_FURNACE]" time="0.001"/>
  <testcase classname="org.bukkit.craftbukkit.inventory.FactoryItemMaterialTest" name="itemStack[Material[57]:BURNING_FURNACE]" time="0"/>
  <testcase classname="org.bukkit.craftbukkit.inventory.FactoryItemMaterialTest" name="blankEqualities[Material[58]:LADDER]" time="0"/>
  <testcase classname="org.bukkit.craftbukkit.inventory.FactoryItemMaterialTest" name="generalCase[Material[58]:LADDER]" time="0"/>
  <testcase classname="org.bukkit.craftbukkit.inventory.FactoryItemMaterialTest" name="asMetaFor[Material[58]:LADDER]" time="0.001"/>
  <testcase classname="org.bukkit.craftbukkit.inventory.FactoryItemMaterialTest" name="itemStack[Material[58]:LADDER]" time="0"/>
  <testcase classname="org.bukkit.craftbukkit.inventory.FactoryItemMaterialTest" name="blankEqualities[Material[59]:RAILS]" time="0"/>
  <testcase classname="org.bukkit.craftbukkit.inventory.FactoryItemMaterialTest" name="generalCase[Material[59]:RAILS]" time="0"/>
  <testcase classname="org.bukkit.craftbukkit.inventory.FactoryItemMaterialTest" name="asMetaFor[Material[59]:RAILS]" time="0"/>
  <testcase classname="org.bukkit.craftbukkit.inventory.FactoryItemMaterialTest" name="itemStack[Material[59]:RAILS]" time="0"/>
  <testcase classname="org.bukkit.craftbukkit.inventory.FactoryItemMaterialTest" name="blankEqualities[Material[60]:COBBLESTONE_STAIRS]" time="0"/>
  <testcase classname="org.bukkit.craftbukkit.inventory.FactoryItemMaterialTest" name="generalCase[Material[60]:COBBLESTONE_STAIRS]" time="0"/>
  <testcase classname="org.bukkit.craftbukkit.inventory.FactoryItemMaterialTest" name="asMetaFor[Material[60]:COBBLESTONE_STAIRS]" time="0"/>
  <testcase classname="org.bukkit.craftbukkit.inventory.FactoryItemMaterialTest" name="itemStack[Material[60]:COBBLESTONE_STAIRS]" time="0"/>
  <testcase classname="org.bukkit.craftbukkit.inventory.FactoryItemMaterialTest" name="blankEqualities[Material[61]:LEVER]" time="0"/>
  <testcase classname="org.bukkit.craftbukkit.inventory.FactoryItemMaterialTest" name="generalCase[Material[61]:LEVER]" time="0"/>
  <testcase classname="org.bukkit.craftbukkit.inventory.FactoryItemMaterialTest" name="asMetaFor[Material[61]:LEVER]" time="0"/>
  <testcase classname="org.bukkit.craftbukkit.inventory.FactoryItemMaterialTest" name="itemStack[Material[61]:LEVER]" time="0"/>
  <testcase classname="org.bukkit.craftbukkit.inventory.FactoryItemMaterialTest" name="blankEqualities[Material[62]:STONE_PLATE]" time="0"/>
  <testcase classname="org.bukkit.craftbukkit.inventory.FactoryItemMaterialTest" name="generalCase[Material[62]:STONE_PLATE]" time="0"/>
  <testcase classname="org.bukkit.craftbukkit.inventory.FactoryItemMaterialTest" name="asMetaFor[Material[62]:STONE_PLATE]" time="0"/>
  <testcase classname="org.bukkit.craftbukkit.inventory.FactoryItemMaterialTest" name="itemStack[Material[62]:STONE_PLATE]" time="0.009"/>
  <testcase classname="org.bukkit.craftbukkit.inventory.FactoryItemMaterialTest" name="blankEqualities[Material[63]:WOOD_PLATE]" time="0"/>
  <testcase classname="org.bukkit.craftbukkit.inventory.FactoryItemMaterialTest" name="generalCase[Material[63]:WOOD_PLATE]" time="0"/>
  <testcase classname="org.bukkit.craftbukkit.inventory.FactoryItemMaterialTest" name="asMetaFor[Material[63]:WOOD_PLATE]" time="0"/>
  <testcase classname="org.bukkit.craftbukkit.inventory.FactoryItemMaterialTest" name="itemStack[Material[63]:WOOD_PLATE]" time="0"/>
  <testcase classname="org.bukkit.craftbukkit.inventory.FactoryItemMaterialTest" name="blankEqualities[Material[64]:REDSTONE_ORE]" time="0"/>
  <testcase classname="org.bukkit.craftbukkit.inventory.FactoryItemMaterialTest" name="generalCase[Material[64]:REDSTONE_ORE]" time="0"/>
  <testcase classname="org.bukkit.craftbukkit.inventory.FactoryItemMaterialTest" name="asMetaFor[Material[64]:REDSTONE_ORE]" time="0"/>
  <testcase classname="org.bukkit.craftbukkit.inventory.FactoryItemMaterialTest" name="itemStack[Material[64]:REDSTONE_ORE]" time="0"/>
  <testcase classname="org.bukkit.craftbukkit.inventory.FactoryItemMaterialTest" name="blankEqualities[Material[65]:REDSTONE_TORCH_ON]" time="0"/>
  <testcase classname="org.bukkit.craftbukkit.inventory.FactoryItemMaterialTest" name="generalCase[Material[65]:REDSTONE_TORCH_ON]" time="0"/>
  <testcase classname="org.bukkit.craftbukkit.inventory.FactoryItemMaterialTest" name="asMetaFor[Material[65]:REDSTONE_TORCH_ON]" time="0"/>
  <testcase classname="org.bukkit.craftbukkit.inventory.FactoryItemMaterialTest" name="itemStack[Material[65]:REDSTONE_TORCH_ON]" time="0"/>
  <testcase classname="org.bukkit.craftbukkit.inventory.FactoryItemMaterialTest" name="blankEqualities[Material[66]:STONE_BUTTON]" time="0"/>
  <testcase classname="org.bukkit.craftbukkit.inventory.FactoryItemMaterialTest" name="generalCase[Material[66]:STONE_BUTTON]" time="0"/>
  <testcase classname="org.bukkit.craftbukkit.inventory.FactoryItemMaterialTest" name="asMetaFor[Material[66]:STONE_BUTTON]" time="0"/>
  <testcase classname="org.bukkit.craftbukkit.inventory.FactoryItemMaterialTest" name="itemStack[Material[66]:STONE_BUTTON]" time="0"/>
  <testcase classname="org.bukkit.craftbukkit.inventory.FactoryItemMaterialTest" name="blankEqualities[Material[67]:SNOW]" time="0"/>
  <testcase classname="org.bukkit.craftbukkit.inventory.FactoryItemMaterialTest" name="generalCase[Material[67]:SNOW]" time="0"/>
  <testcase classname="org.bukkit.craftbukkit.inventory.FactoryItemMaterialTest" name="asMetaFor[Material[67]:SNOW]" time="0"/>
  <testcase classname="org.bukkit.craftbukkit.inventory.FactoryItemMaterialTest" name="itemStack[Material[67]:SNOW]" time="0"/>
  <testcase classname="org.bukkit.craftbukkit.inventory.FactoryItemMaterialTest" name="blankEqualities[Material[68]:ICE]" time="0"/>
  <testcase classname="org.bukkit.craftbukkit.inventory.FactoryItemMaterialTest" name="generalCase[Material[68]:ICE]" time="0"/>
  <testcase classname="org.bukkit.craftbukkit.inventory.FactoryItemMaterialTest" name="asMetaFor[Material[68]:ICE]" time="0"/>
  <testcase classname="org.bukkit.craftbukkit.inventory.FactoryItemMaterialTest" name="itemStack[Material[68]:ICE]" time="0"/>
  <testcase classname="org.bukkit.craftbukkit.inventory.FactoryItemMaterialTest" name="blankEqualities[Material[69]:SNOW_BLOCK]" time="0"/>
  <testcase classname="org.bukkit.craftbukkit.inventory.FactoryItemMaterialTest" name="generalCase[Material[69]:SNOW_BLOCK]" time="0"/>
  <testcase classname="org.bukkit.craftbukkit.inventory.FactoryItemMaterialTest" name="asMetaFor[Material[69]:SNOW_BLOCK]" time="0"/>
  <testcase classname="org.bukkit.craftbukkit.inventory.FactoryItemMaterialTest" name="itemStack[Material[69]:SNOW_BLOCK]" time="0"/>
  <testcase classname="org.bukkit.craftbukkit.inventory.FactoryItemMaterialTest" name="blankEqualities[Material[70]:CACTUS]" time="0"/>
  <testcase classname="org.bukkit.craftbukkit.inventory.FactoryItemMaterialTest" name="generalCase[Material[70]:CACTUS]" time="0"/>
  <testcase classname="org.bukkit.craftbukkit.inventory.FactoryItemMaterialTest" name="asMetaFor[Material[70]:CACTUS]" time="0"/>
  <testcase classname="org.bukkit.craftbukkit.inventory.FactoryItemMaterialTest" name="itemStack[Material[70]:CACTUS]" time="0"/>
  <testcase classname="org.bukkit.craftbukkit.inventory.FactoryItemMaterialTest" name="blankEqualities[Material[71]:CLAY]" time="0"/>
  <testcase classname="org.bukkit.craftbukkit.inventory.FactoryItemMaterialTest" name="generalCase[Material[71]:CLAY]" time="0"/>
  <testcase classname="org.bukkit.craftbukkit.inventory.FactoryItemMaterialTest" name="asMetaFor[Material[71]:CLAY]" time="0"/>
  <testcase classname="org.bukkit.craftbukkit.inventory.FactoryItemMaterialTest" name="itemStack[Material[71]:CLAY]" time="0"/>
  <testcase classname="org.bukkit.craftbukkit.inventory.FactoryItemMaterialTest" name="blankEqualities[Material[72]:JUKEBOX]" time="0"/>
  <testcase classname="org.bukkit.craftbukkit.inventory.FactoryItemMaterialTest" name="generalCase[Material[72]:JUKEBOX]" time="0"/>
  <testcase classname="org.bukkit.craftbukkit.inventory.FactoryItemMaterialTest" name="asMetaFor[Material[72]:JUKEBOX]" time="0"/>
  <testcase classname="org.bukkit.craftbukkit.inventory.FactoryItemMaterialTest" name="itemStack[Material[72]:JUKEBOX]" time="0"/>
  <testcase classname="org.bukkit.craftbukkit.inventory.FactoryItemMaterialTest" name="blankEqualities[Material[73]:FENCE]" time="0"/>
  <testcase classname="org.bukkit.craftbukkit.inventory.FactoryItemMaterialTest" name="generalCase[Material[73]:FENCE]" time="0"/>
  <testcase classname="org.bukkit.craftbukkit.inventory.FactoryItemMaterialTest" name="asMetaFor[Material[73]:FENCE]" time="0"/>
  <testcase classname="org.bukkit.craftbukkit.inventory.FactoryItemMaterialTest" name="itemStack[Material[73]:FENCE]" time="0"/>
  <testcase classname="org.bukkit.craftbukkit.inventory.FactoryItemMaterialTest" name="blankEqualities[Material[74]:PUMPKIN]" time="0"/>
  <testcase classname="org.bukkit.craftbukkit.inventory.FactoryItemMaterialTest" name="generalCase[Material[74]:PUMPKIN]" time="0"/>
  <testcase classname="org.bukkit.craftbukkit.inventory.FactoryItemMaterialTest" name="asMetaFor[Material[74]:PUMPKIN]" time="0"/>
  <testcase classname="org.bukkit.craftbukkit.inventory.FactoryItemMaterialTest" name="itemStack[Material[74]:PUMPKIN]" time="0"/>
  <testcase classname="org.bukkit.craftbukkit.inventory.FactoryItemMaterialTest" name="blankEqualities[Material[75]:NETHERRACK]" time="0"/>
  <testcase classname="org.bukkit.craftbukkit.inventory.FactoryItemMaterialTest" name="generalCase[Material[75]:NETHERRACK]" time="0"/>
  <testcase classname="org.bukkit.craftbukkit.inventory.FactoryItemMaterialTest" name="asMetaFor[Material[75]:NETHERRACK]" time="0"/>
  <testcase classname="org.bukkit.craftbukkit.inventory.FactoryItemMaterialTest" name="itemStack[Material[75]:NETHERRACK]" time="0"/>
  <testcase classname="org.bukkit.craftbukkit.inventory.FactoryItemMaterialTest" name="blankEqualities[Material[76]:SOUL_SAND]" time="0"/>
  <testcase classname="org.bukkit.craftbukkit.inventory.FactoryItemMaterialTest" name="generalCase[Material[76]:SOUL_SAND]" time="0"/>
  <testcase classname="org.bukkit.craftbukkit.inventory.FactoryItemMaterialTest" name="asMetaFor[Material[76]:SOUL_SAND]" time="0"/>
  <testcase classname="org.bukkit.craftbukkit.inventory.FactoryItemMaterialTest" name="itemStack[Material[76]:SOUL_SAND]" time="0"/>
  <testcase classname="org.bukkit.craftbukkit.inventory.FactoryItemMaterialTest" name="blankEqualities[Material[77]:GLOWSTONE]" time="0"/>
  <testcase classname="org.bukkit.craftbukkit.inventory.FactoryItemMaterialTest" name="generalCase[Material[77]:GLOWSTONE]" time="0"/>
  <testcase classname="org.bukkit.craftbukkit.inventory.FactoryItemMaterialTest" name="asMetaFor[Material[77]:GLOWSTONE]" time="0"/>
  <testcase classname="org.bukkit.craftbukkit.inventory.FactoryItemMaterialTest" name="itemStack[Material[77]:GLOWSTONE]" time="0"/>
  <testcase classname="org.bukkit.craftbukkit.inventory.FactoryItemMaterialTest" name="blankEqualities[Material[78]:PORTAL]" time="0"/>
  <testcase classname="org.bukkit.craftbukkit.inventory.FactoryItemMaterialTest" name="generalCase[Material[78]:PORTAL]" time="0"/>
  <testcase classname="org.bukkit.craftbukkit.inventory.FactoryItemMaterialTest" name="asMetaFor[Material[78]:PORTAL]" time="0"/>
  <testcase classname="org.bukkit.craftbukkit.inventory.FactoryItemMaterialTest" name="itemStack[Material[78]:PORTAL]" time="0"/>
  <testcase classname="org.bukkit.craftbukkit.inventory.FactoryItemMaterialTest" name="blankEqualities[Material[79]:JACK_O_LANTERN]" time="0.003"/>
  <testcase classname="org.bukkit.craftbukkit.inventory.FactoryItemMaterialTest" name="generalCase[Material[79]:JACK_O_LANTERN]" time="0"/>
  <testcase classname="org.bukkit.craftbukkit.inventory.FactoryItemMaterialTest" name="asMetaFor[Material[79]:JACK_O_LANTERN]" time="0"/>
  <testcase classname="org.bukkit.craftbukkit.inventory.FactoryItemMaterialTest" name="itemStack[Material[79]:JACK_O_LANTERN]" time="0"/>
  <testcase classname="org.bukkit.craftbukkit.inventory.FactoryItemMaterialTest" name="blankEqualities[Material[80]:STAINED_GLASS]" time="0"/>
  <testcase classname="org.bukkit.craftbukkit.inventory.FactoryItemMaterialTest" name="generalCase[Material[80]:STAINED_GLASS]" time="0"/>
  <testcase classname="org.bukkit.craftbukkit.inventory.FactoryItemMaterialTest" name="asMetaFor[Material[80]:STAINED_GLASS]" time="0"/>
  <testcase classname="org.bukkit.craftbukkit.inventory.FactoryItemMaterialTest" name="itemStack[Material[80]:STAINED_GLASS]" time="0"/>
  <testcase classname="org.bukkit.craftbukkit.inventory.FactoryItemMaterialTest" name="blankEqualities[Material[81]:TRAP_DOOR]" time="0"/>
  <testcase classname="org.bukkit.craftbukkit.inventory.FactoryItemMaterialTest" name="generalCase[Material[81]:TRAP_DOOR]" time="0"/>
  <testcase classname="org.bukkit.craftbukkit.inventory.FactoryItemMaterialTest" name="asMetaFor[Material[81]:TRAP_DOOR]" time="0.001"/>
  <testcase classname="org.bukkit.craftbukkit.inventory.FactoryItemMaterialTest" name="itemStack[Material[81]:TRAP_DOOR]" time="0"/>
  <testcase classname="org.bukkit.craftbukkit.inventory.FactoryItemMaterialTest" name="blankEqualities[Material[82]:MONSTER_EGGS]" time="0"/>
  <testcase classname="org.bukkit.craftbukkit.inventory.FactoryItemMaterialTest" name="generalCase[Material[82]:MONSTER_EGGS]" time="0"/>
  <testcase classname="org.bukkit.craftbukkit.inventory.FactoryItemMaterialTest" name="asMetaFor[Material[82]:MONSTER_EGGS]" time="0"/>
  <testcase classname="org.bukkit.craftbukkit.inventory.FactoryItemMaterialTest" name="itemStack[Material[82]:MONSTER_EGGS]" time="0"/>
  <testcase classname="org.bukkit.craftbukkit.inventory.FactoryItemMaterialTest" name="blankEqualities[Material[83]:SMOOTH_BRICK]" time="0"/>
  <testcase classname="org.bukkit.craftbukkit.inventory.FactoryItemMaterialTest" name="generalCase[Material[83]:SMOOTH_BRICK]" time="0"/>
  <testcase classname="org.bukkit.craftbukkit.inventory.FactoryItemMaterialTest" name="asMetaFor[Material[83]:SMOOTH_BRICK]" time="0"/>
  <testcase classname="org.bukkit.craftbukkit.inventory.FactoryItemMaterialTest" name="itemStack[Material[83]:SMOOTH_BRICK]" time="0"/>
  <testcase classname="org.bukkit.craftbukkit.inventory.FactoryItemMaterialTest" name="blankEqualities[Material[84]:HUGE_MUSHROOM_1]" time="0"/>
  <testcase classname="org.bukkit.craftbukkit.inventory.FactoryItemMaterialTest" name="generalCase[Material[84]:HUGE_MUSHROOM_1]" time="0"/>
  <testcase classname="org.bukkit.craftbukkit.inventory.FactoryItemMaterialTest" name="asMetaFor[Material[84]:HUGE_MUSHROOM_1]" time="0"/>
  <testcase classname="org.bukkit.craftbukkit.inventory.FactoryItemMaterialTest" name="itemStack[Material[84]:HUGE_MUSHROOM_1]" time="0"/>
  <testcase classname="org.bukkit.craftbukkit.inventory.FactoryItemMaterialTest" name="blankEqualities[Material[85]:HUGE_MUSHROOM_2]" time="0"/>
  <testcase classname="org.bukkit.craftbukkit.inventory.FactoryItemMaterialTest" name="generalCase[Material[85]:HUGE_MUSHROOM_2]" time="0"/>
  <testcase classname="org.bukkit.craftbukkit.inventory.FactoryItemMaterialTest" name="asMetaFor[Material[85]:HUGE_MUSHROOM_2]" time="0"/>
  <testcase classname="org.bukkit.craftbukkit.inventory.FactoryItemMaterialTest" name="itemStack[Material[85]:HUGE_MUSHROOM_2]" time="0"/>
  <testcase classname="org.bukkit.craftbukkit.inventory.FactoryItemMaterialTest" name="blankEqualities[Material[86]:IRON_FENCE]" time="0.001"/>
  <testcase classname="org.bukkit.craftbukkit.inventory.FactoryItemMaterialTest" name="generalCase[Material[86]:IRON_FENCE]" time="0"/>
  <testcase classname="org.bukkit.craftbukkit.inventory.FactoryItemMaterialTest" name="asMetaFor[Material[86]:IRON_FENCE]" time="0"/>
  <testcase classname="org.bukkit.craftbukkit.inventory.FactoryItemMaterialTest" name="itemStack[Material[86]:IRON_FENCE]" time="0"/>
  <testcase classname="org.bukkit.craftbukkit.inventory.FactoryItemMaterialTest" name="blankEqualities[Material[87]:THIN_GLASS]" time="0"/>
  <testcase classname="org.bukkit.craftbukkit.inventory.FactoryItemMaterialTest" name="generalCase[Material[87]:THIN_GLASS]" time="0"/>
  <testcase classname="org.bukkit.craftbukkit.inventory.FactoryItemMaterialTest" name="asMetaFor[Material[87]:THIN_GLASS]" time="0.001"/>
  <testcase classname="org.bukkit.craftbukkit.inventory.FactoryItemMaterialTest" name="itemStack[Material[87]:THIN_GLASS]" time="0"/>
  <testcase classname="org.bukkit.craftbukkit.inventory.FactoryItemMaterialTest" name="blankEqualities[Material[88]:MELON_BLOCK]" time="0"/>
  <testcase classname="org.bukkit.craftbukkit.inventory.FactoryItemMaterialTest" name="generalCase[Material[88]:MELON_BLOCK]" time="0"/>
  <testcase classname="org.bukkit.craftbukkit.inventory.FactoryItemMaterialTest" name="asMetaFor[Material[88]:MELON_BLOCK]" time="0.001"/>
  <testcase classname="org.bukkit.craftbukkit.inventory.FactoryItemMaterialTest" name="itemStack[Material[88]:MELON_BLOCK]" time="0"/>
  <testcase classname="org.bukkit.craftbukkit.inventory.FactoryItemMaterialTest" name="blankEqualities[Material[89]:VINE]" time="0"/>
  <testcase classname="org.bukkit.craftbukkit.inventory.FactoryItemMaterialTest" name="generalCase[Material[89]:VINE]" time="0"/>
  <testcase classname="org.bukkit.craftbukkit.inventory.FactoryItemMaterialTest" name="asMetaFor[Material[89]:VINE]" time="0"/>
  <testcase classname="org.bukkit.craftbukkit.inventory.FactoryItemMaterialTest" name="itemStack[Material[89]:VINE]" time="0"/>
  <testcase classname="org.bukkit.craftbukkit.inventory.FactoryItemMaterialTest" name="blankEqualities[Material[90]:FENCE_GATE]" time="0"/>
  <testcase classname="org.bukkit.craftbukkit.inventory.FactoryItemMaterialTest" name="generalCase[Material[90]:FENCE_GATE]" time="0"/>
  <testcase classname="org.bukkit.craftbukkit.inventory.FactoryItemMaterialTest" name="asMetaFor[Material[90]:FENCE_GATE]" time="0"/>
  <testcase classname="org.bukkit.craftbukkit.inventory.FactoryItemMaterialTest" name="itemStack[Material[90]:FENCE_GATE]" time="0"/>
  <testcase classname="org.bukkit.craftbukkit.inventory.FactoryItemMaterialTest" name="blankEqualities[Material[91]:BRICK_STAIRS]" time="0.001"/>
  <testcase classname="org.bukkit.craftbukkit.inventory.FactoryItemMaterialTest" name="generalCase[Material[91]:BRICK_STAIRS]" time="0"/>
  <testcase classname="org.bukkit.craftbukkit.inventory.FactoryItemMaterialTest" name="asMetaFor[Material[91]:BRICK_STAIRS]" time="0"/>
  <testcase classname="org.bukkit.craftbukkit.inventory.FactoryItemMaterialTest" name="itemStack[Material[91]:BRICK_STAIRS]" time="0"/>
  <testcase classname="org.bukkit.craftbukkit.inventory.FactoryItemMaterialTest" name="blankEqualities[Material[92]:SMOOTH_STAIRS]" time="0"/>
  <testcase classname="org.bukkit.craftbukkit.inventory.FactoryItemMaterialTest" name="generalCase[Material[92]:SMOOTH_STAIRS]" time="0"/>
  <testcase classname="org.bukkit.craftbukkit.inventory.FactoryItemMaterialTest" name="asMetaFor[Material[92]:SMOOTH_STAIRS]" time="0.001"/>
  <testcase classname="org.bukkit.craftbukkit.inventory.FactoryItemMaterialTest" name="itemStack[Material[92]:SMOOTH_STAIRS]" time="0"/>
  <testcase classname="org.bukkit.craftbukkit.inventory.FactoryItemMaterialTest" name="blankEqualities[Material[93]:MYCEL]" time="0"/>
  <testcase classname="org.bukkit.craftbukkit.inventory.FactoryItemMaterialTest" name="generalCase[Material[93]:MYCEL]" time="0"/>
  <testcase classname="org.bukkit.craftbukkit.inventory.FactoryItemMaterialTest" name="asMetaFor[Material[93]:MYCEL]" time="0"/>
  <testcase classname="org.bukkit.craftbukkit.inventory.FactoryItemMaterialTest" name="itemStack[Material[93]:MYCEL]" time="0"/>
  <testcase classname="org.bukkit.craftbukkit.inventory.FactoryItemMaterialTest" name="blankEqualities[Material[94]:WATER_LILY]" time="0.001"/>
  <testcase classname="org.bukkit.craftbukkit.inventory.FactoryItemMaterialTest" name="generalCase[Material[94]:WATER_LILY]" time="0"/>
  <testcase classname="org.bukkit.craftbukkit.inventory.FactoryItemMaterialTest" name="asMetaFor[Material[94]:WATER_LILY]" time="0"/>
  <testcase classname="org.bukkit.craftbukkit.inventory.FactoryItemMaterialTest" name="itemStack[Material[94]:WATER_LILY]" time="0"/>
  <testcase classname="org.bukkit.craftbukkit.inventory.FactoryItemMaterialTest" name="blankEqualities[Material[95]:NETHER_BRICK]" time="0.001"/>
  <testcase classname="org.bukkit.craftbukkit.inventory.FactoryItemMaterialTest" name="generalCase[Material[95]:NETHER_BRICK]" time="0"/>
  <testcase classname="org.bukkit.craftbukkit.inventory.FactoryItemMaterialTest" name="asMetaFor[Material[95]:NETHER_BRICK]" time="0"/>
  <testcase classname="org.bukkit.craftbukkit.inventory.FactoryItemMaterialTest" name="itemStack[Material[95]:NETHER_BRICK]" time="0"/>
  <testcase classname="org.bukkit.craftbukkit.inventory.FactoryItemMaterialTest" name="blankEqualities[Material[96]:NETHER_FENCE]" time="0"/>
  <testcase classname="org.bukkit.craftbukkit.inventory.FactoryItemMaterialTest" name="generalCase[Material[96]:NETHER_FENCE]" time="0"/>
  <testcase classname="org.bukkit.craftbukkit.inventory.FactoryItemMaterialTest" name="asMetaFor[Material[96]:NETHER_FENCE]" time="0.001"/>
  <testcase classname="org.bukkit.craftbukkit.inventory.FactoryItemMaterialTest" name="itemStack[Material[96]:NETHER_FENCE]" time="0"/>
  <testcase classname="org.bukkit.craftbukkit.inventory.FactoryItemMaterialTest" name="blankEqualities[Material[97]:NETHER_BRICK_STAIRS]" time="0"/>
  <testcase classname="org.bukkit.craftbukkit.inventory.FactoryItemMaterialTest" name="generalCase[Material[97]:NETHER_BRICK_STAIRS]" time="0"/>
  <testcase classname="org.bukkit.craftbukkit.inventory.FactoryItemMaterialTest" name="asMetaFor[Material[97]:NETHER_BRICK_STAIRS]" time="0"/>
  <testcase classname="org.bukkit.craftbukkit.inventory.FactoryItemMaterialTest" name="itemStack[Material[97]:NETHER_BRICK_STAIRS]" time="0"/>
  <testcase classname="org.bukkit.craftbukkit.inventory.FactoryItemMaterialTest" name="blankEqualities[Material[98]:ENCHANTMENT_TABLE]" time="0"/>
  <testcase classname="org.bukkit.craftbukkit.inventory.FactoryItemMaterialTest" name="generalCase[Material[98]:ENCHANTMENT_TABLE]" time="0"/>
  <testcase classname="org.bukkit.craftbukkit.inventory.FactoryItemMaterialTest" name="asMetaFor[Material[98]:ENCHANTMENT_TABLE]" time="0.001"/>
  <testcase classname="org.bukkit.craftbukkit.inventory.FactoryItemMaterialTest" name="itemStack[Material[98]:ENCHANTMENT_TABLE]" time="0"/>
  <testcase classname="org.bukkit.craftbukkit.inventory.FactoryItemMaterialTest" name="blankEqualities[Material[99]:ENDER_PORTAL]" time="0"/>
  <testcase classname="org.bukkit.craftbukkit.inventory.FactoryItemMaterialTest" name="generalCase[Material[99]:ENDER_PORTAL]" time="0"/>
  <testcase classname="org.bukkit.craftbukkit.inventory.FactoryItemMaterialTest" name="asMetaFor[Material[99]:ENDER_PORTAL]" time="0"/>
  <testcase classname="org.bukkit.craftbukkit.inventory.FactoryItemMaterialTest" name="itemStack[Material[99]:ENDER_PORTAL]" time="0"/>
  <testcase classname="org.bukkit.craftbukkit.inventory.FactoryItemMaterialTest" name="blankEqualities[Material[100]:ENDER_PORTAL_FRAME]" time="0"/>
  <testcase classname="org.bukkit.craftbukkit.inventory.FactoryItemMaterialTest" name="generalCase[Material[100]:ENDER_PORTAL_FRAME]" time="0"/>
  <testcase classname="org.bukkit.craftbukkit.inventory.FactoryItemMaterialTest" name="asMetaFor[Material[100]:ENDER_PORTAL_FRAME]" time="0.001"/>
  <testcase classname="org.bukkit.craftbukkit.inventory.FactoryItemMaterialTest" name="itemStack[Material[100]:ENDER_PORTAL_FRAME]" time="0"/>
  <testcase classname="org.bukkit.craftbukkit.inventory.FactoryItemMaterialTest" name="blankEqualities[Material[101]:ENDER_STONE]" time="0"/>
  <testcase classname="org.bukkit.craftbukkit.inventory.FactoryItemMaterialTest" name="generalCase[Material[101]:ENDER_STONE]" time="0"/>
  <testcase classname="org.bukkit.craftbukkit.inventory.FactoryItemMaterialTest" name="asMetaFor[Material[101]:ENDER_STONE]" time="0"/>
  <testcase classname="org.bukkit.craftbukkit.inventory.FactoryItemMaterialTest" name="itemStack[Material[101]:ENDER_STONE]" time="0"/>
  <testcase classname="org.bukkit.craftbukkit.inventory.FactoryItemMaterialTest" name="blankEqualities[Material[102]:DRAGON_EGG]" time="0"/>
  <testcase classname="org.bukkit.craftbukkit.inventory.FactoryItemMaterialTest" name="generalCase[Material[102]:DRAGON_EGG]" time="0"/>
  <testcase classname="org.bukkit.craftbukkit.inventory.FactoryItemMaterialTest" name="asMetaFor[Material[102]:DRAGON_EGG]" time="0.001"/>
  <testcase classname="org.bukkit.craftbukkit.inventory.FactoryItemMaterialTest" name="itemStack[Material[102]:DRAGON_EGG]" time="0"/>
  <testcase classname="org.bukkit.craftbukkit.inventory.FactoryItemMaterialTest" name="blankEqualities[Material[103]:REDSTONE_LAMP_OFF]" time="0"/>
  <testcase classname="org.bukkit.craftbukkit.inventory.FactoryItemMaterialTest" name="generalCase[Material[103]:REDSTONE_LAMP_OFF]" time="0"/>
  <testcase classname="org.bukkit.craftbukkit.inventory.FactoryItemMaterialTest" name="asMetaFor[Material[103]:REDSTONE_LAMP_OFF]" time="0"/>
  <testcase classname="org.bukkit.craftbukkit.inventory.FactoryItemMaterialTest" name="itemStack[Material[103]:REDSTONE_LAMP_OFF]" time="0"/>
  <testcase classname="org.bukkit.craftbukkit.inventory.FactoryItemMaterialTest" name="blankEqualities[Material[104]:WOOD_DOUBLE_STEP]" time="0.001"/>
  <testcase classname="org.bukkit.craftbukkit.inventory.FactoryItemMaterialTest" name="generalCase[Material[104]:WOOD_DOUBLE_STEP]" time="0"/>
  <testcase classname="org.bukkit.craftbukkit.inventory.FactoryItemMaterialTest" name="asMetaFor[Material[104]:WOOD_DOUBLE_STEP]" time="0"/>
  <testcase classname="org.bukkit.craftbukkit.inventory.FactoryItemMaterialTest" name="itemStack[Material[104]:WOOD_DOUBLE_STEP]" time="0"/>
  <testcase classname="org.bukkit.craftbukkit.inventory.FactoryItemMaterialTest" name="blankEqualities[Material[105]:WOOD_STEP]" time="0"/>
  <testcase classname="org.bukkit.craftbukkit.inventory.FactoryItemMaterialTest" name="generalCase[Material[105]:WOOD_STEP]" time="0"/>
  <testcase classname="org.bukkit.craftbukkit.inventory.FactoryItemMaterialTest" name="asMetaFor[Material[105]:WOOD_STEP]" time="0"/>
  <testcase classname="org.bukkit.craftbukkit.inventory.FactoryItemMaterialTest" name="itemStack[Material[105]:WOOD_STEP]" time="0"/>
  <testcase classname="org.bukkit.craftbukkit.inventory.FactoryItemMaterialTest" name="blankEqualities[Material[106]:COCOA]" time="0.001"/>
  <testcase classname="org.bukkit.craftbukkit.inventory.FactoryItemMaterialTest" name="generalCase[Material[106]:COCOA]" time="0"/>
  <testcase classname="org.bukkit.craftbukkit.inventory.FactoryItemMaterialTest" name="asMetaFor[Material[106]:COCOA]" time="0"/>
  <testcase classname="org.bukkit.craftbukkit.inventory.FactoryItemMaterialTest" name="itemStack[Material[106]:COCOA]" time="0"/>
  <testcase classname="org.bukkit.craftbukkit.inventory.FactoryItemMaterialTest" name="blankEqualities[Material[107]:SANDSTONE_STAIRS]" time="0"/>
  <testcase classname="org.bukkit.craftbukkit.inventory.FactoryItemMaterialTest" name="generalCase[Material[107]:SANDSTONE_STAIRS]" time="0"/>
  <testcase classname="org.bukkit.craftbukkit.inventory.FactoryItemMaterialTest" name="asMetaFor[Material[107]:SANDSTONE_STAIRS]" time="0"/>
  <testcase classname="org.bukkit.craftbukkit.inventory.FactoryItemMaterialTest" name="itemStack[Material[107]:SANDSTONE_STAIRS]" time="0"/>
  <testcase classname="org.bukkit.craftbukkit.inventory.FactoryItemMaterialTest" name="blankEqualities[Material[108]:EMERALD_ORE]" time="0.001"/>
  <testcase classname="org.bukkit.craftbukkit.inventory.FactoryItemMaterialTest" name="generalCase[Material[108]:EMERALD_ORE]" time="0"/>
  <testcase classname="org.bukkit.craftbukkit.inventory.FactoryItemMaterialTest" name="asMetaFor[Material[108]:EMERALD_ORE]" time="0"/>
  <testcase classname="org.bukkit.craftbukkit.inventory.FactoryItemMaterialTest" name="itemStack[Material[108]:EMERALD_ORE]" time="0"/>
  <testcase classname="org.bukkit.craftbukkit.inventory.FactoryItemMaterialTest" name="blankEqualities[Material[109]:ENDER_CHEST]" time="0"/>
  <testcase classname="org.bukkit.craftbukkit.inventory.FactoryItemMaterialTest" name="generalCase[Material[109]:ENDER_CHEST]" time="0"/>
  <testcase classname="org.bukkit.craftbukkit.inventory.FactoryItemMaterialTest" name="asMetaFor[Material[109]:ENDER_CHEST]" time="0"/>
  <testcase classname="org.bukkit.craftbukkit.inventory.FactoryItemMaterialTest" name="itemStack[Material[109]:ENDER_CHEST]" time="0"/>
  <testcase classname="org.bukkit.craftbukkit.inventory.FactoryItemMaterialTest" name="blankEqualities[Material[110]:TRIPWIRE_HOOK]" time="0"/>
  <testcase classname="org.bukkit.craftbukkit.inventory.FactoryItemMaterialTest" name="generalCase[Material[110]:TRIPWIRE_HOOK]" time="0"/>
  <testcase classname="org.bukkit.craftbukkit.inventory.FactoryItemMaterialTest" name="asMetaFor[Material[110]:TRIPWIRE_HOOK]" time="0.002"/>
  <testcase classname="org.bukkit.craftbukkit.inventory.FactoryItemMaterialTest" name="itemStack[Material[110]:TRIPWIRE_HOOK]" time="0"/>
  <testcase classname="org.bukkit.craftbukkit.inventory.FactoryItemMaterialTest" name="blankEqualities[Material[111]:EMERALD_BLOCK]" time="0"/>
  <testcase classname="org.bukkit.craftbukkit.inventory.FactoryItemMaterialTest" name="generalCase[Material[111]:EMERALD_BLOCK]" time="0"/>
  <testcase classname="org.bukkit.craftbukkit.inventory.FactoryItemMaterialTest" name="asMetaFor[Material[111]:EMERALD_BLOCK]" time="0"/>
  <testcase classname="org.bukkit.craftbukkit.inventory.FactoryItemMaterialTest" name="itemStack[Material[111]:EMERALD_BLOCK]" time="0"/>
  <testcase classname="org.bukkit.craftbukkit.inventory.FactoryItemMaterialTest" name="blankEqualities[Material[112]:SPRUCE_WOOD_STAIRS]" time="0"/>
  <testcase classname="org.bukkit.craftbukkit.inventory.FactoryItemMaterialTest" name="generalCase[Material[112]:SPRUCE_WOOD_STAIRS]" time="0"/>
  <testcase classname="org.bukkit.craftbukkit.inventory.FactoryItemMaterialTest" name="asMetaFor[Material[112]:SPRUCE_WOOD_STAIRS]" time="0"/>
  <testcase classname="org.bukkit.craftbukkit.inventory.FactoryItemMaterialTest" name="itemStack[Material[112]:SPRUCE_WOOD_STAIRS]" time="0"/>
  <testcase classname="org.bukkit.craftbukkit.inventory.FactoryItemMaterialTest" name="blankEqualities[Material[113]:BIRCH_WOOD_STAIRS]" time="0"/>
  <testcase classname="org.bukkit.craftbukkit.inventory.FactoryItemMaterialTest" name="generalCase[Material[113]:BIRCH_WOOD_STAIRS]" time="0"/>
  <testcase classname="org.bukkit.craftbukkit.inventory.FactoryItemMaterialTest" name="asMetaFor[Material[113]:BIRCH_WOOD_STAIRS]" time="0"/>
  <testcase classname="org.bukkit.craftbukkit.inventory.FactoryItemMaterialTest" name="itemStack[Material[113]:BIRCH_WOOD_STAIRS]" time="0.001"/>
  <testcase classname="org.bukkit.craftbukkit.inventory.FactoryItemMaterialTest" name="blankEqualities[Material[114]:JUNGLE_WOOD_STAIRS]" time="0"/>
  <testcase classname="org.bukkit.craftbukkit.inventory.FactoryItemMaterialTest" name="generalCase[Material[114]:JUNGLE_WOOD_STAIRS]" time="0"/>
  <testcase classname="org.bukkit.craftbukkit.inventory.FactoryItemMaterialTest" name="asMetaFor[Material[114]:JUNGLE_WOOD_STAIRS]" time="0"/>
  <testcase classname="org.bukkit.craftbukkit.inventory.FactoryItemMaterialTest" name="itemStack[Material[114]:JUNGLE_WOOD_STAIRS]" time="0"/>
  <testcase classname="org.bukkit.craftbukkit.inventory.FactoryItemMaterialTest" name="blankEqualities[Material[115]:COMMAND]" time="0"/>
  <testcase classname="org.bukkit.craftbukkit.inventory.FactoryItemMaterialTest" name="generalCase[Material[115]:COMMAND]" time="0"/>
  <testcase classname="org.bukkit.craftbukkit.inventory.FactoryItemMaterialTest" name="asMetaFor[Material[115]:COMMAND]" time="0"/>
  <testcase classname="org.bukkit.craftbukkit.inventory.FactoryItemMaterialTest" name="itemStack[Material[115]:COMMAND]" time="0"/>
  <testcase classname="org.bukkit.craftbukkit.inventory.FactoryItemMaterialTest" name="blankEqualities[Material[116]:BEACON]" time="0.001"/>
  <testcase classname="org.bukkit.craftbukkit.inventory.FactoryItemMaterialTest" name="generalCase[Material[116]:BEACON]" time="0"/>
  <testcase classname="org.bukkit.craftbukkit.inventory.FactoryItemMaterialTest" name="asMetaFor[Material[116]:BEACON]" time="0"/>
  <testcase classname="org.bukkit.craftbukkit.inventory.FactoryItemMaterialTest" name="itemStack[Material[116]:BEACON]" time="0"/>
  <testcase classname="org.bukkit.craftbukkit.inventory.FactoryItemMaterialTest" name="blankEqualities[Material[117]:COBBLE_WALL]" time="0"/>
  <testcase classname="org.bukkit.craftbukkit.inventory.FactoryItemMaterialTest" name="generalCase[Material[117]:COBBLE_WALL]" time="0"/>
  <testcase classname="org.bukkit.craftbukkit.inventory.FactoryItemMaterialTest" name="asMetaFor[Material[117]:COBBLE_WALL]" time="0"/>
  <testcase classname="org.bukkit.craftbukkit.inventory.FactoryItemMaterialTest" name="itemStack[Material[117]:COBBLE_WALL]" time="0"/>
  <testcase classname="org.bukkit.craftbukkit.inventory.FactoryItemMaterialTest" name="blankEqualities[Material[118]:CARROT]" time="0"/>
  <testcase classname="org.bukkit.craftbukkit.inventory.FactoryItemMaterialTest" name="generalCase[Material[118]:CARROT]" time="0"/>
  <testcase classname="org.bukkit.craftbukkit.inventory.FactoryItemMaterialTest" name="asMetaFor[Material[118]:CARROT]" time="0"/>
  <testcase classname="org.bukkit.craftbukkit.inventory.FactoryItemMaterialTest" name="itemStack[Material[118]:CARROT]" time="0"/>
  <testcase classname="org.bukkit.craftbukkit.inventory.FactoryItemMaterialTest" name="blankEqualities[Material[119]:POTATO]" time="0"/>
  <testcase classname="org.bukkit.craftbukkit.inventory.FactoryItemMaterialTest" name="generalCase[Material[119]:POTATO]" time="0"/>
  <testcase classname="org.bukkit.craftbukkit.inventory.FactoryItemMaterialTest" name="asMetaFor[Material[119]:POTATO]" time="0"/>
  <testcase classname="org.bukkit.craftbukkit.inventory.FactoryItemMaterialTest" name="itemStack[Material[119]:POTATO]" time="0"/>
  <testcase classname="org.bukkit.craftbukkit.inventory.FactoryItemMaterialTest" name="blankEqualities[Material[120]:WOOD_BUTTON]" time="0"/>
  <testcase classname="org.bukkit.craftbukkit.inventory.FactoryItemMaterialTest" name="generalCase[Material[120]:WOOD_BUTTON]" time="0"/>
  <testcase classname="org.bukkit.craftbukkit.inventory.FactoryItemMaterialTest" name="asMetaFor[Material[120]:WOOD_BUTTON]" time="0"/>
  <testcase classname="org.bukkit.craftbukkit.inventory.FactoryItemMaterialTest" name="itemStack[Material[120]:WOOD_BUTTON]" time="0"/>
  <testcase classname="org.bukkit.craftbukkit.inventory.FactoryItemMaterialTest" name="blankEqualities[Material[121]:ANVIL]" time="0"/>
  <testcase classname="org.bukkit.craftbukkit.inventory.FactoryItemMaterialTest" name="generalCase[Material[121]:ANVIL]" time="0"/>
  <testcase classname="org.bukkit.craftbukkit.inventory.FactoryItemMaterialTest" name="asMetaFor[Material[121]:ANVIL]" time="0"/>
  <testcase classname="org.bukkit.craftbukkit.inventory.FactoryItemMaterialTest" name="itemStack[Material[121]:ANVIL]" time="0"/>
  <testcase classname="org.bukkit.craftbukkit.inventory.FactoryItemMaterialTest" name="blankEqualities[Material[122]:TRAPPED_CHEST]" time="0.001"/>
  <testcase classname="org.bukkit.craftbukkit.inventory.FactoryItemMaterialTest" name="generalCase[Material[122]:TRAPPED_CHEST]" time="0"/>
  <testcase classname="org.bukkit.craftbukkit.inventory.FactoryItemMaterialTest" name="asMetaFor[Material[122]:TRAPPED_CHEST]" time="0"/>
  <testcase classname="org.bukkit.craftbukkit.inventory.FactoryItemMaterialTest" name="itemStack[Material[122]:TRAPPED_CHEST]" time="0"/>
  <testcase classname="org.bukkit.craftbukkit.inventory.FactoryItemMaterialTest" name="blankEqualities[Material[123]:GOLD_PLATE]" time="0"/>
  <testcase classname="org.bukkit.craftbukkit.inventory.FactoryItemMaterialTest" name="generalCase[Material[123]:GOLD_PLATE]" time="0"/>
  <testcase classname="org.bukkit.craftbukkit.inventory.FactoryItemMaterialTest" name="asMetaFor[Material[123]:GOLD_PLATE]" time="0"/>
  <testcase classname="org.bukkit.craftbukkit.inventory.FactoryItemMaterialTest" name="itemStack[Material[123]:GOLD_PLATE]" time="0"/>
  <testcase classname="org.bukkit.craftbukkit.inventory.FactoryItemMaterialTest" name="blankEqualities[Material[124]:IRON_PLATE]" time="0"/>
  <testcase classname="org.bukkit.craftbukkit.inventory.FactoryItemMaterialTest" name="generalCase[Material[124]:IRON_PLATE]" time="0"/>
  <testcase classname="org.bukkit.craftbukkit.inventory.FactoryItemMaterialTest" name="asMetaFor[Material[124]:IRON_PLATE]" time="0.001"/>
  <testcase classname="org.bukkit.craftbukkit.inventory.FactoryItemMaterialTest" name="itemStack[Material[124]:IRON_PLATE]" time="0"/>
  <testcase classname="org.bukkit.craftbukkit.inventory.FactoryItemMaterialTest" name="blankEqualities[Material[125]:DAYLIGHT_DETECTOR]" time="0"/>
  <testcase classname="org.bukkit.craftbukkit.inventory.FactoryItemMaterialTest" name="generalCase[Material[125]:DAYLIGHT_DETECTOR]" time="0"/>
  <testcase classname="org.bukkit.craftbukkit.inventory.FactoryItemMaterialTest" name="asMetaFor[Material[125]:DAYLIGHT_DETECTOR]" time="0"/>
  <testcase classname="org.bukkit.craftbukkit.inventory.FactoryItemMaterialTest" name="itemStack[Material[125]:DAYLIGHT_DETECTOR]" time="0"/>
  <testcase classname="org.bukkit.craftbukkit.inventory.FactoryItemMaterialTest" name="blankEqualities[Material[126]:REDSTONE_BLOCK]" time="0"/>
  <testcase classname="org.bukkit.craftbukkit.inventory.FactoryItemMaterialTest" name="generalCase[Material[126]:REDSTONE_BLOCK]" time="0.001"/>
  <testcase classname="org.bukkit.craftbukkit.inventory.FactoryItemMaterialTest" name="asMetaFor[Material[126]:REDSTONE_BLOCK]" time="0"/>
  <testcase classname="org.bukkit.craftbukkit.inventory.FactoryItemMaterialTest" name="itemStack[Material[126]:REDSTONE_BLOCK]" time="0"/>
  <testcase classname="org.bukkit.craftbukkit.inventory.FactoryItemMaterialTest" name="blankEqualities[Material[127]:QUARTZ_ORE]" time="0"/>
  <testcase classname="org.bukkit.craftbukkit.inventory.FactoryItemMaterialTest" name="generalCase[Material[127]:QUARTZ_ORE]" time="0"/>
  <testcase classname="org.bukkit.craftbukkit.inventory.FactoryItemMaterialTest" name="asMetaFor[Material[127]:QUARTZ_ORE]" time="0"/>
  <testcase classname="org.bukkit.craftbukkit.inventory.FactoryItemMaterialTest" name="itemStack[Material[127]:QUARTZ_ORE]" time="0.001"/>
  <testcase classname="org.bukkit.craftbukkit.inventory.FactoryItemMaterialTest" name="blankEqualities[Material[128]:HOPPER]" time="0"/>
  <testcase classname="org.bukkit.craftbukkit.inventory.FactoryItemMaterialTest" name="generalCase[Material[128]:HOPPER]" time="0"/>
  <testcase classname="org.bukkit.craftbukkit.inventory.FactoryItemMaterialTest" name="asMetaFor[Material[128]:HOPPER]" time="0"/>
  <testcase classname="org.bukkit.craftbukkit.inventory.FactoryItemMaterialTest" name="itemStack[Material[128]:HOPPER]" time="0"/>
  <testcase classname="org.bukkit.craftbukkit.inventory.FactoryItemMaterialTest" name="blankEqualities[Material[129]:QUARTZ_BLOCK]" time="0"/>
  <testcase classname="org.bukkit.craftbukkit.inventory.FactoryItemMaterialTest" name="generalCase[Material[129]:QUARTZ_BLOCK]" time="0"/>
  <testcase classname="org.bukkit.craftbukkit.inventory.FactoryItemMaterialTest" name="asMetaFor[Material[129]:QUARTZ_BLOCK]" time="0"/>
  <testcase classname="org.bukkit.craftbukkit.inventory.FactoryItemMaterialTest" name="itemStack[Material[129]:QUARTZ_BLOCK]" time="0"/>
  <testcase classname="org.bukkit.craftbukkit.inventory.FactoryItemMaterialTest" name="blankEqualities[Material[130]:QUARTZ_STAIRS]" time="0.001"/>
  <testcase classname="org.bukkit.craftbukkit.inventory.FactoryItemMaterialTest" name="generalCase[Material[130]:QUARTZ_STAIRS]" time="0"/>
  <testcase classname="org.bukkit.craftbukkit.inventory.FactoryItemMaterialTest" name="asMetaFor[Material[130]:QUARTZ_STAIRS]" time="0"/>
  <testcase classname="org.bukkit.craftbukkit.inventory.FactoryItemMaterialTest" name="itemStack[Material[130]:QUARTZ_STAIRS]" time="0"/>
  <testcase classname="org.bukkit.craftbukkit.inventory.FactoryItemMaterialTest" name="blankEqualities[Material[131]:ACTIVATOR_RAIL]" time="0"/>
  <testcase classname="org.bukkit.craftbukkit.inventory.FactoryItemMaterialTest" name="generalCase[Material[131]:ACTIVATOR_RAIL]" time="0"/>
  <testcase classname="org.bukkit.craftbukkit.inventory.FactoryItemMaterialTest" name="asMetaFor[Material[131]:ACTIVATOR_RAIL]" time="0"/>
  <testcase classname="org.bukkit.craftbukkit.inventory.FactoryItemMaterialTest" name="itemStack[Material[131]:ACTIVATOR_RAIL]" time="0"/>
  <testcase classname="org.bukkit.craftbukkit.inventory.FactoryItemMaterialTest" name="blankEqualities[Material[132]:DROPPER]" time="0.001"/>
  <testcase classname="org.bukkit.craftbukkit.inventory.FactoryItemMaterialTest" name="generalCase[Material[132]:DROPPER]" time="0"/>
  <testcase classname="org.bukkit.craftbukkit.inventory.FactoryItemMaterialTest" name="asMetaFor[Material[132]:DROPPER]" time="0"/>
  <testcase classname="org.bukkit.craftbukkit.inventory.FactoryItemMaterialTest" name="itemStack[Material[132]:DROPPER]" time="0"/>
  <testcase classname="org.bukkit.craftbukkit.inventory.FactoryItemMaterialTest" name="blankEqualities[Material[133]:STAINED_CLAY]" time="0"/>
  <testcase classname="org.bukkit.craftbukkit.inventory.FactoryItemMaterialTest" name="generalCase[Material[133]:STAINED_CLAY]" time="0"/>
  <testcase classname="org.bukkit.craftbukkit.inventory.FactoryItemMaterialTest" name="asMetaFor[Material[133]:STAINED_CLAY]" time="0"/>
  <testcase classname="org.bukkit.craftbukkit.inventory.FactoryItemMaterialTest" name="itemStack[Material[133]:STAINED_CLAY]" time="0"/>
  <testcase classname="org.bukkit.craftbukkit.inventory.FactoryItemMaterialTest" name="blankEqualities[Material[134]:STAINED_GLASS_PANE]" time="0"/>
  <testcase classname="org.bukkit.craftbukkit.inventory.FactoryItemMaterialTest" name="generalCase[Material[134]:STAINED_GLASS_PANE]" time="0"/>
  <testcase classname="org.bukkit.craftbukkit.inventory.FactoryItemMaterialTest" name="asMetaFor[Material[134]:STAINED_GLASS_PANE]" time="0"/>
  <testcase classname="org.bukkit.craftbukkit.inventory.FactoryItemMaterialTest" name="itemStack[Material[134]:STAINED_GLASS_PANE]" time="0"/>
  <testcase classname="org.bukkit.craftbukkit.inventory.FactoryItemMaterialTest" name="blankEqualities[Material[135]:LEAVES_2]" time="0"/>
  <testcase classname="org.bukkit.craftbukkit.inventory.FactoryItemMaterialTest" name="generalCase[Material[135]:LEAVES_2]" time="0"/>
  <testcase classname="org.bukkit.craftbukkit.inventory.FactoryItemMaterialTest" name="asMetaFor[Material[135]:LEAVES_2]" time="0.001"/>
  <testcase classname="org.bukkit.craftbukkit.inventory.FactoryItemMaterialTest" name="itemStack[Material[135]:LEAVES_2]" time="0"/>
  <testcase classname="org.bukkit.craftbukkit.inventory.FactoryItemMaterialTest" name="blankEqualities[Material[136]:LOG_2]" time="0"/>
  <testcase classname="org.bukkit.craftbukkit.inventory.FactoryItemMaterialTest" name="generalCase[Material[136]:LOG_2]" time="0"/>
  <testcase classname="org.bukkit.craftbukkit.inventory.FactoryItemMaterialTest" name="asMetaFor[Material[136]:LOG_2]" time="0"/>
  <testcase classname="org.bukkit.craftbukkit.inventory.FactoryItemMaterialTest" name="itemStack[Material[136]:LOG_2]" time="0"/>
  <testcase classname="org.bukkit.craftbukkit.inventory.FactoryItemMaterialTest" name="blankEqualities[Material[137]:ACACIA_STAIRS]" time="0"/>
  <testcase classname="org.bukkit.craftbukkit.inventory.FactoryItemMaterialTest" name="generalCase[Material[137]:ACACIA_STAIRS]" time="0"/>
  <testcase classname="org.bukkit.craftbukkit.inventory.FactoryItemMaterialTest" name="asMetaFor[Material[137]:ACACIA_STAIRS]" time="0"/>
  <testcase classname="org.bukkit.craftbukkit.inventory.FactoryItemMaterialTest" name="itemStack[Material[137]:ACACIA_STAIRS]" time="0"/>
  <testcase classname="org.bukkit.craftbukkit.inventory.FactoryItemMaterialTest" name="blankEqualities[Material[138]:DARK_OAK_STAIRS]" time="0"/>
  <testcase classname="org.bukkit.craftbukkit.inventory.FactoryItemMaterialTest" name="generalCase[Material[138]:DARK_OAK_STAIRS]" time="0"/>
  <testcase classname="org.bukkit.craftbukkit.inventory.FactoryItemMaterialTest" name="asMetaFor[Material[138]:DARK_OAK_STAIRS]" time="0"/>
  <testcase classname="org.bukkit.craftbukkit.inventory.FactoryItemMaterialTest" name="itemStack[Material[138]:DARK_OAK_STAIRS]" time="0"/>
  <testcase classname="org.bukkit.craftbukkit.inventory.FactoryItemMaterialTest" name="blankEqualities[Material[139]:HAY_BLOCK]" time="0.001"/>
  <testcase classname="org.bukkit.craftbukkit.inventory.FactoryItemMaterialTest" name="generalCase[Material[139]:HAY_BLOCK]" time="0"/>
  <testcase classname="org.bukkit.craftbukkit.inventory.FactoryItemMaterialTest" name="asMetaFor[Material[139]:HAY_BLOCK]" time="0"/>
  <testcase classname="org.bukkit.craftbukkit.inventory.FactoryItemMaterialTest" name="itemStack[Material[139]:HAY_BLOCK]" time="0"/>
  <testcase classname="org.bukkit.craftbukkit.inventory.FactoryItemMaterialTest" name="blankEqualities[Material[140]:CARPET]" time="0"/>
  <testcase classname="org.bukkit.craftbukkit.inventory.FactoryItemMaterialTest" name="generalCase[Material[140]:CARPET]" time="0"/>
  <testcase classname="org.bukkit.craftbukkit.inventory.FactoryItemMaterialTest" name="asMetaFor[Material[140]:CARPET]" time="0"/>
  <testcase classname="org.bukkit.craftbukkit.inventory.FactoryItemMaterialTest" name="itemStack[Material[140]:CARPET]" time="0"/>
  <testcase classname="org.bukkit.craftbukkit.inventory.FactoryItemMaterialTest" name="blankEqualities[Material[141]:HARD_CLAY]" time="0"/>
  <testcase classname="org.bukkit.craftbukkit.inventory.FactoryItemMaterialTest" name="generalCase[Material[141]:HARD_CLAY]" time="0"/>
  <testcase classname="org.bukkit.craftbukkit.inventory.FactoryItemMaterialTest" name="asMetaFor[Material[141]:HARD_CLAY]" time="0"/>
  <testcase classname="org.bukkit.craftbukkit.inventory.FactoryItemMaterialTest" name="itemStack[Material[141]:HARD_CLAY]" time="0"/>
  <testcase classname="org.bukkit.craftbukkit.inventory.FactoryItemMaterialTest" name="blankEqualities[Material[142]:COAL_BLOCK]" time="0"/>
  <testcase classname="org.bukkit.craftbukkit.inventory.FactoryItemMaterialTest" name="generalCase[Material[142]:COAL_BLOCK]" time="0"/>
  <testcase classname="org.bukkit.craftbukkit.inventory.FactoryItemMaterialTest" name="asMetaFor[Material[142]:COAL_BLOCK]" time="0"/>
  <testcase classname="org.bukkit.craftbukkit.inventory.FactoryItemMaterialTest" name="itemStack[Material[142]:COAL_BLOCK]" time="0"/>
  <testcase classname="org.bukkit.craftbukkit.inventory.FactoryItemMaterialTest" name="blankEqualities[Material[143]:PACKED_ICE]" time="0"/>
  <testcase classname="org.bukkit.craftbukkit.inventory.FactoryItemMaterialTest" name="generalCase[Material[143]:PACKED_ICE]" time="0"/>
  <testcase classname="org.bukkit.craftbukkit.inventory.FactoryItemMaterialTest" name="asMetaFor[Material[143]:PACKED_ICE]" time="0"/>
  <testcase classname="org.bukkit.craftbukkit.inventory.FactoryItemMaterialTest" name="itemStack[Material[143]:PACKED_ICE]" time="0"/>
  <testcase classname="org.bukkit.craftbukkit.inventory.FactoryItemMaterialTest" name="blankEqualities[Material[144]:DOUBLE_PLANT]" time="0"/>
  <testcase classname="org.bukkit.craftbukkit.inventory.FactoryItemMaterialTest" name="generalCase[Material[144]:DOUBLE_PLANT]" time="0"/>
  <testcase classname="org.bukkit.craftbukkit.inventory.FactoryItemMaterialTest" name="asMetaFor[Material[144]:DOUBLE_PLANT]" time="0"/>
  <testcase classname="org.bukkit.craftbukkit.inventory.FactoryItemMaterialTest" name="itemStack[Material[144]:DOUBLE_PLANT]" time="0"/>
  <testcase classname="org.bukkit.craftbukkit.inventory.FactoryItemMaterialTest" name="blankEqualities[Material[145]:IRON_SPADE]" time="0"/>
  <testcase classname="org.bukkit.craftbukkit.inventory.FactoryItemMaterialTest" name="generalCase[Material[145]:IRON_SPADE]" time="0"/>
  <testcase classname="org.bukkit.craftbukkit.inventory.FactoryItemMaterialTest" name="asMetaFor[Material[145]:IRON_SPADE]" time="0"/>
  <testcase classname="org.bukkit.craftbukkit.inventory.FactoryItemMaterialTest" name="itemStack[Material[145]:IRON_SPADE]" time="0"/>
[...]
  <testcase classname="org.bukkit.craftbukkit.inventory.FactoryItemMaterialTest" name="blankEqualities[Material[280]:CARROT_ITEM]" time="0"/>
  <testcase classname="org.bukkit.craftbukkit.inventory.FactoryItemMaterialTest" name="generalCase[Material[280]:CARROT_ITEM]" time="0"/>
  <testcase classname="org.bukkit.craftbukkit.inventory.FactoryItemMaterialTest" name="asMetaFor[Material[280]:CARROT_ITEM]" time="0"/>
  <testcase classname="org.bukkit.craftbukkit.inventory.FactoryItemMaterialTest" name="itemStack[Material[280]:CARROT_ITEM]" time="0"/>
  <testcase classname="org.bukkit.craftbukkit.inventory.FactoryItemMaterialTest" name="blankEqualities[Material[281]:POTATO_ITEM]" time="0"/>
  <testcase classname="org.bukkit.craftbukkit.inventory.FactoryItemMaterialTest" name="generalCase[Material[281]:POTATO_ITEM]" time="0"/>
  <testcase classname="org.bukkit.craftbukkit.inventory.FactoryItemMaterialTest" name="asMetaFor[Material[281]:POTATO_ITEM]" time="0"/>
  <testcase classname="org.bukkit.craftbukkit.inventory.FactoryItemMaterialTest" name="itemStack[Material[281]:POTATO_ITEM]" time="0"/>
  <testcase classname="org.bukkit.craftbukkit.inventory.FactoryItemMaterialTest" name="blankEqualities[Material[282]:BAKED_POTATO]" time="0.001"/>
  <testcase classname="org.bukkit.craftbukkit.inventory.FactoryItemMaterialTest" name="generalCase[Material[282]:BAKED_POTATO]" time="0"/>
  <testcase classname="org.bukkit.craftbukkit.inventory.FactoryItemMaterialTest" name="asMetaFor[Material[282]:BAKED_POTATO]" time="0"/>
  <testcase classname="org.bukkit.craftbukkit.inventory.FactoryItemMaterialTest" name="itemStack[Material[282]:BAKED_POTATO]" time="0"/>
  <testcase classname="org.bukkit.craftbukkit.inventory.FactoryItemMaterialTest" name="blankEqualities[Material[283]:POISONOUS_POTATO]" time="0"/>
  <testcase classname="org.bukkit.craftbukkit.inventory.FactoryItemMaterialTest" name="generalCase[Material[283]:POISONOUS_POTATO]" time="0"/>
  <testcase classname="org.bukkit.craftbukkit.inventory.FactoryItemMaterialTest" name="asMetaFor[Material[283]:POISONOUS_POTATO]" time="0"/>
  <testcase classname="org.bukkit.craftbukkit.inventory.FactoryItemMaterialTest" name="itemStack[Material[283]:POISONOUS_POTATO]" time="0"/>
  <testcase classname="org.bukkit.craftbukkit.inventory.FactoryItemMaterialTest" name="blankEqualities[Material[284]:EMPTY_MAP]" time="0"/>
  <testcase classname="org.bukkit.craftbukkit.inventory.FactoryItemMaterialTest" name="generalCase[Material[284]:EMPTY_MAP]" time="0"/>
  <testcase classname="org.bukkit.craftbukkit.inventory.FactoryItemMaterialTest" name="asMetaFor[Material[284]:EMPTY_MAP]" time="0"/>
  <testcase classname="org.bukkit.craftbukkit.inventory.FactoryItemMaterialTest" name="itemStack[Material[284]:EMPTY_MAP]" time="0"/>
  <testcase classname="org.bukkit.craftbukkit.inventory.FactoryItemMaterialTest" name="blankEqualities[Material[285]:GOLDEN_CARROT]" time="0"/>
  <testcase classname="org.bukkit.craftbukkit.inventory.FactoryItemMaterialTest" name="generalCase[Material[285]:GOLDEN_CARROT]" time="0"/>
  <testcase classname="org.bukkit.craftbukkit.inventory.FactoryItemMaterialTest" name="asMetaFor[Material[285]:GOLDEN_CARROT]" time="0"/>
  <testcase classname="org.bukkit.craftbukkit.inventory.FactoryItemMaterialTest" name="itemStack[Material[285]:GOLDEN_CARROT]" time="0"/>
  <testcase classname="org.bukkit.craftbukkit.inventory.FactoryItemMaterialTest" name="blankEqualities[Material[286]:SKULL_ITEM]" time="0"/>
  <testcase classname="org.bukkit.craftbukkit.inventory.FactoryItemMaterialTest" name="generalCase[Material[286]:SKULL_ITEM]" time="0"/>
  <testcase classname="org.bukkit.craftbukkit.inventory.FactoryItemMaterialTest" name="asMetaFor[Material[286]:SKULL_ITEM]" time="0"/>
  <testcase classname="org.bukkit.craftbukkit.inventory.FactoryItemMaterialTest" name="itemStack[Material[286]:SKULL_ITEM]" time="0.001"/>
  <testcase classname="org.bukkit.craftbukkit.inventory.FactoryItemMaterialTest" name="blankEqualities[Material[287]:CARROT_STICK]" time="0"/>
  <testcase classname="org.bukkit.craftbukkit.inventory.FactoryItemMaterialTest" name="generalCase[Material[287]:CARROT_STICK]" time="0"/>
  <testcase classname="org.bukkit.craftbukkit.inventory.FactoryItemMaterialTest" name="asMetaFor[Material[287]:CARROT_STICK]" time="0"/>
  <testcase classname="org.bukkit.craftbukkit.inventory.FactoryItemMaterialTest" name="itemStack[Material[287]:CARROT_STICK]" time="0"/>
  <testcase classname="org.bukkit.craftbukkit.inventory.FactoryItemMaterialTest" name="blankEqualities[Material[288]:NETHER_STAR]" time="0"/>
  <testcase classname="org.bukkit.craftbukkit.inventory.FactoryItemMaterialTest" name="generalCase[Material[288]:NETHER_STAR]" time="0"/>
  <testcase classname="org.bukkit.craftbukkit.inventory.FactoryItemMaterialTest" name="asMetaFor[Material[288]:NETHER_STAR]" time="0"/>
  <testcase classname="org.bukkit.craftbukkit.inventory.FactoryItemMaterialTest" name="itemStack[Material[288]:NETHER_STAR]" time="0"/>
  <testcase classname="org.bukkit.craftbukkit.inventory.FactoryItemMaterialTest" name="blankEqualities[Material[289]:PUMPKIN_PIE]" time="0"/>
  <testcase classname="org.bukkit.craftbukkit.inventory.FactoryItemMaterialTest" name="generalCase[Material[289]:PUMPKIN_PIE]" time="0"/>
  <testcase classname="org.bukkit.craftbukkit.inventory.FactoryItemMaterialTest" name="asMetaFor[Material[289]:PUMPKIN_PIE]" time="0"/>
  <testcase classname="org.bukkit.craftbukkit.inventory.FactoryItemMaterialTest" name="itemStack[Material[289]:PUMPKIN_PIE]" time="0"/>
  <testcase classname="org.bukkit.craftbukkit.inventory.FactoryItemMaterialTest" name="blankEqualities[Material[290]:FIREWORK]" time="0"/>
  <testcase classname="org.bukkit.craftbukkit.inventory.FactoryItemMaterialTest" name="generalCase[Material[290]:FIREWORK]" time="0.001"/>
  <testcase classname="org.bukkit.craftbukkit.inventory.FactoryItemMaterialTest" name="asMetaFor[Material[290]:FIREWORK]" time="0"/>
  <testcase classname="org.bukkit.craftbukkit.inventory.FactoryItemMaterialTest" name="itemStack[Material[290]:FIREWORK]" time="0"/>
  <testcase classname="org.bukkit.craftbukkit.inventory.FactoryItemMaterialTest" name="blankEqualities[Material[291]:FIREWORK_CHARGE]" time="0"/>
  <testcase classname="org.bukkit.craftbukkit.inventory.FactoryItemMaterialTest" name="generalCase[Material[291]:FIREWORK_CHARGE]" time="0"/>
  <testcase classname="org.bukkit.craftbukkit.inventory.FactoryItemMaterialTest" name="asMetaFor[Material[291]:FIREWORK_CHARGE]" time="0"/>
  <testcase classname="org.bukkit.craftbukkit.inventory.FactoryItemMaterialTest" name="itemStack[Material[291]:FIREWORK_CHARGE]" time="0"/>
  <testcase classname="org.bukkit.craftbukkit.inventory.FactoryItemMaterialTest" name="blankEqualities[Material[292]:ENCHANTED_BOOK]" time="0.001"/>
  <testcase classname="org.bukkit.craftbukkit.inventory.FactoryItemMaterialTest" name="generalCase[Material[292]:ENCHANTED_BOOK]" time="0"/>
  <testcase classname="org.bukkit.craftbukkit.inventory.FactoryItemMaterialTest" name="asMetaFor[Material[292]:ENCHANTED_BOOK]" time="0"/>
  <testcase classname="org.bukkit.craftbukkit.inventory.FactoryItemMaterialTest" name="itemStack[Material[292]:ENCHANTED_BOOK]" time="0"/>
  <testcase classname="org.bukkit.craftbukkit.inventory.FactoryItemMaterialTest" name="blankEqualities[Material[293]:REDSTONE_COMPARATOR]" time="0"/>
  <testcase classname="org.bukkit.craftbukkit.inventory.FactoryItemMaterialTest" name="generalCase[Material[293]:REDSTONE_COMPARATOR]" time="0"/>
  <testcase classname="org.bukkit.craftbukkit.inventory.FactoryItemMaterialTest" name="asMetaFor[Material[293]:REDSTONE_COMPARATOR]" time="0"/>
  <testcase classname="org.bukkit.craftbukkit.inventory.FactoryItemMaterialTest" name="itemStack[Material[293]:REDSTONE_COMPARATOR]" time="0"/>
  <testcase classname="org.bukkit.craftbukkit.inventory.FactoryItemMaterialTest" name="blankEqualities[Material[294]:NETHER_BRICK_ITEM]" time="0"/>
  <testcase classname="org.bukkit.craftbukkit.inventory.FactoryItemMaterialTest" name="generalCase[Material[294]:NETHER_BRICK_ITEM]" time="0"/>
  <testcase classname="org.bukkit.craftbukkit.inventory.FactoryItemMaterialTest" name="asMetaFor[Material[294]:NETHER_BRICK_ITEM]" time="0"/>
  <testcase classname="org.bukkit.craftbukkit.inventory.FactoryItemMaterialTest" name="itemStack[Material[294]:NETHER_BRICK_ITEM]" time="0"/>
  <testcase classname="org.bukkit.craftbukkit.inventory.FactoryItemMaterialTest" name="blankEqualities[Material[295]:QUARTZ]" time="0"/>
  <testcase classname="org.bukkit.craftbukkit.inventory.FactoryItemMaterialTest" name="generalCase[Material[295]:QUARTZ]" time="0"/>
  <testcase classname="org.bukkit.craftbukkit.inventory.FactoryItemMaterialTest" name="asMetaFor[Material[295]:QUARTZ]" time="0"/>
  <testcase classname="org.bukkit.craftbukkit.inventory.FactoryItemMaterialTest" name="itemStack[Material[295]:QUARTZ]" time="0"/>
  <testcase classname="org.bukkit.craftbukkit.inventory.FactoryItemMaterialTest" name="blankEqualities[Material[296]:EXPLOSIVE_MINECART]" time="0"/>
  <testcase classname="org.bukkit.craftbukkit.inventory.FactoryItemMaterialTest" name="generalCase[Material[296]:EXPLOSIVE_MINECART]" time="0"/>
  <testcase classname="org.bukkit.craftbukkit.inventory.FactoryItemMaterialTest" name="asMetaFor[Material[296]:EXPLOSIVE_MINECART]" time="0"/>
  <testcase classname="org.bukkit.craftbukkit.inventory.FactoryItemMaterialTest" name="itemStack[Material[296]:EXPLOSIVE_MINECART]" time="0"/>
  <testcase classname="org.bukkit.craftbukkit.inventory.FactoryItemMaterialTest" name="blankEqualities[Material[297]:HOPPER_MINECART]" time="0"/>
  <testcase classname="org.bukkit.craftbukkit.inventory.FactoryItemMaterialTest" name="generalCase[Material[297]:HOPPER_MINECART]" time="0"/>
  <testcase classname="org.bukkit.craftbukkit.inventory.FactoryItemMaterialTest" name="asMetaFor[Material[297]:HOPPER_MINECART]" time="0"/>
  <testcase classname="org.bukkit.craftbukkit.inventory.FactoryItemMaterialTest" name="itemStack[Material[297]:HOPPER_MINECART]" time="0"/>
  <testcase classname="org.bukkit.craftbukkit.inventory.FactoryItemMaterialTest" name="blankEqualities[Material[298]:IRON_BARDING]" time="0"/>
  <testcase classname="org.bukkit.craftbukkit.inventory.FactoryItemMaterialTest" name="generalCase[Material[298]:IRON_BARDING]" time="0"/>
  <testcase classname="org.bukkit.craftbukkit.inventory.FactoryItemMaterialTest" name="asMetaFor[Material[298]:IRON_BARDING]" time="0"/>
  <testcase classname="org.bukkit.craftbukkit.inventory.FactoryItemMaterialTest" name="itemStack[Material[298]:IRON_BARDING]" time="0"/>
  <testcase classname="org.bukkit.craftbukkit.inventory.FactoryItemMaterialTest" name="blankEqualities[Material[299]:GOLD_BARDING]" time="0"/>
  <testcase classname="org.bukkit.craftbukkit.inventory.FactoryItemMaterialTest" name="generalCase[Material[299]:GOLD_BARDING]" time="0"/>
  <testcase classname="org.bukkit.craftbukkit.inventory.FactoryItemMaterialTest" name="asMetaFor[Material[299]:GOLD_BARDING]" time="0"/>
  <testcase classname="org.bukkit.craftbukkit.inventory.FactoryItemMaterialTest" name="itemStack[Material[299]:GOLD_BARDING]" time="0"/>
  <testcase classname="org.bukkit.craftbukkit.inventory.FactoryItemMaterialTest" name="blankEqualities[Material[300]:DIAMOND_BARDING]" time="0.001"/>
  <testcase classname="org.bukkit.craftbukkit.inventory.FactoryItemMaterialTest" name="generalCase[Material[300]:DIAMOND_BARDING]" time="0"/>
  <testcase classname="org.bukkit.craftbukkit.inventory.FactoryItemMaterialTest" name="asMetaFor[Material[300]:DIAMOND_BARDING]" time="0"/>
  <testcase classname="org.bukkit.craftbukkit.inventory.FactoryItemMaterialTest" name="itemStack[Material[300]:DIAMOND_BARDING]" time="0"/>
  <testcase classname="org.bukkit.craftbukkit.inventory.FactoryItemMaterialTest" name="blankEqualities[Material[301]:LEASH]" time="0"/>
  <testcase classname="org.bukkit.craftbukkit.inventory.FactoryItemMaterialTest" name="generalCase[Material[301]:LEASH]" time="0"/>
  <testcase classname="org.bukkit.craftbukkit.inventory.FactoryItemMaterialTest" name="asMetaFor[Material[301]:LEASH]" time="0"/>
  <testcase classname="org.bukkit.craftbukkit.inventory.FactoryItemMaterialTest" name="itemStack[Material[301]:LEASH]" time="0"/>
  <testcase classname="org.bukkit.craftbukkit.inventory.FactoryItemMaterialTest" name="blankEqualities[Material[302]:NAME_TAG]" time="0"/>
  <testcase classname="org.bukkit.craftbukkit.inventory.FactoryItemMaterialTest" name="generalCase[Material[302]:NAME_TAG]" time="0"/>
  <testcase classname="org.bukkit.craftbukkit.inventory.FactoryItemMaterialTest" name="asMetaFor[Material[302]:NAME_TAG]" time="0"/>
  <testcase classname="org.bukkit.craftbukkit.inventory.FactoryItemMaterialTest" name="itemStack[Material[302]:NAME_TAG]" time="0"/>
  <testcase classname="org.bukkit.craftbukkit.inventory.FactoryItemMaterialTest" name="blankEqualities[Material[303]:COMMAND_MINECART]" time="0"/>
  <testcase classname="org.bukkit.craftbukkit.inventory.FactoryItemMaterialTest" name="generalCase[Material[303]:COMMAND_MINECART]" time="0"/>
  <testcase classname="org.bukkit.craftbukkit.inventory.FactoryItemMaterialTest" name="asMetaFor[Material[303]:COMMAND_MINECART]" time="0"/>
  <testcase classname="org.bukkit.craftbukkit.inventory.FactoryItemMaterialTest" name="itemStack[Material[303]:COMMAND_MINECART]" time="0"/>
  <testcase classname="org.bukkit.craftbukkit.inventory.FactoryItemMaterialTest" name="blankEqualities[Material[304]:GOLD_RECORD]" time="0"/>
  <testcase classname="org.bukkit.craftbukkit.inventory.FactoryItemMaterialTest" name="generalCase[Material[304]:GOLD_RECORD]" time="0"/>
  <testcase classname="org.bukkit.craftbukkit.inventory.FactoryItemMaterialTest" name="asMetaFor[Material[304]:GOLD_RECORD]" time="0"/>
  <testcase classname="org.bukkit.craftbukkit.inventory.FactoryItemMaterialTest" name="itemStack[Material[304]:GOLD_RECORD]" time="0"/>
  <testcase classname="org.bukkit.craftbukkit.inventory.FactoryItemMaterialTest" name="blankEqualities[Material[305]:GREEN_RECORD]" time="0"/>
  <testcase classname="org.bukkit.craftbukkit.inventory.FactoryItemMaterialTest" name="generalCase[Material[305]:GREEN_RECORD]" time="0"/>
  <testcase classname="org.bukkit.craftbukkit.inventory.FactoryItemMaterialTest" name="asMetaFor[Material[305]:GREEN_RECORD]" time="0.001"/>
  <testcase classname="org.bukkit.craftbukkit.inventory.FactoryItemMaterialTest" name="itemStack[Material[305]:GREEN_RECORD]" time="0"/>
  <testcase classname="org.bukkit.craftbukkit.inventory.FactoryItemMaterialTest" name="blankEqualities[Material[306]:RECORD_3]" time="0"/>
  <testcase classname="org.bukkit.craftbukkit.inventory.FactoryItemMaterialTest" name="generalCase[Material[306]:RECORD_3]" time="0"/>
  <testcase classname="org.bukkit.craftbukkit.inventory.FactoryItemMaterialTest" name="asMetaFor[Material[306]:RECORD_3]" time="0"/>
  <testcase classname="org.bukkit.craftbukkit.inventory.FactoryItemMaterialTest" name="itemStack[Material[306]:RECORD_3]" time="0"/>
  <testcase classname="org.bukkit.craftbukkit.inventory.FactoryItemMaterialTest" name="blankEqualities[Material[307]:RECORD_4]" time="0"/>
  <testcase classname="org.bukkit.craftbukkit.inventory.FactoryItemMaterialTest" name="generalCase[Material[307]:RECORD_4]" time="0"/>
  <testcase classname="org.bukkit.craftbukkit.inventory.FactoryItemMaterialTest" name="asMetaFor[Material[307]:RECORD_4]" time="0"/>
  <testcase classname="org.bukkit.craftbukkit.inventory.FactoryItemMaterialTest" name="itemStack[Material[307]:RECORD_4]" time="0"/>
  <testcase classname="org.bukkit.craftbukkit.inventory.FactoryItemMaterialTest" name="blankEqualities[Material[308]:RECORD_5]" time="0"/>
  <testcase classname="org.bukkit.craftbukkit.inventory.FactoryItemMaterialTest" name="generalCase[Material[308]:RECORD_5]" time="0"/>
  <testcase classname="org.bukkit.craftbukkit.inventory.FactoryItemMaterialTest" name="asMetaFor[Material[308]:RECORD_5]" time="0.001"/>
  <testcase classname="org.bukkit.craftbukkit.inventory.FactoryItemMaterialTest" name="itemStack[Material[308]:RECORD_5]" time="0"/>
  <testcase classname="org.bukkit.craftbukkit.inventory.FactoryItemMaterialTest" name="blankEqualities[Material[309]:RECORD_6]" time="0"/>
  <testcase classname="org.bukkit.craftbukkit.inventory.FactoryItemMaterialTest" name="generalCase[Material[309]:RECORD_6]" time="0"/>
  <testcase classname="org.bukkit.craftbukkit.inventory.FactoryItemMaterialTest" name="asMetaFor[Material[309]:RECORD_6]" time="0"/>
  <testcase classname="org.bukkit.craftbukkit.inventory.FactoryItemMaterialTest" name="itemStack[Material[309]:RECORD_6]" time="0"/>
  <testcase classname="org.bukkit.craftbukkit.inventory.FactoryItemMaterialTest" name="blankEqualities[Material[310]:RECORD_7]" time="0"/>
  <testcase classname="org.bukkit.craftbukkit.inventory.FactoryItemMaterialTest" name="generalCase[Material[310]:RECORD_7]" time="0"/>
  <testcase classname="org.bukkit.craftbukkit.inventory.FactoryItemMaterialTest" name="asMetaFor[Material[310]:RECORD_7]" time="0"/>
  <testcase classname="org.bukkit.craftbukkit.inventory.FactoryItemMaterialTest" name="itemStack[Material[310]:RECORD_7]" time="0"/>
  <testcase classname="org.bukkit.craftbukkit.inventory.FactoryItemMaterialTest" name="blankEqualities[Material[311]:RECORD_8]" time="0.001"/>
  <testcase classname="org.bukkit.craftbukkit.inventory.FactoryItemMaterialTest" name="generalCase[Material[311]:RECORD_8]" time="0"/>
  <testcase classname="org.bukkit.craftbukkit.inventory.FactoryItemMaterialTest" name="asMetaFor[Material[311]:RECORD_8]" time="0"/>
  <testcase classname="org.bukkit.craftbukkit.inventory.FactoryItemMaterialTest" name="itemStack[Material[311]:RECORD_8]" time="0"/>
  <testcase classname="org.bukkit.craftbukkit.inventory.FactoryItemMaterialTest" name="blankEqualities[Material[312]:RECORD_9]" time="0"/>
  <testcase classname="org.bukkit.craftbukkit.inventory.FactoryItemMaterialTest" name="generalCase[Material[312]:RECORD_9]" time="0"/>
  <testcase classname="org.bukkit.craftbukkit.inventory.FactoryItemMaterialTest" name="asMetaFor[Material[312]:RECORD_9]" time="0"/>
  <testcase classname="org.bukkit.craftbukkit.inventory.FactoryItemMaterialTest" name="itemStack[Material[312]:RECORD_9]" time="0"/>
  <testcase classname="org.bukkit.craftbukkit.inventory.FactoryItemMaterialTest" name="blankEqualities[Material[313]:RECORD_10]" time="0"/>
  <testcase classname="org.bukkit.craftbukkit.inventory.FactoryItemMaterialTest" name="generalCase[Material[313]:RECORD_10]" time="0"/>
  <testcase classname="org.bukkit.craftbukkit.inventory.FactoryItemMaterialTest" name="asMetaFor[Material[313]:RECORD_10]" time="0"/>
  <testcase classname="org.bukkit.craftbukkit.inventory.FactoryItemMaterialTest" name="itemStack[Material[313]:RECORD_10]" time="0"/>
  <testcase classname="org.bukkit.craftbukkit.inventory.FactoryItemMaterialTest" name="blankEqualities[Material[314]:RECORD_11]" time="0.001"/>
  <testcase classname="org.bukkit.craftbukkit.inventory.FactoryItemMaterialTest" name="generalCase[Material[314]:RECORD_11]" time="0"/>
  <testcase classname="org.bukkit.craftbukkit.inventory.FactoryItemMaterialTest" name="asMetaFor[Material[314]:RECORD_11]" time="0"/>
  <testcase classname="org.bukkit.craftbukkit.inventory.FactoryItemMaterialTest" name="itemStack[Material[314]:RECORD_11]" time="0"/>
  <testcase classname="org.bukkit.craftbukkit.inventory.FactoryItemMaterialTest" name="blankEqualities[Material[315]:RECORD_12]" time="0"/>
  <testcase classname="org.bukkit.craftbukkit.inventory.FactoryItemMaterialTest" name="generalCase[Material[315]:RECORD_12]" time="0"/>
  <testcase classname="org.bukkit.craftbukkit.inventory.FactoryItemMaterialTest" name="asMetaFor[Material[315]:RECORD_12]" time="0"/>
  <testcase classname="org.bukkit.craftbukkit.inventory.FactoryItemMaterialTest" name="itemStack[Material[315]:RECORD_12]" time="0"/>
</testsuite>